<?xml version="1.0" encoding="UTF-8"?>
<!-- Generated by org.testng.reporters.JUnitXMLReporter -->
<testsuite hostname="VARSHA" ignored="2" name="Default test(failed)" tests="0" failures="0" timestamp="06 Apr 2022 05:49:22 GMT" time="0.173" errors="0">
  <testcase name="@BeforeMethod setup" time="0.0" classname="com.sfdc.testCases.BaseClass">
    <failure type="org.testng.TestNGException" message="
Parameter &amp;apos;browser&amp;apos; is required by BeforeMethod on method setup but has not been marked @Optional or defined
in C:\Users\varsh\Documents\JavaTraining\Com.PageObjectModel.SFDC\test-output\testng-failed.xml">
      <![CDATA[org.testng.TestNGException: 
Parameter 'browser' is required by BeforeMethod on method setup but has not been marked @Optional or defined
in C:\Users\varsh\Documents\JavaTraining\Com.PageObjectModel.SFDC\test-output\testng-failed.xml
... Removed 25 stack frames]]>
    </failure>
  </testcase> <!-- @BeforeMethod setup -->
  <testcase name="@AfterClass closeDriver" time="0.0" classname="com.sfdc.testCases.BaseClass">
    <skipped/>
  </testcase> <!-- @AfterClass closeDriver -->
  <testcase name="userTest01" time="0.0" classname="com.sfdc.testCases.TC_UserMenuTest_002">
    <ignored/>
  </testcase> <!-- userTest01 -->
  <testcase name="userTest02" time="0.0" classname="com.sfdc.testCases.TC_UserMenuTest_002">
    <ignored/>
  </testcase> <!-- userTest02 -->
</testsuite> <!-- Default test(failed) -->
