<?xml version="1.0" encoding="UTF-8"?>
<!-- Generated by org.testng.reporters.JUnitXMLReporter -->
<testsuite hostname="VARSHA" ignored="0" name="sfdc with edge" tests="9" failures="0" timestamp="17 Jun 2022 22:45:41 GMT" time="5.866" errors="0">
  <testcase name="@BeforeMethod setup" time="2.442" classname="com.sfdc.testCases.BaseClass">
    <failure type="org.openqa.selenium.SessionNotCreatedException" message="session not created: This version of MSEdgeDriver only supports MSEdge version 100
Current browser version is 102.0.1245.33 with binary path C:\Program Files (x86)\Microsoft\Edge\Application\msedge.exe
Build info: version: &amp;apos;3.141.59&amp;apos;, revision: &amp;apos;e82be7d358&amp;apos;, time: &amp;apos;2018-11-14T08:17:03&amp;apos;
System info: host: &amp;apos;VARSHA&amp;apos;, ip: &amp;apos;192.168.1.30&amp;apos;, os.name: &amp;apos;Windows 10&amp;apos;, os.arch: &amp;apos;amd64&amp;apos;, os.version: &amp;apos;10.0&amp;apos;, java.version: &amp;apos;1.8.0_261&amp;apos;
Driver info: driver.version: EdgeDriver
remote stacktrace: Backtrace:
	Microsoft::Applications::Events::EventProperties::unpack [0x00007FF6D9E392F2+24834]
	Microsoft::Applications::Events::time_ticks_t::time_ticks_t [0x00007FF6D9D76752+523442]
	Ordinal0 [0x00007FF6D98713B5+660405]
	Ordinal0 [0x00007FF6D989C435+836661]
	Ordinal0 [0x00007FF6D989790C+817420]
	Ordinal0 [0x00007FF6D98934B0+799920]
	Ordinal0 [0x00007FF6D98CD49D+1037469]
	Ordinal0 [0x00007FF6D98C7BB3+1014707]
	Ordinal0 [0x00007FF6D989EAE0+846560]
	Ordinal0 [0x00007FF6D989FED8+851672]
	Microsoft::Applications::Events::EventProperty::to_string [0x00007FF6D9A3A6E8+846504]
	Microsoft::Applications::Events::EventProperty::EventProperty [0x00007FF6D9B2ACA1+36529]
	Microsoft::Applications::Events::EventProperty::EventProperty [0x00007FF6D9B2DFC2+49618]
	Microsoft::Applications::Events::EventProperty::to_string [0x00007FF6D9973566+31014]
	Microsoft::Applications::Events::time_ticks_t::time_ticks_t [0x00007FF6D9D7D6D1+551985]
	Microsoft::Applications::Events::time_ticks_t::time_ticks_t [0x00007FF6D9D821E4+571204]
	Microsoft::Applications::Events::time_ticks_t::time_ticks_t [0x00007FF6D9D8233D+571549]
	Microsoft::Applications::Events::time_ticks_t::time_ticks_t [0x00007FF6D9D8B46E+608718]
	BaseThreadInitThunk [0x00007FFC5E1354E0+16]
	RtlUserThreadStart [0x00007FFC5FA8485B+43]
">
      <![CDATA[org.openqa.selenium.SessionNotCreatedException: session not created: This version of MSEdgeDriver only supports MSEdge version 100
Current browser version is 102.0.1245.33 with binary path C:\Program Files (x86)\Microsoft\Edge\Application\msedge.exe
Build info: version: '3.141.59', revision: 'e82be7d358', time: '2018-11-14T08:17:03'
System info: host: 'VARSHA', ip: '192.168.1.30', os.name: 'Windows 10', os.arch: 'amd64', os.version: '10.0', java.version: '1.8.0_261'
Driver info: driver.version: EdgeDriver
remote stacktrace: Backtrace:
Microsoft::Applications::Events::EventProperties::unpack [0x00007FF6D9E392F2+24834]
Microsoft::Applications::Events::time_ticks_t::time_ticks_t [0x00007FF6D9D76752+523442]
Ordinal0 [0x00007FF6D98713B5+660405]
Ordinal0 [0x00007FF6D989C435+836661]
Ordinal0 [0x00007FF6D989790C+817420]
Ordinal0 [0x00007FF6D98934B0+799920]
Ordinal0 [0x00007FF6D98CD49D+1037469]
Ordinal0 [0x00007FF6D98C7BB3+1014707]
Ordinal0 [0x00007FF6D989EAE0+846560]
Ordinal0 [0x00007FF6D989FED8+851672]
Microsoft::Applications::Events::EventProperty::to_string [0x00007FF6D9A3A6E8+846504]
Microsoft::Applications::Events::EventProperty::EventProperty [0x00007FF6D9B2ACA1+36529]
Microsoft::Applications::Events::EventProperty::EventProperty [0x00007FF6D9B2DFC2+49618]
Microsoft::Applications::Events::EventProperty::to_string [0x00007FF6D9973566+31014]
Microsoft::Applications::Events::time_ticks_t::time_ticks_t [0x00007FF6D9D7D6D1+551985]
Microsoft::Applications::Events::time_ticks_t::time_ticks_t [0x00007FF6D9D821E4+571204]
Microsoft::Applications::Events::time_ticks_t::time_ticks_t [0x00007FF6D9D8233D+571549]
Microsoft::Applications::Events::time_ticks_t::time_ticks_t [0x00007FF6D9D8B46E+608718]
BaseThreadInitThunk [0x00007FFC5E1354E0+16]
RtlUserThreadStart [0x00007FFC5FA8485B+43]

at org.openqa.selenium.remote.W3CHandshakeResponse.lambda$errorHandler$0(W3CHandshakeResponse.java:62)
at org.openqa.selenium.remote.HandshakeResponse.lambda$getResponseFunction$0(HandshakeResponse.java:30)
at org.openqa.selenium.remote.ProtocolHandshake.lambda$createSession$0(ProtocolHandshake.java:126)
at java.util.stream.ReferencePipeline$3$1.accept(ReferencePipeline.java:193)
at java.util.Spliterators$ArraySpliterator.tryAdvance(Spliterators.java:958)
at java.util.stream.ReferencePipeline.forEachWithCancel(ReferencePipeline.java:126)
at java.util.stream.AbstractPipeline.copyIntoWithCancel(AbstractPipeline.java:499)
at java.util.stream.AbstractPipeline.copyInto(AbstractPipeline.java:486)
at java.util.stream.AbstractPipeline.wrapAndCopyInto(AbstractPipeline.java:472)
at java.util.stream.FindOps$FindOp.evaluateSequential(FindOps.java:152)
at java.util.stream.AbstractPipeline.evaluate(AbstractPipeline.java:234)
at java.util.stream.ReferencePipeline.findFirst(ReferencePipeline.java:464)
at org.openqa.selenium.remote.ProtocolHandshake.createSession(ProtocolHandshake.java:128)
at org.openqa.selenium.remote.ProtocolHandshake.createSession(ProtocolHandshake.java:74)
at org.openqa.selenium.remote.HttpCommandExecutor.execute(HttpCommandExecutor.java:136)
at org.openqa.selenium.remote.service.DriverCommandExecutor.execute(DriverCommandExecutor.java:83)
at org.openqa.selenium.remote.RemoteWebDriver.execute(RemoteWebDriver.java:552)
at org.openqa.selenium.remote.RemoteWebDriver.startSession(RemoteWebDriver.java:213)
at org.openqa.selenium.remote.RemoteWebDriver.<init>(RemoteWebDriver.java:131)
at org.openqa.selenium.edge.EdgeDriver.<init>(EdgeDriver.java:141)
at org.openqa.selenium.edge.EdgeDriver.<init>(EdgeDriver.java:96)
at com.sfdc.testCases.BaseClass.setup(BaseClass.java:95)
... Removed 32 stack frames]]>
    </failure>
  </testcase> <!-- @BeforeMethod setup -->
  <testcase name="@BeforeMethod setup" time="0.0" classname="com.sfdc.testCases.BaseClass">
    <skipped/>
  </testcase> <!-- @BeforeMethod setup -->
  <testcase name="@BeforeMethod setup" time="0.0" classname="com.sfdc.testCases.BaseClass">
    <skipped/>
  </testcase> <!-- @BeforeMethod setup -->
  <testcase name="@BeforeMethod setup" time="0.0" classname="com.sfdc.testCases.BaseClass">
    <skipped/>
  </testcase> <!-- @BeforeMethod setup -->
  <testcase name="@BeforeMethod setup" time="0.0" classname="com.sfdc.testCases.BaseClass">
    <skipped/>
  </testcase> <!-- @BeforeMethod setup -->
  <testcase name="@BeforeMethod setup" time="3.366" classname="com.sfdc.testCases.BaseClass">
    <failure type="org.openqa.selenium.SessionNotCreatedException" message="session not created: This version of MSEdgeDriver only supports MSEdge version 100
Current browser version is 102.0.1245.33 with binary path C:\Program Files (x86)\Microsoft\Edge\Application\msedge.exe
Build info: version: &amp;apos;3.141.59&amp;apos;, revision: &amp;apos;e82be7d358&amp;apos;, time: &amp;apos;2018-11-14T08:17:03&amp;apos;
System info: host: &amp;apos;VARSHA&amp;apos;, ip: &amp;apos;192.168.1.30&amp;apos;, os.name: &amp;apos;Windows 10&amp;apos;, os.arch: &amp;apos;amd64&amp;apos;, os.version: &amp;apos;10.0&amp;apos;, java.version: &amp;apos;1.8.0_261&amp;apos;
Driver info: driver.version: EdgeDriver
remote stacktrace: Backtrace:
	Microsoft::Applications::Events::EventProperties::unpack [0x00007FF6D9E392F2+24834]
	Microsoft::Applications::Events::time_ticks_t::time_ticks_t [0x00007FF6D9D76752+523442]
	Ordinal0 [0x00007FF6D98713B5+660405]
	Ordinal0 [0x00007FF6D989C435+836661]
	Ordinal0 [0x00007FF6D989790C+817420]
	Ordinal0 [0x00007FF6D98934B0+799920]
	Ordinal0 [0x00007FF6D98CD49D+1037469]
	Ordinal0 [0x00007FF6D98C7BB3+1014707]
	Ordinal0 [0x00007FF6D989EAE0+846560]
	Ordinal0 [0x00007FF6D989FED8+851672]
	Microsoft::Applications::Events::EventProperty::to_string [0x00007FF6D9A3A6E8+846504]
	Microsoft::Applications::Events::EventProperty::EventProperty [0x00007FF6D9B2ACA1+36529]
	Microsoft::Applications::Events::EventProperty::EventProperty [0x00007FF6D9B2DFC2+49618]
	Microsoft::Applications::Events::EventProperty::to_string [0x00007FF6D9973566+31014]
	Microsoft::Applications::Events::time_ticks_t::time_ticks_t [0x00007FF6D9D7D6D1+551985]
	Microsoft::Applications::Events::time_ticks_t::time_ticks_t [0x00007FF6D9D821E4+571204]
	Microsoft::Applications::Events::time_ticks_t::time_ticks_t [0x00007FF6D9D8233D+571549]
	Microsoft::Applications::Events::time_ticks_t::time_ticks_t [0x00007FF6D9D8B46E+608718]
	BaseThreadInitThunk [0x00007FFC5E1354E0+16]
	RtlUserThreadStart [0x00007FFC5FA8485B+43]
">
      <![CDATA[org.openqa.selenium.SessionNotCreatedException: session not created: This version of MSEdgeDriver only supports MSEdge version 100
Current browser version is 102.0.1245.33 with binary path C:\Program Files (x86)\Microsoft\Edge\Application\msedge.exe
Build info: version: '3.141.59', revision: 'e82be7d358', time: '2018-11-14T08:17:03'
System info: host: 'VARSHA', ip: '192.168.1.30', os.name: 'Windows 10', os.arch: 'amd64', os.version: '10.0', java.version: '1.8.0_261'
Driver info: driver.version: EdgeDriver
remote stacktrace: Backtrace:
Microsoft::Applications::Events::EventProperties::unpack [0x00007FF6D9E392F2+24834]
Microsoft::Applications::Events::time_ticks_t::time_ticks_t [0x00007FF6D9D76752+523442]
Ordinal0 [0x00007FF6D98713B5+660405]
Ordinal0 [0x00007FF6D989C435+836661]
Ordinal0 [0x00007FF6D989790C+817420]
Ordinal0 [0x00007FF6D98934B0+799920]
Ordinal0 [0x00007FF6D98CD49D+1037469]
Ordinal0 [0x00007FF6D98C7BB3+1014707]
Ordinal0 [0x00007FF6D989EAE0+846560]
Ordinal0 [0x00007FF6D989FED8+851672]
Microsoft::Applications::Events::EventProperty::to_string [0x00007FF6D9A3A6E8+846504]
Microsoft::Applications::Events::EventProperty::EventProperty [0x00007FF6D9B2ACA1+36529]
Microsoft::Applications::Events::EventProperty::EventProperty [0x00007FF6D9B2DFC2+49618]
Microsoft::Applications::Events::EventProperty::to_string [0x00007FF6D9973566+31014]
Microsoft::Applications::Events::time_ticks_t::time_ticks_t [0x00007FF6D9D7D6D1+551985]
Microsoft::Applications::Events::time_ticks_t::time_ticks_t [0x00007FF6D9D821E4+571204]
Microsoft::Applications::Events::time_ticks_t::time_ticks_t [0x00007FF6D9D8233D+571549]
Microsoft::Applications::Events::time_ticks_t::time_ticks_t [0x00007FF6D9D8B46E+608718]
BaseThreadInitThunk [0x00007FFC5E1354E0+16]
RtlUserThreadStart [0x00007FFC5FA8485B+43]

at org.openqa.selenium.remote.W3CHandshakeResponse.lambda$errorHandler$0(W3CHandshakeResponse.java:62)
at org.openqa.selenium.remote.HandshakeResponse.lambda$getResponseFunction$0(HandshakeResponse.java:30)
at org.openqa.selenium.remote.ProtocolHandshake.lambda$createSession$0(ProtocolHandshake.java:126)
at java.util.stream.ReferencePipeline$3$1.accept(ReferencePipeline.java:193)
at java.util.Spliterators$ArraySpliterator.tryAdvance(Spliterators.java:958)
at java.util.stream.ReferencePipeline.forEachWithCancel(ReferencePipeline.java:126)
at java.util.stream.AbstractPipeline.copyIntoWithCancel(AbstractPipeline.java:499)
at java.util.stream.AbstractPipeline.copyInto(AbstractPipeline.java:486)
at java.util.stream.AbstractPipeline.wrapAndCopyInto(AbstractPipeline.java:472)
at java.util.stream.FindOps$FindOp.evaluateSequential(FindOps.java:152)
at java.util.stream.AbstractPipeline.evaluate(AbstractPipeline.java:234)
at java.util.stream.ReferencePipeline.findFirst(ReferencePipeline.java:464)
at org.openqa.selenium.remote.ProtocolHandshake.createSession(ProtocolHandshake.java:128)
at org.openqa.selenium.remote.ProtocolHandshake.createSession(ProtocolHandshake.java:74)
at org.openqa.selenium.remote.HttpCommandExecutor.execute(HttpCommandExecutor.java:136)
at org.openqa.selenium.remote.service.DriverCommandExecutor.execute(DriverCommandExecutor.java:83)
at org.openqa.selenium.remote.RemoteWebDriver.execute(RemoteWebDriver.java:552)
at org.openqa.selenium.remote.RemoteWebDriver.startSession(RemoteWebDriver.java:213)
at org.openqa.selenium.remote.RemoteWebDriver.<init>(RemoteWebDriver.java:131)
at org.openqa.selenium.edge.EdgeDriver.<init>(EdgeDriver.java:141)
at org.openqa.selenium.edge.EdgeDriver.<init>(EdgeDriver.java:96)
at com.sfdc.testCases.BaseClass.setup(BaseClass.java:95)
... Removed 32 stack frames]]>
    </failure>
  </testcase> <!-- @BeforeMethod setup -->
  <testcase name="@BeforeMethod setup" time="0.0" classname="com.sfdc.testCases.BaseClass">
    <skipped/>
  </testcase> <!-- @BeforeMethod setup -->
  <testcase name="@BeforeMethod setup" time="0.0" classname="com.sfdc.testCases.BaseClass">
    <skipped/>
  </testcase> <!-- @BeforeMethod setup -->
  <testcase name="@BeforeMethod setup" time="0.0" classname="com.sfdc.testCases.BaseClass">
    <skipped/>
  </testcase> <!-- @BeforeMethod setup -->
  <testcase name="userTest01" time="0.0" classname="com.sfdc.testCases.TC_UserMenuTest_002">
    <skipped/>
  </testcase> <!-- userTest01 -->
  <testcase name="userTest02" time="0.0" classname="com.sfdc.testCases.TC_UserMenuTest_002">
    <skipped/>
  </testcase> <!-- userTest02 -->
  <testcase name="userTest03" time="0.0" classname="com.sfdc.testCases.TC_UserMenuTest_002">
    <skipped/>
  </testcase> <!-- userTest03 -->
  <testcase name="userTest04" time="0.0" classname="com.sfdc.testCases.TC_UserMenuTest_002">
    <skipped/>
  </testcase> <!-- userTest04 -->
  <testcase name="userTest05" time="0.0" classname="com.sfdc.testCases.TC_UserMenuTest_002">
    <skipped/>
  </testcase> <!-- userTest05 -->
  <testcase name="accTest01" time="0.0" classname="com.sfdc.testCases.TC_AccountsTest_003">
    <skipped/>
  </testcase> <!-- accTest01 -->
  <testcase name="accTest02" time="0.0" classname="com.sfdc.testCases.TC_AccountsTest_003">
    <skipped/>
  </testcase> <!-- accTest02 -->
  <testcase name="accTest03" time="0.0" classname="com.sfdc.testCases.TC_AccountsTest_003">
    <skipped/>
  </testcase> <!-- accTest03 -->
  <testcase name="accTest04" time="0.0" classname="com.sfdc.testCases.TC_AccountsTest_003">
    <skipped/>
  </testcase> <!-- accTest04 -->
</testsuite> <!-- sfdc with edge -->
