<html>
<head>
<title>TestNG:  sfdc with edge</title>
<link href="../testng.css" rel="stylesheet" type="text/css" />
<link href="../my-testng.css" rel="stylesheet" type="text/css" />

<style type="text/css">
.log { display: none;} 
.stack-trace { display: none;} 
</style>
<script type="text/javascript">
<!--
function flip(e) {
  current = e.style.display;
  if (current == 'block') {
    e.style.display = 'none';
    return 0;
  }
  else {
    e.style.display = 'block';
    return 1;
  }
}

function toggleBox(szDivId, elem, msg1, msg2)
{
  var res = -1;  if (document.getElementById) {
    res = flip(document.getElementById(szDivId));
  }
  else if (document.all) {
    // this is the way old msie versions work
    res = flip(document.all[szDivId]);
  }
  if(elem) {
    if(res == 0) elem.innerHTML = msg1; else elem.innerHTML = msg2;
  }

}

function toggleAllBoxes() {
  if (document.getElementsByTagName) {
    d = document.getElementsByTagName('div');
    for (i = 0; i < d.length; i++) {
      if (d[i].className == 'log') {
        flip(d[i]);
      }
    }
  }
}

// -->
</script>

</head>
<body>
<h2 align='center'>sfdc with edge</h2><table border='1' align="center">
<tr>
<td>Tests passed/Failed/Skipped:</td><td>0/0/9</td>
</tr><tr>
<td>Started on:</td><td>Fri Jun 17 15:45:36 PDT 2022</td>
</tr>
<tr><td>Total time:</td><td>5 seconds (5866 ms)</td>
</tr><tr>
<td>Included groups:</td><td></td>
</tr><tr>
<td>Excluded groups:</td><td></td>
</tr>
</table><p/>
<small><i>(Hover the method name to see the test class name)</i></small><p/>
<table width='100%' border='1' class='invocation-failed'>
<tr><td colspan='4' align='center'><b>FAILED CONFIGURATIONS</b></td></tr>
<tr><td><b>Test method</b></td>
<td width="30%"><b>Exception</b></td>
<td width="10%"><b>Time (seconds)</b></td>
<td><b>Instance</b></td>
</tr>
<tr>
<td title='com.sfdc.testCases.TC_UserMenuTest_002.setup()'><b>setup</b><br>Test class: com.sfdc.testCases.TC_UserMenuTest_002<br>Parameters: edge</td>
<td><div><pre>org.openqa.selenium.SessionNotCreatedException: session not created: This version of MSEdgeDriver only supports MSEdge version 100
Current browser version is 102.0.1245.33 with binary path C:\Program Files (x86)\Microsoft\Edge\Application\msedge.exe
Build info: version: &apos;3.141.59&apos;, revision: &apos;e82be7d358&apos;, time: &apos;2018-11-14T08:17:03&apos;
System info: host: &apos;VARSHA&apos;, ip: &apos;192.168.1.30&apos;, os.name: &apos;Windows 10&apos;, os.arch: &apos;amd64&apos;, os.version: &apos;10.0&apos;, java.version: &apos;1.8.0_261&apos;
Driver info: driver.version: EdgeDriver
remote stacktrace: Backtrace:
	Microsoft::Applications::Events::EventProperties::unpack [0x00007FF6D9E392F2+24834]
	Microsoft::Applications::Events::time_ticks_t::time_ticks_t [0x00007FF6D9D76752+523442]
	Ordinal0 [0x00007FF6D98713B5+660405]
	Ordinal0 [0x00007FF6D989C435+836661]
	Ordinal0 [0x00007FF6D989790C+817420]
	Ordinal0 [0x00007FF6D98934B0+799920]
	Ordinal0 [0x00007FF6D98CD49D+1037469]
	Ordinal0 [0x00007FF6D98C7BB3+1014707]
	Ordinal0 [0x00007FF6D989EAE0+846560]
	Ordinal0 [0x00007FF6D989FED8+851672]
	Microsoft::Applications::Events::EventProperty::to_string [0x00007FF6D9A3A6E8+846504]
	Microsoft::Applications::Events::EventProperty::EventProperty [0x00007FF6D9B2ACA1+36529]
	Microsoft::Applications::Events::EventProperty::EventProperty [0x00007FF6D9B2DFC2+49618]
	Microsoft::Applications::Events::EventProperty::to_string [0x00007FF6D9973566+31014]
	Microsoft::Applications::Events::time_ticks_t::time_ticks_t [0x00007FF6D9D7D6D1+551985]
	Microsoft::Applications::Events::time_ticks_t::time_ticks_t [0x00007FF6D9D821E4+571204]
	Microsoft::Applications::Events::time_ticks_t::time_ticks_t [0x00007FF6D9D8233D+571549]
	Microsoft::Applications::Events::time_ticks_t::time_ticks_t [0x00007FF6D9D8B46E+608718]
	BaseThreadInitThunk [0x00007FFC5E1354E0+16]
	RtlUserThreadStart [0x00007FFC5FA8485B+43]

	at org.openqa.selenium.remote.W3CHandshakeResponse.lambda$errorHandler$0(W3CHandshakeResponse.java:62)
	at org.openqa.selenium.remote.HandshakeResponse.lambda$getResponseFunction$0(HandshakeResponse.java:30)
	at org.openqa.selenium.remote.ProtocolHandshake.lambda$createSession$0(ProtocolHandshake.java:126)
	at java.util.stream.ReferencePipeline$3$1.accept(ReferencePipeline.java:193)
	at java.util.Spliterators$ArraySpliterator.tryAdvance(Spliterators.java:958)
	at java.util.stream.ReferencePipeline.forEachWithCancel(ReferencePipeline.java:126)
	at java.util.stream.AbstractPipeline.copyIntoWithCancel(AbstractPipeline.java:499)
	at java.util.stream.AbstractPipeline.copyInto(AbstractPipeline.java:486)
	at java.util.stream.AbstractPipeline.wrapAndCopyInto(AbstractPipeline.java:472)
	at java.util.stream.FindOps$FindOp.evaluateSequential(FindOps.java:152)
	at java.util.stream.AbstractPipeline.evaluate(AbstractPipeline.java:234)
	at java.util.stream.ReferencePipeline.findFirst(ReferencePipeline.java:464)
	at org.openqa.selenium.remote.ProtocolHandshake.createSession(ProtocolHandshake.java:128)
	at org.openqa.selenium.remote.ProtocolHandshake.createSession(ProtocolHandshake.java:74)
	at org.openqa.selenium.remote.HttpCommandExecutor.execute(HttpCommandExecutor.java:136)
	at org.openqa.selenium.remote.service.DriverCommandExecutor.execute(DriverCommandExecutor.java:83)
	at org.openqa.selenium.remote.RemoteWebDriver.execute(RemoteWebDriver.java:552)
	at org.openqa.selenium.remote.RemoteWebDriver.startSession(RemoteWebDriver.java:213)
	at org.openqa.selenium.remote.RemoteWebDriver.&lt;init&gt;(RemoteWebDriver.java:131)
	at org.openqa.selenium.edge.EdgeDriver.&lt;init&gt;(EdgeDriver.java:141)
	at org.openqa.selenium.edge.EdgeDriver.&lt;init&gt;(EdgeDriver.java:96)
	at com.sfdc.testCases.BaseClass.setup(BaseClass.java:95)
... Removed 32 stack frames</pre></div><a href='#' onClick='toggleBox("stack-trace13918250", this, "Click to show all stack frames", "Click to hide stack frames")'>Click to show all stack frames</a>
<div class='stack-trace' id='stack-trace13918250'><pre>org.openqa.selenium.SessionNotCreatedException: session not created: This version of MSEdgeDriver only supports MSEdge version 100
Current browser version is 102.0.1245.33 with binary path C:\Program Files (x86)\Microsoft\Edge\Application\msedge.exe
Build info: version: &apos;3.141.59&apos;, revision: &apos;e82be7d358&apos;, time: &apos;2018-11-14T08:17:03&apos;
System info: host: &apos;VARSHA&apos;, ip: &apos;192.168.1.30&apos;, os.name: &apos;Windows 10&apos;, os.arch: &apos;amd64&apos;, os.version: &apos;10.0&apos;, java.version: &apos;1.8.0_261&apos;
Driver info: driver.version: EdgeDriver
remote stacktrace: Backtrace:
	Microsoft::Applications::Events::EventProperties::unpack [0x00007FF6D9E392F2+24834]
	Microsoft::Applications::Events::time_ticks_t::time_ticks_t [0x00007FF6D9D76752+523442]
	Ordinal0 [0x00007FF6D98713B5+660405]
	Ordinal0 [0x00007FF6D989C435+836661]
	Ordinal0 [0x00007FF6D989790C+817420]
	Ordinal0 [0x00007FF6D98934B0+799920]
	Ordinal0 [0x00007FF6D98CD49D+1037469]
	Ordinal0 [0x00007FF6D98C7BB3+1014707]
	Ordinal0 [0x00007FF6D989EAE0+846560]
	Ordinal0 [0x00007FF6D989FED8+851672]
	Microsoft::Applications::Events::EventProperty::to_string [0x00007FF6D9A3A6E8+846504]
	Microsoft::Applications::Events::EventProperty::EventProperty [0x00007FF6D9B2ACA1+36529]
	Microsoft::Applications::Events::EventProperty::EventProperty [0x00007FF6D9B2DFC2+49618]
	Microsoft::Applications::Events::EventProperty::to_string [0x00007FF6D9973566+31014]
	Microsoft::Applications::Events::time_ticks_t::time_ticks_t [0x00007FF6D9D7D6D1+551985]
	Microsoft::Applications::Events::time_ticks_t::time_ticks_t [0x00007FF6D9D821E4+571204]
	Microsoft::Applications::Events::time_ticks_t::time_ticks_t [0x00007FF6D9D8233D+571549]
	Microsoft::Applications::Events::time_ticks_t::time_ticks_t [0x00007FF6D9D8B46E+608718]
	BaseThreadInitThunk [0x00007FFC5E1354E0+16]
	RtlUserThreadStart [0x00007FFC5FA8485B+43]

	at sun.reflect.NativeConstructorAccessorImpl.newInstance0(Native Method)
	at sun.reflect.NativeConstructorAccessorImpl.newInstance(NativeConstructorAccessorImpl.java:62)
	at sun.reflect.DelegatingConstructorAccessorImpl.newInstance(DelegatingConstructorAccessorImpl.java:45)
	at java.lang.reflect.Constructor.newInstance(Constructor.java:423)
	at org.openqa.selenium.remote.W3CHandshakeResponse.lambda$errorHandler$0(W3CHandshakeResponse.java:62)
	at org.openqa.selenium.remote.HandshakeResponse.lambda$getResponseFunction$0(HandshakeResponse.java:30)
	at org.openqa.selenium.remote.ProtocolHandshake.lambda$createSession$0(ProtocolHandshake.java:126)
	at java.util.stream.ReferencePipeline$3$1.accept(ReferencePipeline.java:193)
	at java.util.Spliterators$ArraySpliterator.tryAdvance(Spliterators.java:958)
	at java.util.stream.ReferencePipeline.forEachWithCancel(ReferencePipeline.java:126)
	at java.util.stream.AbstractPipeline.copyIntoWithCancel(AbstractPipeline.java:499)
	at java.util.stream.AbstractPipeline.copyInto(AbstractPipeline.java:486)
	at java.util.stream.AbstractPipeline.wrapAndCopyInto(AbstractPipeline.java:472)
	at java.util.stream.FindOps$FindOp.evaluateSequential(FindOps.java:152)
	at java.util.stream.AbstractPipeline.evaluate(AbstractPipeline.java:234)
	at java.util.stream.ReferencePipeline.findFirst(ReferencePipeline.java:464)
	at org.openqa.selenium.remote.ProtocolHandshake.createSession(ProtocolHandshake.java:128)
	at org.openqa.selenium.remote.ProtocolHandshake.createSession(ProtocolHandshake.java:74)
	at org.openqa.selenium.remote.HttpCommandExecutor.execute(HttpCommandExecutor.java:136)
	at org.openqa.selenium.remote.service.DriverCommandExecutor.execute(DriverCommandExecutor.java:83)
	at org.openqa.selenium.remote.RemoteWebDriver.execute(RemoteWebDriver.java:552)
	at org.openqa.selenium.remote.RemoteWebDriver.startSession(RemoteWebDriver.java:213)
	at org.openqa.selenium.remote.RemoteWebDriver.&lt;init&gt;(RemoteWebDriver.java:131)
	at org.openqa.selenium.edge.EdgeDriver.&lt;init&gt;(EdgeDriver.java:141)
	at org.openqa.selenium.edge.EdgeDriver.&lt;init&gt;(EdgeDriver.java:96)
	at com.sfdc.testCases.BaseClass.setup(BaseClass.java:95)
	at sun.reflect.NativeMethodAccessorImpl.invoke0(Native Method)
	at sun.reflect.NativeMethodAccessorImpl.invoke(NativeMethodAccessorImpl.java:62)
	at sun.reflect.DelegatingMethodAccessorImpl.invoke(DelegatingMethodAccessorImpl.java:43)
	at java.lang.reflect.Method.invoke(Method.java:498)
	at org.testng.internal.MethodInvocationHelper.invokeMethod(MethodInvocationHelper.java:124)
	at org.testng.internal.MethodInvocationHelper.invokeMethodConsideringTimeout(MethodInvocationHelper.java:59)
	at org.testng.internal.Invoker.invokeConfigurationMethod(Invoker.java:458)
	at org.testng.internal.Invoker.invokeConfigurations(Invoker.java:222)
	at org.testng.internal.Invoker.invokeMethod(Invoker.java:523)
	at org.testng.internal.Invoker.invokeTestMethod(Invoker.java:719)
	at org.testng.internal.Invoker.invokeTestMethods(Invoker.java:989)
	at org.testng.internal.TestMethodWorker.invokeTestMethods(TestMethodWorker.java:125)
	at org.testng.internal.TestMethodWorker.run(TestMethodWorker.java:109)
	at org.testng.TestRunner.privateRun(TestRunner.java:648)
	at org.testng.TestRunner.run(TestRunner.java:505)
	at org.testng.SuiteRunner.runTest(SuiteRunner.java:455)
	at org.testng.SuiteRunner.runSequentially(SuiteRunner.java:450)
	at org.testng.SuiteRunner.privateRun(SuiteRunner.java:415)
	at org.testng.SuiteRunner.run(SuiteRunner.java:364)
	at org.testng.SuiteRunnerWorker.runSuite(SuiteRunnerWorker.java:52)
	at org.testng.SuiteRunnerWorker.run(SuiteRunnerWorker.java:84)
	at org.testng.TestNG.runSuitesSequentially(TestNG.java:1208)
	at org.testng.TestNG.runSuitesLocally(TestNG.java:1137)
	at org.testng.TestNG.runSuites(TestNG.java:1049)
	at org.testng.TestNG.run(TestNG.java:1017)
	at org.testng.remote.AbstractRemoteTestNG.run(AbstractRemoteTestNG.java:115)
	at org.testng.remote.RemoteTestNG.initAndRun(RemoteTestNG.java:251)
	at org.testng.remote.RemoteTestNG.main(RemoteTestNG.java:77)
</pre></div></td>
<td>2</td>
<td>com.sfdc.testCases.TC_UserMenuTest_002@1e127982</td></tr>
<tr>
<td title='com.sfdc.testCases.TC_AccountsTest_003.setup()'><b>setup</b><br>Test class: com.sfdc.testCases.TC_AccountsTest_003<br>Parameters: edge</td>
<td><div><pre>org.openqa.selenium.SessionNotCreatedException: session not created: This version of MSEdgeDriver only supports MSEdge version 100
Current browser version is 102.0.1245.33 with binary path C:\Program Files (x86)\Microsoft\Edge\Application\msedge.exe
Build info: version: &apos;3.141.59&apos;, revision: &apos;e82be7d358&apos;, time: &apos;2018-11-14T08:17:03&apos;
System info: host: &apos;VARSHA&apos;, ip: &apos;192.168.1.30&apos;, os.name: &apos;Windows 10&apos;, os.arch: &apos;amd64&apos;, os.version: &apos;10.0&apos;, java.version: &apos;1.8.0_261&apos;
Driver info: driver.version: EdgeDriver
remote stacktrace: Backtrace:
	Microsoft::Applications::Events::EventProperties::unpack [0x00007FF6D9E392F2+24834]
	Microsoft::Applications::Events::time_ticks_t::time_ticks_t [0x00007FF6D9D76752+523442]
	Ordinal0 [0x00007FF6D98713B5+660405]
	Ordinal0 [0x00007FF6D989C435+836661]
	Ordinal0 [0x00007FF6D989790C+817420]
	Ordinal0 [0x00007FF6D98934B0+799920]
	Ordinal0 [0x00007FF6D98CD49D+1037469]
	Ordinal0 [0x00007FF6D98C7BB3+1014707]
	Ordinal0 [0x00007FF6D989EAE0+846560]
	Ordinal0 [0x00007FF6D989FED8+851672]
	Microsoft::Applications::Events::EventProperty::to_string [0x00007FF6D9A3A6E8+846504]
	Microsoft::Applications::Events::EventProperty::EventProperty [0x00007FF6D9B2ACA1+36529]
	Microsoft::Applications::Events::EventProperty::EventProperty [0x00007FF6D9B2DFC2+49618]
	Microsoft::Applications::Events::EventProperty::to_string [0x00007FF6D9973566+31014]
	Microsoft::Applications::Events::time_ticks_t::time_ticks_t [0x00007FF6D9D7D6D1+551985]
	Microsoft::Applications::Events::time_ticks_t::time_ticks_t [0x00007FF6D9D821E4+571204]
	Microsoft::Applications::Events::time_ticks_t::time_ticks_t [0x00007FF6D9D8233D+571549]
	Microsoft::Applications::Events::time_ticks_t::time_ticks_t [0x00007FF6D9D8B46E+608718]
	BaseThreadInitThunk [0x00007FFC5E1354E0+16]
	RtlUserThreadStart [0x00007FFC5FA8485B+43]

	at org.openqa.selenium.remote.W3CHandshakeResponse.lambda$errorHandler$0(W3CHandshakeResponse.java:62)
	at org.openqa.selenium.remote.HandshakeResponse.lambda$getResponseFunction$0(HandshakeResponse.java:30)
	at org.openqa.selenium.remote.ProtocolHandshake.lambda$createSession$0(ProtocolHandshake.java:126)
	at java.util.stream.ReferencePipeline$3$1.accept(ReferencePipeline.java:193)
	at java.util.Spliterators$ArraySpliterator.tryAdvance(Spliterators.java:958)
	at java.util.stream.ReferencePipeline.forEachWithCancel(ReferencePipeline.java:126)
	at java.util.stream.AbstractPipeline.copyIntoWithCancel(AbstractPipeline.java:499)
	at java.util.stream.AbstractPipeline.copyInto(AbstractPipeline.java:486)
	at java.util.stream.AbstractPipeline.wrapAndCopyInto(AbstractPipeline.java:472)
	at java.util.stream.FindOps$FindOp.evaluateSequential(FindOps.java:152)
	at java.util.stream.AbstractPipeline.evaluate(AbstractPipeline.java:234)
	at java.util.stream.ReferencePipeline.findFirst(ReferencePipeline.java:464)
	at org.openqa.selenium.remote.ProtocolHandshake.createSession(ProtocolHandshake.java:128)
	at org.openqa.selenium.remote.ProtocolHandshake.createSession(ProtocolHandshake.java:74)
	at org.openqa.selenium.remote.HttpCommandExecutor.execute(HttpCommandExecutor.java:136)
	at org.openqa.selenium.remote.service.DriverCommandExecutor.execute(DriverCommandExecutor.java:83)
	at org.openqa.selenium.remote.RemoteWebDriver.execute(RemoteWebDriver.java:552)
	at org.openqa.selenium.remote.RemoteWebDriver.startSession(RemoteWebDriver.java:213)
	at org.openqa.selenium.remote.RemoteWebDriver.&lt;init&gt;(RemoteWebDriver.java:131)
	at org.openqa.selenium.edge.EdgeDriver.&lt;init&gt;(EdgeDriver.java:141)
	at org.openqa.selenium.edge.EdgeDriver.&lt;init&gt;(EdgeDriver.java:96)
	at com.sfdc.testCases.BaseClass.setup(BaseClass.java:95)
... Removed 32 stack frames</pre></div><a href='#' onClick='toggleBox("stack-trace2021835850", this, "Click to show all stack frames", "Click to hide stack frames")'>Click to show all stack frames</a>
<div class='stack-trace' id='stack-trace2021835850'><pre>org.openqa.selenium.SessionNotCreatedException: session not created: This version of MSEdgeDriver only supports MSEdge version 100
Current browser version is 102.0.1245.33 with binary path C:\Program Files (x86)\Microsoft\Edge\Application\msedge.exe
Build info: version: &apos;3.141.59&apos;, revision: &apos;e82be7d358&apos;, time: &apos;2018-11-14T08:17:03&apos;
System info: host: &apos;VARSHA&apos;, ip: &apos;192.168.1.30&apos;, os.name: &apos;Windows 10&apos;, os.arch: &apos;amd64&apos;, os.version: &apos;10.0&apos;, java.version: &apos;1.8.0_261&apos;
Driver info: driver.version: EdgeDriver
remote stacktrace: Backtrace:
	Microsoft::Applications::Events::EventProperties::unpack [0x00007FF6D9E392F2+24834]
	Microsoft::Applications::Events::time_ticks_t::time_ticks_t [0x00007FF6D9D76752+523442]
	Ordinal0 [0x00007FF6D98713B5+660405]
	Ordinal0 [0x00007FF6D989C435+836661]
	Ordinal0 [0x00007FF6D989790C+817420]
	Ordinal0 [0x00007FF6D98934B0+799920]
	Ordinal0 [0x00007FF6D98CD49D+1037469]
	Ordinal0 [0x00007FF6D98C7BB3+1014707]
	Ordinal0 [0x00007FF6D989EAE0+846560]
	Ordinal0 [0x00007FF6D989FED8+851672]
	Microsoft::Applications::Events::EventProperty::to_string [0x00007FF6D9A3A6E8+846504]
	Microsoft::Applications::Events::EventProperty::EventProperty [0x00007FF6D9B2ACA1+36529]
	Microsoft::Applications::Events::EventProperty::EventProperty [0x00007FF6D9B2DFC2+49618]
	Microsoft::Applications::Events::EventProperty::to_string [0x00007FF6D9973566+31014]
	Microsoft::Applications::Events::time_ticks_t::time_ticks_t [0x00007FF6D9D7D6D1+551985]
	Microsoft::Applications::Events::time_ticks_t::time_ticks_t [0x00007FF6D9D821E4+571204]
	Microsoft::Applications::Events::time_ticks_t::time_ticks_t [0x00007FF6D9D8233D+571549]
	Microsoft::Applications::Events::time_ticks_t::time_ticks_t [0x00007FF6D9D8B46E+608718]
	BaseThreadInitThunk [0x00007FFC5E1354E0+16]
	RtlUserThreadStart [0x00007FFC5FA8485B+43]

	at sun.reflect.NativeConstructorAccessorImpl.newInstance0(Native Method)
	at sun.reflect.NativeConstructorAccessorImpl.newInstance(NativeConstructorAccessorImpl.java:62)
	at sun.reflect.DelegatingConstructorAccessorImpl.newInstance(DelegatingConstructorAccessorImpl.java:45)
	at java.lang.reflect.Constructor.newInstance(Constructor.java:423)
	at org.openqa.selenium.remote.W3CHandshakeResponse.lambda$errorHandler$0(W3CHandshakeResponse.java:62)
	at org.openqa.selenium.remote.HandshakeResponse.lambda$getResponseFunction$0(HandshakeResponse.java:30)
	at org.openqa.selenium.remote.ProtocolHandshake.lambda$createSession$0(ProtocolHandshake.java:126)
	at java.util.stream.ReferencePipeline$3$1.accept(ReferencePipeline.java:193)
	at java.util.Spliterators$ArraySpliterator.tryAdvance(Spliterators.java:958)
	at java.util.stream.ReferencePipeline.forEachWithCancel(ReferencePipeline.java:126)
	at java.util.stream.AbstractPipeline.copyIntoWithCancel(AbstractPipeline.java:499)
	at java.util.stream.AbstractPipeline.copyInto(AbstractPipeline.java:486)
	at java.util.stream.AbstractPipeline.wrapAndCopyInto(AbstractPipeline.java:472)
	at java.util.stream.FindOps$FindOp.evaluateSequential(FindOps.java:152)
	at java.util.stream.AbstractPipeline.evaluate(AbstractPipeline.java:234)
	at java.util.stream.ReferencePipeline.findFirst(ReferencePipeline.java:464)
	at org.openqa.selenium.remote.ProtocolHandshake.createSession(ProtocolHandshake.java:128)
	at org.openqa.selenium.remote.ProtocolHandshake.createSession(ProtocolHandshake.java:74)
	at org.openqa.selenium.remote.HttpCommandExecutor.execute(HttpCommandExecutor.java:136)
	at org.openqa.selenium.remote.service.DriverCommandExecutor.execute(DriverCommandExecutor.java:83)
	at org.openqa.selenium.remote.RemoteWebDriver.execute(RemoteWebDriver.java:552)
	at org.openqa.selenium.remote.RemoteWebDriver.startSession(RemoteWebDriver.java:213)
	at org.openqa.selenium.remote.RemoteWebDriver.&lt;init&gt;(RemoteWebDriver.java:131)
	at org.openqa.selenium.edge.EdgeDriver.&lt;init&gt;(EdgeDriver.java:141)
	at org.openqa.selenium.edge.EdgeDriver.&lt;init&gt;(EdgeDriver.java:96)
	at com.sfdc.testCases.BaseClass.setup(BaseClass.java:95)
	at sun.reflect.NativeMethodAccessorImpl.invoke0(Native Method)
	at sun.reflect.NativeMethodAccessorImpl.invoke(NativeMethodAccessorImpl.java:62)
	at sun.reflect.DelegatingMethodAccessorImpl.invoke(DelegatingMethodAccessorImpl.java:43)
	at java.lang.reflect.Method.invoke(Method.java:498)
	at org.testng.internal.MethodInvocationHelper.invokeMethod(MethodInvocationHelper.java:124)
	at org.testng.internal.MethodInvocationHelper.invokeMethodConsideringTimeout(MethodInvocationHelper.java:59)
	at org.testng.internal.Invoker.invokeConfigurationMethod(Invoker.java:458)
	at org.testng.internal.Invoker.invokeConfigurations(Invoker.java:222)
	at org.testng.internal.Invoker.invokeMethod(Invoker.java:523)
	at org.testng.internal.Invoker.invokeTestMethod(Invoker.java:719)
	at org.testng.internal.Invoker.invokeTestMethods(Invoker.java:989)
	at org.testng.internal.TestMethodWorker.invokeTestMethods(TestMethodWorker.java:125)
	at org.testng.internal.TestMethodWorker.run(TestMethodWorker.java:109)
	at org.testng.TestRunner.privateRun(TestRunner.java:648)
	at org.testng.TestRunner.run(TestRunner.java:505)
	at org.testng.SuiteRunner.runTest(SuiteRunner.java:455)
	at org.testng.SuiteRunner.runSequentially(SuiteRunner.java:450)
	at org.testng.SuiteRunner.privateRun(SuiteRunner.java:415)
	at org.testng.SuiteRunner.run(SuiteRunner.java:364)
	at org.testng.SuiteRunnerWorker.runSuite(SuiteRunnerWorker.java:52)
	at org.testng.SuiteRunnerWorker.run(SuiteRunnerWorker.java:84)
	at org.testng.TestNG.runSuitesSequentially(TestNG.java:1208)
	at org.testng.TestNG.runSuitesLocally(TestNG.java:1137)
	at org.testng.TestNG.runSuites(TestNG.java:1049)
	at org.testng.TestNG.run(TestNG.java:1017)
	at org.testng.remote.AbstractRemoteTestNG.run(AbstractRemoteTestNG.java:115)
	at org.testng.remote.RemoteTestNG.initAndRun(RemoteTestNG.java:251)
	at org.testng.remote.RemoteTestNG.main(RemoteTestNG.java:77)
</pre></div></td>
<td>3</td>
<td>com.sfdc.testCases.TC_AccountsTest_003@60c6f5b</td></tr>
</table><p>
<table width='100%' border='1' class='invocation-skipped'>
<tr><td colspan='4' align='center'><b>SKIPPED CONFIGURATIONS</b></td></tr>
<tr><td><b>Test method</b></td>
<td width="30%"><b>Exception</b></td>
<td width="10%"><b>Time (seconds)</b></td>
<td><b>Instance</b></td>
</tr>
<tr>
<td title='com.sfdc.testCases.TC_UserMenuTest_002.setup()'><b>setup</b><br>Test class: com.sfdc.testCases.TC_UserMenuTest_002</td>
<td></td>
<td>0</td>
<td>com.sfdc.testCases.TC_UserMenuTest_002@1e127982</td></tr>
<tr>
<td title='com.sfdc.testCases.TC_UserMenuTest_002.setup()'><b>setup</b><br>Test class: com.sfdc.testCases.TC_UserMenuTest_002</td>
<td></td>
<td>0</td>
<td>com.sfdc.testCases.TC_UserMenuTest_002@1e127982</td></tr>
<tr>
<td title='com.sfdc.testCases.TC_UserMenuTest_002.setup()'><b>setup</b><br>Test class: com.sfdc.testCases.TC_UserMenuTest_002</td>
<td></td>
<td>0</td>
<td>com.sfdc.testCases.TC_UserMenuTest_002@1e127982</td></tr>
<tr>
<td title='com.sfdc.testCases.TC_UserMenuTest_002.setup()'><b>setup</b><br>Test class: com.sfdc.testCases.TC_UserMenuTest_002</td>
<td></td>
<td>0</td>
<td>com.sfdc.testCases.TC_UserMenuTest_002@1e127982</td></tr>
<tr>
<td title='com.sfdc.testCases.TC_AccountsTest_003.setup()'><b>setup</b><br>Test class: com.sfdc.testCases.TC_AccountsTest_003</td>
<td></td>
<td>0</td>
<td>com.sfdc.testCases.TC_AccountsTest_003@60c6f5b</td></tr>
<tr>
<td title='com.sfdc.testCases.TC_AccountsTest_003.setup()'><b>setup</b><br>Test class: com.sfdc.testCases.TC_AccountsTest_003</td>
<td></td>
<td>0</td>
<td>com.sfdc.testCases.TC_AccountsTest_003@60c6f5b</td></tr>
<tr>
<td title='com.sfdc.testCases.TC_AccountsTest_003.setup()'><b>setup</b><br>Test class: com.sfdc.testCases.TC_AccountsTest_003</td>
<td></td>
<td>0</td>
<td>com.sfdc.testCases.TC_AccountsTest_003@60c6f5b</td></tr>
</table><p>
<table width='100%' border='1' class='invocation-skipped'>
<tr><td colspan='4' align='center'><b>SKIPPED TESTS</b></td></tr>
<tr><td><b>Test method</b></td>
<td width="30%"><b>Exception</b></td>
<td width="10%"><b>Time (seconds)</b></td>
<td><b>Instance</b></td>
</tr>
<tr>
<td title='com.sfdc.testCases.TC_AccountsTest_003.accTest01()'><b>accTest01</b><br>Test class: com.sfdc.testCases.TC_AccountsTest_003</td>
<td><div><pre>org.openqa.selenium.SessionNotCreatedException: session not created: This version of MSEdgeDriver only supports MSEdge version 100
Current browser version is 102.0.1245.33 with binary path C:\Program Files (x86)\Microsoft\Edge\Application\msedge.exe
Build info: version: &apos;3.141.59&apos;, revision: &apos;e82be7d358&apos;, time: &apos;2018-11-14T08:17:03&apos;
System info: host: &apos;VARSHA&apos;, ip: &apos;192.168.1.30&apos;, os.name: &apos;Windows 10&apos;, os.arch: &apos;amd64&apos;, os.version: &apos;10.0&apos;, java.version: &apos;1.8.0_261&apos;
Driver info: driver.version: EdgeDriver
remote stacktrace: Backtrace:
	Microsoft::Applications::Events::EventProperties::unpack [0x00007FF6D9E392F2+24834]
	Microsoft::Applications::Events::time_ticks_t::time_ticks_t [0x00007FF6D9D76752+523442]
	Ordinal0 [0x00007FF6D98713B5+660405]
	Ordinal0 [0x00007FF6D989C435+836661]
	Ordinal0 [0x00007FF6D989790C+817420]
	Ordinal0 [0x00007FF6D98934B0+799920]
	Ordinal0 [0x00007FF6D98CD49D+1037469]
	Ordinal0 [0x00007FF6D98C7BB3+1014707]
	Ordinal0 [0x00007FF6D989EAE0+846560]
	Ordinal0 [0x00007FF6D989FED8+851672]
	Microsoft::Applications::Events::EventProperty::to_string [0x00007FF6D9A3A6E8+846504]
	Microsoft::Applications::Events::EventProperty::EventProperty [0x00007FF6D9B2ACA1+36529]
	Microsoft::Applications::Events::EventProperty::EventProperty [0x00007FF6D9B2DFC2+49618]
	Microsoft::Applications::Events::EventProperty::to_string [0x00007FF6D9973566+31014]
	Microsoft::Applications::Events::time_ticks_t::time_ticks_t [0x00007FF6D9D7D6D1+551985]
	Microsoft::Applications::Events::time_ticks_t::time_ticks_t [0x00007FF6D9D821E4+571204]
	Microsoft::Applications::Events::time_ticks_t::time_ticks_t [0x00007FF6D9D8233D+571549]
	Microsoft::Applications::Events::time_ticks_t::time_ticks_t [0x00007FF6D9D8B46E+608718]
	BaseThreadInitThunk [0x00007FFC5E1354E0+16]
	RtlUserThreadStart [0x00007FFC5FA8485B+43]

	at org.openqa.selenium.remote.W3CHandshakeResponse.lambda$errorHandler$0(W3CHandshakeResponse.java:62)
	at org.openqa.selenium.remote.HandshakeResponse.lambda$getResponseFunction$0(HandshakeResponse.java:30)
	at org.openqa.selenium.remote.ProtocolHandshake.lambda$createSession$0(ProtocolHandshake.java:126)
	at java.util.stream.ReferencePipeline$3$1.accept(ReferencePipeline.java:193)
	at java.util.Spliterators$ArraySpliterator.tryAdvance(Spliterators.java:958)
	at java.util.stream.ReferencePipeline.forEachWithCancel(ReferencePipeline.java:126)
	at java.util.stream.AbstractPipeline.copyIntoWithCancel(AbstractPipeline.java:499)
	at java.util.stream.AbstractPipeline.copyInto(AbstractPipeline.java:486)
	at java.util.stream.AbstractPipeline.wrapAndCopyInto(AbstractPipeline.java:472)
	at java.util.stream.FindOps$FindOp.evaluateSequential(FindOps.java:152)
	at java.util.stream.AbstractPipeline.evaluate(AbstractPipeline.java:234)
	at java.util.stream.ReferencePipeline.findFirst(ReferencePipeline.java:464)
	at org.openqa.selenium.remote.ProtocolHandshake.createSession(ProtocolHandshake.java:128)
	at org.openqa.selenium.remote.ProtocolHandshake.createSession(ProtocolHandshake.java:74)
	at org.openqa.selenium.remote.HttpCommandExecutor.execute(HttpCommandExecutor.java:136)
	at org.openqa.selenium.remote.service.DriverCommandExecutor.execute(DriverCommandExecutor.java:83)
	at org.openqa.selenium.remote.RemoteWebDriver.execute(RemoteWebDriver.java:552)
	at org.openqa.selenium.remote.RemoteWebDriver.startSession(RemoteWebDriver.java:213)
	at org.openqa.selenium.remote.RemoteWebDriver.&lt;init&gt;(RemoteWebDriver.java:131)
	at org.openqa.selenium.edge.EdgeDriver.&lt;init&gt;(EdgeDriver.java:141)
	at org.openqa.selenium.edge.EdgeDriver.&lt;init&gt;(EdgeDriver.java:96)
	at com.sfdc.testCases.BaseClass.setup(BaseClass.java:95)
... Removed 32 stack frames</pre></div><a href='#' onClick='toggleBox("stack-trace845388562", this, "Click to show all stack frames", "Click to hide stack frames")'>Click to show all stack frames</a>
<div class='stack-trace' id='stack-trace845388562'><pre>org.openqa.selenium.SessionNotCreatedException: session not created: This version of MSEdgeDriver only supports MSEdge version 100
Current browser version is 102.0.1245.33 with binary path C:\Program Files (x86)\Microsoft\Edge\Application\msedge.exe
Build info: version: &apos;3.141.59&apos;, revision: &apos;e82be7d358&apos;, time: &apos;2018-11-14T08:17:03&apos;
System info: host: &apos;VARSHA&apos;, ip: &apos;192.168.1.30&apos;, os.name: &apos;Windows 10&apos;, os.arch: &apos;amd64&apos;, os.version: &apos;10.0&apos;, java.version: &apos;1.8.0_261&apos;
Driver info: driver.version: EdgeDriver
remote stacktrace: Backtrace:
	Microsoft::Applications::Events::EventProperties::unpack [0x00007FF6D9E392F2+24834]
	Microsoft::Applications::Events::time_ticks_t::time_ticks_t [0x00007FF6D9D76752+523442]
	Ordinal0 [0x00007FF6D98713B5+660405]
	Ordinal0 [0x00007FF6D989C435+836661]
	Ordinal0 [0x00007FF6D989790C+817420]
	Ordinal0 [0x00007FF6D98934B0+799920]
	Ordinal0 [0x00007FF6D98CD49D+1037469]
	Ordinal0 [0x00007FF6D98C7BB3+1014707]
	Ordinal0 [0x00007FF6D989EAE0+846560]
	Ordinal0 [0x00007FF6D989FED8+851672]
	Microsoft::Applications::Events::EventProperty::to_string [0x00007FF6D9A3A6E8+846504]
	Microsoft::Applications::Events::EventProperty::EventProperty [0x00007FF6D9B2ACA1+36529]
	Microsoft::Applications::Events::EventProperty::EventProperty [0x00007FF6D9B2DFC2+49618]
	Microsoft::Applications::Events::EventProperty::to_string [0x00007FF6D9973566+31014]
	Microsoft::Applications::Events::time_ticks_t::time_ticks_t [0x00007FF6D9D7D6D1+551985]
	Microsoft::Applications::Events::time_ticks_t::time_ticks_t [0x00007FF6D9D821E4+571204]
	Microsoft::Applications::Events::time_ticks_t::time_ticks_t [0x00007FF6D9D8233D+571549]
	Microsoft::Applications::Events::time_ticks_t::time_ticks_t [0x00007FF6D9D8B46E+608718]
	BaseThreadInitThunk [0x00007FFC5E1354E0+16]
	RtlUserThreadStart [0x00007FFC5FA8485B+43]

	at sun.reflect.NativeConstructorAccessorImpl.newInstance0(Native Method)
	at sun.reflect.NativeConstructorAccessorImpl.newInstance(NativeConstructorAccessorImpl.java:62)
	at sun.reflect.DelegatingConstructorAccessorImpl.newInstance(DelegatingConstructorAccessorImpl.java:45)
	at java.lang.reflect.Constructor.newInstance(Constructor.java:423)
	at org.openqa.selenium.remote.W3CHandshakeResponse.lambda$errorHandler$0(W3CHandshakeResponse.java:62)
	at org.openqa.selenium.remote.HandshakeResponse.lambda$getResponseFunction$0(HandshakeResponse.java:30)
	at org.openqa.selenium.remote.ProtocolHandshake.lambda$createSession$0(ProtocolHandshake.java:126)
	at java.util.stream.ReferencePipeline$3$1.accept(ReferencePipeline.java:193)
	at java.util.Spliterators$ArraySpliterator.tryAdvance(Spliterators.java:958)
	at java.util.stream.ReferencePipeline.forEachWithCancel(ReferencePipeline.java:126)
	at java.util.stream.AbstractPipeline.copyIntoWithCancel(AbstractPipeline.java:499)
	at java.util.stream.AbstractPipeline.copyInto(AbstractPipeline.java:486)
	at java.util.stream.AbstractPipeline.wrapAndCopyInto(AbstractPipeline.java:472)
	at java.util.stream.FindOps$FindOp.evaluateSequential(FindOps.java:152)
	at java.util.stream.AbstractPipeline.evaluate(AbstractPipeline.java:234)
	at java.util.stream.ReferencePipeline.findFirst(ReferencePipeline.java:464)
	at org.openqa.selenium.remote.ProtocolHandshake.createSession(ProtocolHandshake.java:128)
	at org.openqa.selenium.remote.ProtocolHandshake.createSession(ProtocolHandshake.java:74)
	at org.openqa.selenium.remote.HttpCommandExecutor.execute(HttpCommandExecutor.java:136)
	at org.openqa.selenium.remote.service.DriverCommandExecutor.execute(DriverCommandExecutor.java:83)
	at org.openqa.selenium.remote.RemoteWebDriver.execute(RemoteWebDriver.java:552)
	at org.openqa.selenium.remote.RemoteWebDriver.startSession(RemoteWebDriver.java:213)
	at org.openqa.selenium.remote.RemoteWebDriver.&lt;init&gt;(RemoteWebDriver.java:131)
	at org.openqa.selenium.edge.EdgeDriver.&lt;init&gt;(EdgeDriver.java:141)
	at org.openqa.selenium.edge.EdgeDriver.&lt;init&gt;(EdgeDriver.java:96)
	at com.sfdc.testCases.BaseClass.setup(BaseClass.java:95)
	at sun.reflect.NativeMethodAccessorImpl.invoke0(Native Method)
	at sun.reflect.NativeMethodAccessorImpl.invoke(NativeMethodAccessorImpl.java:62)
	at sun.reflect.DelegatingMethodAccessorImpl.invoke(DelegatingMethodAccessorImpl.java:43)
	at java.lang.reflect.Method.invoke(Method.java:498)
	at org.testng.internal.MethodInvocationHelper.invokeMethod(MethodInvocationHelper.java:124)
	at org.testng.internal.MethodInvocationHelper.invokeMethodConsideringTimeout(MethodInvocationHelper.java:59)
	at org.testng.internal.Invoker.invokeConfigurationMethod(Invoker.java:458)
	at org.testng.internal.Invoker.invokeConfigurations(Invoker.java:222)
	at org.testng.internal.Invoker.invokeMethod(Invoker.java:523)
	at org.testng.internal.Invoker.invokeTestMethod(Invoker.java:719)
	at org.testng.internal.Invoker.invokeTestMethods(Invoker.java:989)
	at org.testng.internal.TestMethodWorker.invokeTestMethods(TestMethodWorker.java:125)
	at org.testng.internal.TestMethodWorker.run(TestMethodWorker.java:109)
	at org.testng.TestRunner.privateRun(TestRunner.java:648)
	at org.testng.TestRunner.run(TestRunner.java:505)
	at org.testng.SuiteRunner.runTest(SuiteRunner.java:455)
	at org.testng.SuiteRunner.runSequentially(SuiteRunner.java:450)
	at org.testng.SuiteRunner.privateRun(SuiteRunner.java:415)
	at org.testng.SuiteRunner.run(SuiteRunner.java:364)
	at org.testng.SuiteRunnerWorker.runSuite(SuiteRunnerWorker.java:52)
	at org.testng.SuiteRunnerWorker.run(SuiteRunnerWorker.java:84)
	at org.testng.TestNG.runSuitesSequentially(TestNG.java:1208)
	at org.testng.TestNG.runSuitesLocally(TestNG.java:1137)
	at org.testng.TestNG.runSuites(TestNG.java:1049)
	at org.testng.TestNG.run(TestNG.java:1017)
	at org.testng.remote.AbstractRemoteTestNG.run(AbstractRemoteTestNG.java:115)
	at org.testng.remote.RemoteTestNG.initAndRun(RemoteTestNG.java:251)
	at org.testng.remote.RemoteTestNG.main(RemoteTestNG.java:77)
</pre></div></td>
<td>0</td>
<td>com.sfdc.testCases.TC_AccountsTest_003@60c6f5b</td></tr>
<tr>
<td title='com.sfdc.testCases.TC_AccountsTest_003.accTest02()'><b>accTest02</b><br>Test class: com.sfdc.testCases.TC_AccountsTest_003</td>
<td><div><pre>org.openqa.selenium.SessionNotCreatedException: session not created: This version of MSEdgeDriver only supports MSEdge version 100
Current browser version is 102.0.1245.33 with binary path C:\Program Files (x86)\Microsoft\Edge\Application\msedge.exe
Build info: version: &apos;3.141.59&apos;, revision: &apos;e82be7d358&apos;, time: &apos;2018-11-14T08:17:03&apos;
System info: host: &apos;VARSHA&apos;, ip: &apos;192.168.1.30&apos;, os.name: &apos;Windows 10&apos;, os.arch: &apos;amd64&apos;, os.version: &apos;10.0&apos;, java.version: &apos;1.8.0_261&apos;
Driver info: driver.version: EdgeDriver
remote stacktrace: Backtrace:
	Microsoft::Applications::Events::EventProperties::unpack [0x00007FF6D9E392F2+24834]
	Microsoft::Applications::Events::time_ticks_t::time_ticks_t [0x00007FF6D9D76752+523442]
	Ordinal0 [0x00007FF6D98713B5+660405]
	Ordinal0 [0x00007FF6D989C435+836661]
	Ordinal0 [0x00007FF6D989790C+817420]
	Ordinal0 [0x00007FF6D98934B0+799920]
	Ordinal0 [0x00007FF6D98CD49D+1037469]
	Ordinal0 [0x00007FF6D98C7BB3+1014707]
	Ordinal0 [0x00007FF6D989EAE0+846560]
	Ordinal0 [0x00007FF6D989FED8+851672]
	Microsoft::Applications::Events::EventProperty::to_string [0x00007FF6D9A3A6E8+846504]
	Microsoft::Applications::Events::EventProperty::EventProperty [0x00007FF6D9B2ACA1+36529]
	Microsoft::Applications::Events::EventProperty::EventProperty [0x00007FF6D9B2DFC2+49618]
	Microsoft::Applications::Events::EventProperty::to_string [0x00007FF6D9973566+31014]
	Microsoft::Applications::Events::time_ticks_t::time_ticks_t [0x00007FF6D9D7D6D1+551985]
	Microsoft::Applications::Events::time_ticks_t::time_ticks_t [0x00007FF6D9D821E4+571204]
	Microsoft::Applications::Events::time_ticks_t::time_ticks_t [0x00007FF6D9D8233D+571549]
	Microsoft::Applications::Events::time_ticks_t::time_ticks_t [0x00007FF6D9D8B46E+608718]
	BaseThreadInitThunk [0x00007FFC5E1354E0+16]
	RtlUserThreadStart [0x00007FFC5FA8485B+43]

	at org.openqa.selenium.remote.W3CHandshakeResponse.lambda$errorHandler$0(W3CHandshakeResponse.java:62)
	at org.openqa.selenium.remote.HandshakeResponse.lambda$getResponseFunction$0(HandshakeResponse.java:30)
	at org.openqa.selenium.remote.ProtocolHandshake.lambda$createSession$0(ProtocolHandshake.java:126)
	at java.util.stream.ReferencePipeline$3$1.accept(ReferencePipeline.java:193)
	at java.util.Spliterators$ArraySpliterator.tryAdvance(Spliterators.java:958)
	at java.util.stream.ReferencePipeline.forEachWithCancel(ReferencePipeline.java:126)
	at java.util.stream.AbstractPipeline.copyIntoWithCancel(AbstractPipeline.java:499)
	at java.util.stream.AbstractPipeline.copyInto(AbstractPipeline.java:486)
	at java.util.stream.AbstractPipeline.wrapAndCopyInto(AbstractPipeline.java:472)
	at java.util.stream.FindOps$FindOp.evaluateSequential(FindOps.java:152)
	at java.util.stream.AbstractPipeline.evaluate(AbstractPipeline.java:234)
	at java.util.stream.ReferencePipeline.findFirst(ReferencePipeline.java:464)
	at org.openqa.selenium.remote.ProtocolHandshake.createSession(ProtocolHandshake.java:128)
	at org.openqa.selenium.remote.ProtocolHandshake.createSession(ProtocolHandshake.java:74)
	at org.openqa.selenium.remote.HttpCommandExecutor.execute(HttpCommandExecutor.java:136)
	at org.openqa.selenium.remote.service.DriverCommandExecutor.execute(DriverCommandExecutor.java:83)
	at org.openqa.selenium.remote.RemoteWebDriver.execute(RemoteWebDriver.java:552)
	at org.openqa.selenium.remote.RemoteWebDriver.startSession(RemoteWebDriver.java:213)
	at org.openqa.selenium.remote.RemoteWebDriver.&lt;init&gt;(RemoteWebDriver.java:131)
	at org.openqa.selenium.edge.EdgeDriver.&lt;init&gt;(EdgeDriver.java:141)
	at org.openqa.selenium.edge.EdgeDriver.&lt;init&gt;(EdgeDriver.java:96)
	at com.sfdc.testCases.BaseClass.setup(BaseClass.java:95)
... Removed 32 stack frames</pre></div><a href='#' onClick='toggleBox("stack-trace948424584", this, "Click to show all stack frames", "Click to hide stack frames")'>Click to show all stack frames</a>
<div class='stack-trace' id='stack-trace948424584'><pre>org.openqa.selenium.SessionNotCreatedException: session not created: This version of MSEdgeDriver only supports MSEdge version 100
Current browser version is 102.0.1245.33 with binary path C:\Program Files (x86)\Microsoft\Edge\Application\msedge.exe
Build info: version: &apos;3.141.59&apos;, revision: &apos;e82be7d358&apos;, time: &apos;2018-11-14T08:17:03&apos;
System info: host: &apos;VARSHA&apos;, ip: &apos;192.168.1.30&apos;, os.name: &apos;Windows 10&apos;, os.arch: &apos;amd64&apos;, os.version: &apos;10.0&apos;, java.version: &apos;1.8.0_261&apos;
Driver info: driver.version: EdgeDriver
remote stacktrace: Backtrace:
	Microsoft::Applications::Events::EventProperties::unpack [0x00007FF6D9E392F2+24834]
	Microsoft::Applications::Events::time_ticks_t::time_ticks_t [0x00007FF6D9D76752+523442]
	Ordinal0 [0x00007FF6D98713B5+660405]
	Ordinal0 [0x00007FF6D989C435+836661]
	Ordinal0 [0x00007FF6D989790C+817420]
	Ordinal0 [0x00007FF6D98934B0+799920]
	Ordinal0 [0x00007FF6D98CD49D+1037469]
	Ordinal0 [0x00007FF6D98C7BB3+1014707]
	Ordinal0 [0x00007FF6D989EAE0+846560]
	Ordinal0 [0x00007FF6D989FED8+851672]
	Microsoft::Applications::Events::EventProperty::to_string [0x00007FF6D9A3A6E8+846504]
	Microsoft::Applications::Events::EventProperty::EventProperty [0x00007FF6D9B2ACA1+36529]
	Microsoft::Applications::Events::EventProperty::EventProperty [0x00007FF6D9B2DFC2+49618]
	Microsoft::Applications::Events::EventProperty::to_string [0x00007FF6D9973566+31014]
	Microsoft::Applications::Events::time_ticks_t::time_ticks_t [0x00007FF6D9D7D6D1+551985]
	Microsoft::Applications::Events::time_ticks_t::time_ticks_t [0x00007FF6D9D821E4+571204]
	Microsoft::Applications::Events::time_ticks_t::time_ticks_t [0x00007FF6D9D8233D+571549]
	Microsoft::Applications::Events::time_ticks_t::time_ticks_t [0x00007FF6D9D8B46E+608718]
	BaseThreadInitThunk [0x00007FFC5E1354E0+16]
	RtlUserThreadStart [0x00007FFC5FA8485B+43]

	at sun.reflect.NativeConstructorAccessorImpl.newInstance0(Native Method)
	at sun.reflect.NativeConstructorAccessorImpl.newInstance(NativeConstructorAccessorImpl.java:62)
	at sun.reflect.DelegatingConstructorAccessorImpl.newInstance(DelegatingConstructorAccessorImpl.java:45)
	at java.lang.reflect.Constructor.newInstance(Constructor.java:423)
	at org.openqa.selenium.remote.W3CHandshakeResponse.lambda$errorHandler$0(W3CHandshakeResponse.java:62)
	at org.openqa.selenium.remote.HandshakeResponse.lambda$getResponseFunction$0(HandshakeResponse.java:30)
	at org.openqa.selenium.remote.ProtocolHandshake.lambda$createSession$0(ProtocolHandshake.java:126)
	at java.util.stream.ReferencePipeline$3$1.accept(ReferencePipeline.java:193)
	at java.util.Spliterators$ArraySpliterator.tryAdvance(Spliterators.java:958)
	at java.util.stream.ReferencePipeline.forEachWithCancel(ReferencePipeline.java:126)
	at java.util.stream.AbstractPipeline.copyIntoWithCancel(AbstractPipeline.java:499)
	at java.util.stream.AbstractPipeline.copyInto(AbstractPipeline.java:486)
	at java.util.stream.AbstractPipeline.wrapAndCopyInto(AbstractPipeline.java:472)
	at java.util.stream.FindOps$FindOp.evaluateSequential(FindOps.java:152)
	at java.util.stream.AbstractPipeline.evaluate(AbstractPipeline.java:234)
	at java.util.stream.ReferencePipeline.findFirst(ReferencePipeline.java:464)
	at org.openqa.selenium.remote.ProtocolHandshake.createSession(ProtocolHandshake.java:128)
	at org.openqa.selenium.remote.ProtocolHandshake.createSession(ProtocolHandshake.java:74)
	at org.openqa.selenium.remote.HttpCommandExecutor.execute(HttpCommandExecutor.java:136)
	at org.openqa.selenium.remote.service.DriverCommandExecutor.execute(DriverCommandExecutor.java:83)
	at org.openqa.selenium.remote.RemoteWebDriver.execute(RemoteWebDriver.java:552)
	at org.openqa.selenium.remote.RemoteWebDriver.startSession(RemoteWebDriver.java:213)
	at org.openqa.selenium.remote.RemoteWebDriver.&lt;init&gt;(RemoteWebDriver.java:131)
	at org.openqa.selenium.edge.EdgeDriver.&lt;init&gt;(EdgeDriver.java:141)
	at org.openqa.selenium.edge.EdgeDriver.&lt;init&gt;(EdgeDriver.java:96)
	at com.sfdc.testCases.BaseClass.setup(BaseClass.java:95)
	at sun.reflect.NativeMethodAccessorImpl.invoke0(Native Method)
	at sun.reflect.NativeMethodAccessorImpl.invoke(NativeMethodAccessorImpl.java:62)
	at sun.reflect.DelegatingMethodAccessorImpl.invoke(DelegatingMethodAccessorImpl.java:43)
	at java.lang.reflect.Method.invoke(Method.java:498)
	at org.testng.internal.MethodInvocationHelper.invokeMethod(MethodInvocationHelper.java:124)
	at org.testng.internal.MethodInvocationHelper.invokeMethodConsideringTimeout(MethodInvocationHelper.java:59)
	at org.testng.internal.Invoker.invokeConfigurationMethod(Invoker.java:458)
	at org.testng.internal.Invoker.invokeConfigurations(Invoker.java:222)
	at org.testng.internal.Invoker.invokeMethod(Invoker.java:523)
	at org.testng.internal.Invoker.invokeTestMethod(Invoker.java:719)
	at org.testng.internal.Invoker.invokeTestMethods(Invoker.java:989)
	at org.testng.internal.TestMethodWorker.invokeTestMethods(TestMethodWorker.java:125)
	at org.testng.internal.TestMethodWorker.run(TestMethodWorker.java:109)
	at org.testng.TestRunner.privateRun(TestRunner.java:648)
	at org.testng.TestRunner.run(TestRunner.java:505)
	at org.testng.SuiteRunner.runTest(SuiteRunner.java:455)
	at org.testng.SuiteRunner.runSequentially(SuiteRunner.java:450)
	at org.testng.SuiteRunner.privateRun(SuiteRunner.java:415)
	at org.testng.SuiteRunner.run(SuiteRunner.java:364)
	at org.testng.SuiteRunnerWorker.runSuite(SuiteRunnerWorker.java:52)
	at org.testng.SuiteRunnerWorker.run(SuiteRunnerWorker.java:84)
	at org.testng.TestNG.runSuitesSequentially(TestNG.java:1208)
	at org.testng.TestNG.runSuitesLocally(TestNG.java:1137)
	at org.testng.TestNG.runSuites(TestNG.java:1049)
	at org.testng.TestNG.run(TestNG.java:1017)
	at org.testng.remote.AbstractRemoteTestNG.run(AbstractRemoteTestNG.java:115)
	at org.testng.remote.RemoteTestNG.initAndRun(RemoteTestNG.java:251)
	at org.testng.remote.RemoteTestNG.main(RemoteTestNG.java:77)
</pre></div></td>
<td>0</td>
<td>com.sfdc.testCases.TC_AccountsTest_003@60c6f5b</td></tr>
<tr>
<td title='com.sfdc.testCases.TC_AccountsTest_003.accTest03()'><b>accTest03</b><br>Test class: com.sfdc.testCases.TC_AccountsTest_003</td>
<td><div><pre>org.openqa.selenium.SessionNotCreatedException: session not created: This version of MSEdgeDriver only supports MSEdge version 100
Current browser version is 102.0.1245.33 with binary path C:\Program Files (x86)\Microsoft\Edge\Application\msedge.exe
Build info: version: &apos;3.141.59&apos;, revision: &apos;e82be7d358&apos;, time: &apos;2018-11-14T08:17:03&apos;
System info: host: &apos;VARSHA&apos;, ip: &apos;192.168.1.30&apos;, os.name: &apos;Windows 10&apos;, os.arch: &apos;amd64&apos;, os.version: &apos;10.0&apos;, java.version: &apos;1.8.0_261&apos;
Driver info: driver.version: EdgeDriver
remote stacktrace: Backtrace:
	Microsoft::Applications::Events::EventProperties::unpack [0x00007FF6D9E392F2+24834]
	Microsoft::Applications::Events::time_ticks_t::time_ticks_t [0x00007FF6D9D76752+523442]
	Ordinal0 [0x00007FF6D98713B5+660405]
	Ordinal0 [0x00007FF6D989C435+836661]
	Ordinal0 [0x00007FF6D989790C+817420]
	Ordinal0 [0x00007FF6D98934B0+799920]
	Ordinal0 [0x00007FF6D98CD49D+1037469]
	Ordinal0 [0x00007FF6D98C7BB3+1014707]
	Ordinal0 [0x00007FF6D989EAE0+846560]
	Ordinal0 [0x00007FF6D989FED8+851672]
	Microsoft::Applications::Events::EventProperty::to_string [0x00007FF6D9A3A6E8+846504]
	Microsoft::Applications::Events::EventProperty::EventProperty [0x00007FF6D9B2ACA1+36529]
	Microsoft::Applications::Events::EventProperty::EventProperty [0x00007FF6D9B2DFC2+49618]
	Microsoft::Applications::Events::EventProperty::to_string [0x00007FF6D9973566+31014]
	Microsoft::Applications::Events::time_ticks_t::time_ticks_t [0x00007FF6D9D7D6D1+551985]
	Microsoft::Applications::Events::time_ticks_t::time_ticks_t [0x00007FF6D9D821E4+571204]
	Microsoft::Applications::Events::time_ticks_t::time_ticks_t [0x00007FF6D9D8233D+571549]
	Microsoft::Applications::Events::time_ticks_t::time_ticks_t [0x00007FF6D9D8B46E+608718]
	BaseThreadInitThunk [0x00007FFC5E1354E0+16]
	RtlUserThreadStart [0x00007FFC5FA8485B+43]

	at org.openqa.selenium.remote.W3CHandshakeResponse.lambda$errorHandler$0(W3CHandshakeResponse.java:62)
	at org.openqa.selenium.remote.HandshakeResponse.lambda$getResponseFunction$0(HandshakeResponse.java:30)
	at org.openqa.selenium.remote.ProtocolHandshake.lambda$createSession$0(ProtocolHandshake.java:126)
	at java.util.stream.ReferencePipeline$3$1.accept(ReferencePipeline.java:193)
	at java.util.Spliterators$ArraySpliterator.tryAdvance(Spliterators.java:958)
	at java.util.stream.ReferencePipeline.forEachWithCancel(ReferencePipeline.java:126)
	at java.util.stream.AbstractPipeline.copyIntoWithCancel(AbstractPipeline.java:499)
	at java.util.stream.AbstractPipeline.copyInto(AbstractPipeline.java:486)
	at java.util.stream.AbstractPipeline.wrapAndCopyInto(AbstractPipeline.java:472)
	at java.util.stream.FindOps$FindOp.evaluateSequential(FindOps.java:152)
	at java.util.stream.AbstractPipeline.evaluate(AbstractPipeline.java:234)
	at java.util.stream.ReferencePipeline.findFirst(ReferencePipeline.java:464)
	at org.openqa.selenium.remote.ProtocolHandshake.createSession(ProtocolHandshake.java:128)
	at org.openqa.selenium.remote.ProtocolHandshake.createSession(ProtocolHandshake.java:74)
	at org.openqa.selenium.remote.HttpCommandExecutor.execute(HttpCommandExecutor.java:136)
	at org.openqa.selenium.remote.service.DriverCommandExecutor.execute(DriverCommandExecutor.java:83)
	at org.openqa.selenium.remote.RemoteWebDriver.execute(RemoteWebDriver.java:552)
	at org.openqa.selenium.remote.RemoteWebDriver.startSession(RemoteWebDriver.java:213)
	at org.openqa.selenium.remote.RemoteWebDriver.&lt;init&gt;(RemoteWebDriver.java:131)
	at org.openqa.selenium.edge.EdgeDriver.&lt;init&gt;(EdgeDriver.java:141)
	at org.openqa.selenium.edge.EdgeDriver.&lt;init&gt;(EdgeDriver.java:96)
	at com.sfdc.testCases.BaseClass.setup(BaseClass.java:95)
... Removed 32 stack frames</pre></div><a href='#' onClick='toggleBox("stack-trace2027701910", this, "Click to show all stack frames", "Click to hide stack frames")'>Click to show all stack frames</a>
<div class='stack-trace' id='stack-trace2027701910'><pre>org.openqa.selenium.SessionNotCreatedException: session not created: This version of MSEdgeDriver only supports MSEdge version 100
Current browser version is 102.0.1245.33 with binary path C:\Program Files (x86)\Microsoft\Edge\Application\msedge.exe
Build info: version: &apos;3.141.59&apos;, revision: &apos;e82be7d358&apos;, time: &apos;2018-11-14T08:17:03&apos;
System info: host: &apos;VARSHA&apos;, ip: &apos;192.168.1.30&apos;, os.name: &apos;Windows 10&apos;, os.arch: &apos;amd64&apos;, os.version: &apos;10.0&apos;, java.version: &apos;1.8.0_261&apos;
Driver info: driver.version: EdgeDriver
remote stacktrace: Backtrace:
	Microsoft::Applications::Events::EventProperties::unpack [0x00007FF6D9E392F2+24834]
	Microsoft::Applications::Events::time_ticks_t::time_ticks_t [0x00007FF6D9D76752+523442]
	Ordinal0 [0x00007FF6D98713B5+660405]
	Ordinal0 [0x00007FF6D989C435+836661]
	Ordinal0 [0x00007FF6D989790C+817420]
	Ordinal0 [0x00007FF6D98934B0+799920]
	Ordinal0 [0x00007FF6D98CD49D+1037469]
	Ordinal0 [0x00007FF6D98C7BB3+1014707]
	Ordinal0 [0x00007FF6D989EAE0+846560]
	Ordinal0 [0x00007FF6D989FED8+851672]
	Microsoft::Applications::Events::EventProperty::to_string [0x00007FF6D9A3A6E8+846504]
	Microsoft::Applications::Events::EventProperty::EventProperty [0x00007FF6D9B2ACA1+36529]
	Microsoft::Applications::Events::EventProperty::EventProperty [0x00007FF6D9B2DFC2+49618]
	Microsoft::Applications::Events::EventProperty::to_string [0x00007FF6D9973566+31014]
	Microsoft::Applications::Events::time_ticks_t::time_ticks_t [0x00007FF6D9D7D6D1+551985]
	Microsoft::Applications::Events::time_ticks_t::time_ticks_t [0x00007FF6D9D821E4+571204]
	Microsoft::Applications::Events::time_ticks_t::time_ticks_t [0x00007FF6D9D8233D+571549]
	Microsoft::Applications::Events::time_ticks_t::time_ticks_t [0x00007FF6D9D8B46E+608718]
	BaseThreadInitThunk [0x00007FFC5E1354E0+16]
	RtlUserThreadStart [0x00007FFC5FA8485B+43]

	at sun.reflect.NativeConstructorAccessorImpl.newInstance0(Native Method)
	at sun.reflect.NativeConstructorAccessorImpl.newInstance(NativeConstructorAccessorImpl.java:62)
	at sun.reflect.DelegatingConstructorAccessorImpl.newInstance(DelegatingConstructorAccessorImpl.java:45)
	at java.lang.reflect.Constructor.newInstance(Constructor.java:423)
	at org.openqa.selenium.remote.W3CHandshakeResponse.lambda$errorHandler$0(W3CHandshakeResponse.java:62)
	at org.openqa.selenium.remote.HandshakeResponse.lambda$getResponseFunction$0(HandshakeResponse.java:30)
	at org.openqa.selenium.remote.ProtocolHandshake.lambda$createSession$0(ProtocolHandshake.java:126)
	at java.util.stream.ReferencePipeline$3$1.accept(ReferencePipeline.java:193)
	at java.util.Spliterators$ArraySpliterator.tryAdvance(Spliterators.java:958)
	at java.util.stream.ReferencePipeline.forEachWithCancel(ReferencePipeline.java:126)
	at java.util.stream.AbstractPipeline.copyIntoWithCancel(AbstractPipeline.java:499)
	at java.util.stream.AbstractPipeline.copyInto(AbstractPipeline.java:486)
	at java.util.stream.AbstractPipeline.wrapAndCopyInto(AbstractPipeline.java:472)
	at java.util.stream.FindOps$FindOp.evaluateSequential(FindOps.java:152)
	at java.util.stream.AbstractPipeline.evaluate(AbstractPipeline.java:234)
	at java.util.stream.ReferencePipeline.findFirst(ReferencePipeline.java:464)
	at org.openqa.selenium.remote.ProtocolHandshake.createSession(ProtocolHandshake.java:128)
	at org.openqa.selenium.remote.ProtocolHandshake.createSession(ProtocolHandshake.java:74)
	at org.openqa.selenium.remote.HttpCommandExecutor.execute(HttpCommandExecutor.java:136)
	at org.openqa.selenium.remote.service.DriverCommandExecutor.execute(DriverCommandExecutor.java:83)
	at org.openqa.selenium.remote.RemoteWebDriver.execute(RemoteWebDriver.java:552)
	at org.openqa.selenium.remote.RemoteWebDriver.startSession(RemoteWebDriver.java:213)
	at org.openqa.selenium.remote.RemoteWebDriver.&lt;init&gt;(RemoteWebDriver.java:131)
	at org.openqa.selenium.edge.EdgeDriver.&lt;init&gt;(EdgeDriver.java:141)
	at org.openqa.selenium.edge.EdgeDriver.&lt;init&gt;(EdgeDriver.java:96)
	at com.sfdc.testCases.BaseClass.setup(BaseClass.java:95)
	at sun.reflect.NativeMethodAccessorImpl.invoke0(Native Method)
	at sun.reflect.NativeMethodAccessorImpl.invoke(NativeMethodAccessorImpl.java:62)
	at sun.reflect.DelegatingMethodAccessorImpl.invoke(DelegatingMethodAccessorImpl.java:43)
	at java.lang.reflect.Method.invoke(Method.java:498)
	at org.testng.internal.MethodInvocationHelper.invokeMethod(MethodInvocationHelper.java:124)
	at org.testng.internal.MethodInvocationHelper.invokeMethodConsideringTimeout(MethodInvocationHelper.java:59)
	at org.testng.internal.Invoker.invokeConfigurationMethod(Invoker.java:458)
	at org.testng.internal.Invoker.invokeConfigurations(Invoker.java:222)
	at org.testng.internal.Invoker.invokeMethod(Invoker.java:523)
	at org.testng.internal.Invoker.invokeTestMethod(Invoker.java:719)
	at org.testng.internal.Invoker.invokeTestMethods(Invoker.java:989)
	at org.testng.internal.TestMethodWorker.invokeTestMethods(TestMethodWorker.java:125)
	at org.testng.internal.TestMethodWorker.run(TestMethodWorker.java:109)
	at org.testng.TestRunner.privateRun(TestRunner.java:648)
	at org.testng.TestRunner.run(TestRunner.java:505)
	at org.testng.SuiteRunner.runTest(SuiteRunner.java:455)
	at org.testng.SuiteRunner.runSequentially(SuiteRunner.java:450)
	at org.testng.SuiteRunner.privateRun(SuiteRunner.java:415)
	at org.testng.SuiteRunner.run(SuiteRunner.java:364)
	at org.testng.SuiteRunnerWorker.runSuite(SuiteRunnerWorker.java:52)
	at org.testng.SuiteRunnerWorker.run(SuiteRunnerWorker.java:84)
	at org.testng.TestNG.runSuitesSequentially(TestNG.java:1208)
	at org.testng.TestNG.runSuitesLocally(TestNG.java:1137)
	at org.testng.TestNG.runSuites(TestNG.java:1049)
	at org.testng.TestNG.run(TestNG.java:1017)
	at org.testng.remote.AbstractRemoteTestNG.run(AbstractRemoteTestNG.java:115)
	at org.testng.remote.RemoteTestNG.initAndRun(RemoteTestNG.java:251)
	at org.testng.remote.RemoteTestNG.main(RemoteTestNG.java:77)
</pre></div></td>
<td>0</td>
<td>com.sfdc.testCases.TC_AccountsTest_003@60c6f5b</td></tr>
<tr>
<td title='com.sfdc.testCases.TC_AccountsTest_003.accTest04()'><b>accTest04</b><br>Test class: com.sfdc.testCases.TC_AccountsTest_003</td>
<td><div><pre>org.openqa.selenium.SessionNotCreatedException: session not created: This version of MSEdgeDriver only supports MSEdge version 100
Current browser version is 102.0.1245.33 with binary path C:\Program Files (x86)\Microsoft\Edge\Application\msedge.exe
Build info: version: &apos;3.141.59&apos;, revision: &apos;e82be7d358&apos;, time: &apos;2018-11-14T08:17:03&apos;
System info: host: &apos;VARSHA&apos;, ip: &apos;192.168.1.30&apos;, os.name: &apos;Windows 10&apos;, os.arch: &apos;amd64&apos;, os.version: &apos;10.0&apos;, java.version: &apos;1.8.0_261&apos;
Driver info: driver.version: EdgeDriver
remote stacktrace: Backtrace:
	Microsoft::Applications::Events::EventProperties::unpack [0x00007FF6D9E392F2+24834]
	Microsoft::Applications::Events::time_ticks_t::time_ticks_t [0x00007FF6D9D76752+523442]
	Ordinal0 [0x00007FF6D98713B5+660405]
	Ordinal0 [0x00007FF6D989C435+836661]
	Ordinal0 [0x00007FF6D989790C+817420]
	Ordinal0 [0x00007FF6D98934B0+799920]
	Ordinal0 [0x00007FF6D98CD49D+1037469]
	Ordinal0 [0x00007FF6D98C7BB3+1014707]
	Ordinal0 [0x00007FF6D989EAE0+846560]
	Ordinal0 [0x00007FF6D989FED8+851672]
	Microsoft::Applications::Events::EventProperty::to_string [0x00007FF6D9A3A6E8+846504]
	Microsoft::Applications::Events::EventProperty::EventProperty [0x00007FF6D9B2ACA1+36529]
	Microsoft::Applications::Events::EventProperty::EventProperty [0x00007FF6D9B2DFC2+49618]
	Microsoft::Applications::Events::EventProperty::to_string [0x00007FF6D9973566+31014]
	Microsoft::Applications::Events::time_ticks_t::time_ticks_t [0x00007FF6D9D7D6D1+551985]
	Microsoft::Applications::Events::time_ticks_t::time_ticks_t [0x00007FF6D9D821E4+571204]
	Microsoft::Applications::Events::time_ticks_t::time_ticks_t [0x00007FF6D9D8233D+571549]
	Microsoft::Applications::Events::time_ticks_t::time_ticks_t [0x00007FF6D9D8B46E+608718]
	BaseThreadInitThunk [0x00007FFC5E1354E0+16]
	RtlUserThreadStart [0x00007FFC5FA8485B+43]

	at org.openqa.selenium.remote.W3CHandshakeResponse.lambda$errorHandler$0(W3CHandshakeResponse.java:62)
	at org.openqa.selenium.remote.HandshakeResponse.lambda$getResponseFunction$0(HandshakeResponse.java:30)
	at org.openqa.selenium.remote.ProtocolHandshake.lambda$createSession$0(ProtocolHandshake.java:126)
	at java.util.stream.ReferencePipeline$3$1.accept(ReferencePipeline.java:193)
	at java.util.Spliterators$ArraySpliterator.tryAdvance(Spliterators.java:958)
	at java.util.stream.ReferencePipeline.forEachWithCancel(ReferencePipeline.java:126)
	at java.util.stream.AbstractPipeline.copyIntoWithCancel(AbstractPipeline.java:499)
	at java.util.stream.AbstractPipeline.copyInto(AbstractPipeline.java:486)
	at java.util.stream.AbstractPipeline.wrapAndCopyInto(AbstractPipeline.java:472)
	at java.util.stream.FindOps$FindOp.evaluateSequential(FindOps.java:152)
	at java.util.stream.AbstractPipeline.evaluate(AbstractPipeline.java:234)
	at java.util.stream.ReferencePipeline.findFirst(ReferencePipeline.java:464)
	at org.openqa.selenium.remote.ProtocolHandshake.createSession(ProtocolHandshake.java:128)
	at org.openqa.selenium.remote.ProtocolHandshake.createSession(ProtocolHandshake.java:74)
	at org.openqa.selenium.remote.HttpCommandExecutor.execute(HttpCommandExecutor.java:136)
	at org.openqa.selenium.remote.service.DriverCommandExecutor.execute(DriverCommandExecutor.java:83)
	at org.openqa.selenium.remote.RemoteWebDriver.execute(RemoteWebDriver.java:552)
	at org.openqa.selenium.remote.RemoteWebDriver.startSession(RemoteWebDriver.java:213)
	at org.openqa.selenium.remote.RemoteWebDriver.&lt;init&gt;(RemoteWebDriver.java:131)
	at org.openqa.selenium.edge.EdgeDriver.&lt;init&gt;(EdgeDriver.java:141)
	at org.openqa.selenium.edge.EdgeDriver.&lt;init&gt;(EdgeDriver.java:96)
	at com.sfdc.testCases.BaseClass.setup(BaseClass.java:95)
... Removed 32 stack frames</pre></div><a href='#' onClick='toggleBox("stack-trace1448277333", this, "Click to show all stack frames", "Click to hide stack frames")'>Click to show all stack frames</a>
<div class='stack-trace' id='stack-trace1448277333'><pre>org.openqa.selenium.SessionNotCreatedException: session not created: This version of MSEdgeDriver only supports MSEdge version 100
Current browser version is 102.0.1245.33 with binary path C:\Program Files (x86)\Microsoft\Edge\Application\msedge.exe
Build info: version: &apos;3.141.59&apos;, revision: &apos;e82be7d358&apos;, time: &apos;2018-11-14T08:17:03&apos;
System info: host: &apos;VARSHA&apos;, ip: &apos;192.168.1.30&apos;, os.name: &apos;Windows 10&apos;, os.arch: &apos;amd64&apos;, os.version: &apos;10.0&apos;, java.version: &apos;1.8.0_261&apos;
Driver info: driver.version: EdgeDriver
remote stacktrace: Backtrace:
	Microsoft::Applications::Events::EventProperties::unpack [0x00007FF6D9E392F2+24834]
	Microsoft::Applications::Events::time_ticks_t::time_ticks_t [0x00007FF6D9D76752+523442]
	Ordinal0 [0x00007FF6D98713B5+660405]
	Ordinal0 [0x00007FF6D989C435+836661]
	Ordinal0 [0x00007FF6D989790C+817420]
	Ordinal0 [0x00007FF6D98934B0+799920]
	Ordinal0 [0x00007FF6D98CD49D+1037469]
	Ordinal0 [0x00007FF6D98C7BB3+1014707]
	Ordinal0 [0x00007FF6D989EAE0+846560]
	Ordinal0 [0x00007FF6D989FED8+851672]
	Microsoft::Applications::Events::EventProperty::to_string [0x00007FF6D9A3A6E8+846504]
	Microsoft::Applications::Events::EventProperty::EventProperty [0x00007FF6D9B2ACA1+36529]
	Microsoft::Applications::Events::EventProperty::EventProperty [0x00007FF6D9B2DFC2+49618]
	Microsoft::Applications::Events::EventProperty::to_string [0x00007FF6D9973566+31014]
	Microsoft::Applications::Events::time_ticks_t::time_ticks_t [0x00007FF6D9D7D6D1+551985]
	Microsoft::Applications::Events::time_ticks_t::time_ticks_t [0x00007FF6D9D821E4+571204]
	Microsoft::Applications::Events::time_ticks_t::time_ticks_t [0x00007FF6D9D8233D+571549]
	Microsoft::Applications::Events::time_ticks_t::time_ticks_t [0x00007FF6D9D8B46E+608718]
	BaseThreadInitThunk [0x00007FFC5E1354E0+16]
	RtlUserThreadStart [0x00007FFC5FA8485B+43]

	at sun.reflect.NativeConstructorAccessorImpl.newInstance0(Native Method)
	at sun.reflect.NativeConstructorAccessorImpl.newInstance(NativeConstructorAccessorImpl.java:62)
	at sun.reflect.DelegatingConstructorAccessorImpl.newInstance(DelegatingConstructorAccessorImpl.java:45)
	at java.lang.reflect.Constructor.newInstance(Constructor.java:423)
	at org.openqa.selenium.remote.W3CHandshakeResponse.lambda$errorHandler$0(W3CHandshakeResponse.java:62)
	at org.openqa.selenium.remote.HandshakeResponse.lambda$getResponseFunction$0(HandshakeResponse.java:30)
	at org.openqa.selenium.remote.ProtocolHandshake.lambda$createSession$0(ProtocolHandshake.java:126)
	at java.util.stream.ReferencePipeline$3$1.accept(ReferencePipeline.java:193)
	at java.util.Spliterators$ArraySpliterator.tryAdvance(Spliterators.java:958)
	at java.util.stream.ReferencePipeline.forEachWithCancel(ReferencePipeline.java:126)
	at java.util.stream.AbstractPipeline.copyIntoWithCancel(AbstractPipeline.java:499)
	at java.util.stream.AbstractPipeline.copyInto(AbstractPipeline.java:486)
	at java.util.stream.AbstractPipeline.wrapAndCopyInto(AbstractPipeline.java:472)
	at java.util.stream.FindOps$FindOp.evaluateSequential(FindOps.java:152)
	at java.util.stream.AbstractPipeline.evaluate(AbstractPipeline.java:234)
	at java.util.stream.ReferencePipeline.findFirst(ReferencePipeline.java:464)
	at org.openqa.selenium.remote.ProtocolHandshake.createSession(ProtocolHandshake.java:128)
	at org.openqa.selenium.remote.ProtocolHandshake.createSession(ProtocolHandshake.java:74)
	at org.openqa.selenium.remote.HttpCommandExecutor.execute(HttpCommandExecutor.java:136)
	at org.openqa.selenium.remote.service.DriverCommandExecutor.execute(DriverCommandExecutor.java:83)
	at org.openqa.selenium.remote.RemoteWebDriver.execute(RemoteWebDriver.java:552)
	at org.openqa.selenium.remote.RemoteWebDriver.startSession(RemoteWebDriver.java:213)
	at org.openqa.selenium.remote.RemoteWebDriver.&lt;init&gt;(RemoteWebDriver.java:131)
	at org.openqa.selenium.edge.EdgeDriver.&lt;init&gt;(EdgeDriver.java:141)
	at org.openqa.selenium.edge.EdgeDriver.&lt;init&gt;(EdgeDriver.java:96)
	at com.sfdc.testCases.BaseClass.setup(BaseClass.java:95)
	at sun.reflect.NativeMethodAccessorImpl.invoke0(Native Method)
	at sun.reflect.NativeMethodAccessorImpl.invoke(NativeMethodAccessorImpl.java:62)
	at sun.reflect.DelegatingMethodAccessorImpl.invoke(DelegatingMethodAccessorImpl.java:43)
	at java.lang.reflect.Method.invoke(Method.java:498)
	at org.testng.internal.MethodInvocationHelper.invokeMethod(MethodInvocationHelper.java:124)
	at org.testng.internal.MethodInvocationHelper.invokeMethodConsideringTimeout(MethodInvocationHelper.java:59)
	at org.testng.internal.Invoker.invokeConfigurationMethod(Invoker.java:458)
	at org.testng.internal.Invoker.invokeConfigurations(Invoker.java:222)
	at org.testng.internal.Invoker.invokeMethod(Invoker.java:523)
	at org.testng.internal.Invoker.invokeTestMethod(Invoker.java:719)
	at org.testng.internal.Invoker.invokeTestMethods(Invoker.java:989)
	at org.testng.internal.TestMethodWorker.invokeTestMethods(TestMethodWorker.java:125)
	at org.testng.internal.TestMethodWorker.run(TestMethodWorker.java:109)
	at org.testng.TestRunner.privateRun(TestRunner.java:648)
	at org.testng.TestRunner.run(TestRunner.java:505)
	at org.testng.SuiteRunner.runTest(SuiteRunner.java:455)
	at org.testng.SuiteRunner.runSequentially(SuiteRunner.java:450)
	at org.testng.SuiteRunner.privateRun(SuiteRunner.java:415)
	at org.testng.SuiteRunner.run(SuiteRunner.java:364)
	at org.testng.SuiteRunnerWorker.runSuite(SuiteRunnerWorker.java:52)
	at org.testng.SuiteRunnerWorker.run(SuiteRunnerWorker.java:84)
	at org.testng.TestNG.runSuitesSequentially(TestNG.java:1208)
	at org.testng.TestNG.runSuitesLocally(TestNG.java:1137)
	at org.testng.TestNG.runSuites(TestNG.java:1049)
	at org.testng.TestNG.run(TestNG.java:1017)
	at org.testng.remote.AbstractRemoteTestNG.run(AbstractRemoteTestNG.java:115)
	at org.testng.remote.RemoteTestNG.initAndRun(RemoteTestNG.java:251)
	at org.testng.remote.RemoteTestNG.main(RemoteTestNG.java:77)
</pre></div></td>
<td>0</td>
<td>com.sfdc.testCases.TC_AccountsTest_003@60c6f5b</td></tr>
<tr>
<td title='com.sfdc.testCases.TC_UserMenuTest_002.userTest01()'><b>userTest01</b><br>Test class: com.sfdc.testCases.TC_UserMenuTest_002</td>
<td><div><pre>org.openqa.selenium.SessionNotCreatedException: session not created: This version of MSEdgeDriver only supports MSEdge version 100
Current browser version is 102.0.1245.33 with binary path C:\Program Files (x86)\Microsoft\Edge\Application\msedge.exe
Build info: version: &apos;3.141.59&apos;, revision: &apos;e82be7d358&apos;, time: &apos;2018-11-14T08:17:03&apos;
System info: host: &apos;VARSHA&apos;, ip: &apos;192.168.1.30&apos;, os.name: &apos;Windows 10&apos;, os.arch: &apos;amd64&apos;, os.version: &apos;10.0&apos;, java.version: &apos;1.8.0_261&apos;
Driver info: driver.version: EdgeDriver
remote stacktrace: Backtrace:
	Microsoft::Applications::Events::EventProperties::unpack [0x00007FF6D9E392F2+24834]
	Microsoft::Applications::Events::time_ticks_t::time_ticks_t [0x00007FF6D9D76752+523442]
	Ordinal0 [0x00007FF6D98713B5+660405]
	Ordinal0 [0x00007FF6D989C435+836661]
	Ordinal0 [0x00007FF6D989790C+817420]
	Ordinal0 [0x00007FF6D98934B0+799920]
	Ordinal0 [0x00007FF6D98CD49D+1037469]
	Ordinal0 [0x00007FF6D98C7BB3+1014707]
	Ordinal0 [0x00007FF6D989EAE0+846560]
	Ordinal0 [0x00007FF6D989FED8+851672]
	Microsoft::Applications::Events::EventProperty::to_string [0x00007FF6D9A3A6E8+846504]
	Microsoft::Applications::Events::EventProperty::EventProperty [0x00007FF6D9B2ACA1+36529]
	Microsoft::Applications::Events::EventProperty::EventProperty [0x00007FF6D9B2DFC2+49618]
	Microsoft::Applications::Events::EventProperty::to_string [0x00007FF6D9973566+31014]
	Microsoft::Applications::Events::time_ticks_t::time_ticks_t [0x00007FF6D9D7D6D1+551985]
	Microsoft::Applications::Events::time_ticks_t::time_ticks_t [0x00007FF6D9D821E4+571204]
	Microsoft::Applications::Events::time_ticks_t::time_ticks_t [0x00007FF6D9D8233D+571549]
	Microsoft::Applications::Events::time_ticks_t::time_ticks_t [0x00007FF6D9D8B46E+608718]
	BaseThreadInitThunk [0x00007FFC5E1354E0+16]
	RtlUserThreadStart [0x00007FFC5FA8485B+43]

	at org.openqa.selenium.remote.W3CHandshakeResponse.lambda$errorHandler$0(W3CHandshakeResponse.java:62)
	at org.openqa.selenium.remote.HandshakeResponse.lambda$getResponseFunction$0(HandshakeResponse.java:30)
	at org.openqa.selenium.remote.ProtocolHandshake.lambda$createSession$0(ProtocolHandshake.java:126)
	at java.util.stream.ReferencePipeline$3$1.accept(ReferencePipeline.java:193)
	at java.util.Spliterators$ArraySpliterator.tryAdvance(Spliterators.java:958)
	at java.util.stream.ReferencePipeline.forEachWithCancel(ReferencePipeline.java:126)
	at java.util.stream.AbstractPipeline.copyIntoWithCancel(AbstractPipeline.java:499)
	at java.util.stream.AbstractPipeline.copyInto(AbstractPipeline.java:486)
	at java.util.stream.AbstractPipeline.wrapAndCopyInto(AbstractPipeline.java:472)
	at java.util.stream.FindOps$FindOp.evaluateSequential(FindOps.java:152)
	at java.util.stream.AbstractPipeline.evaluate(AbstractPipeline.java:234)
	at java.util.stream.ReferencePipeline.findFirst(ReferencePipeline.java:464)
	at org.openqa.selenium.remote.ProtocolHandshake.createSession(ProtocolHandshake.java:128)
	at org.openqa.selenium.remote.ProtocolHandshake.createSession(ProtocolHandshake.java:74)
	at org.openqa.selenium.remote.HttpCommandExecutor.execute(HttpCommandExecutor.java:136)
	at org.openqa.selenium.remote.service.DriverCommandExecutor.execute(DriverCommandExecutor.java:83)
	at org.openqa.selenium.remote.RemoteWebDriver.execute(RemoteWebDriver.java:552)
	at org.openqa.selenium.remote.RemoteWebDriver.startSession(RemoteWebDriver.java:213)
	at org.openqa.selenium.remote.RemoteWebDriver.&lt;init&gt;(RemoteWebDriver.java:131)
	at org.openqa.selenium.edge.EdgeDriver.&lt;init&gt;(EdgeDriver.java:141)
	at org.openqa.selenium.edge.EdgeDriver.&lt;init&gt;(EdgeDriver.java:96)
	at com.sfdc.testCases.BaseClass.setup(BaseClass.java:95)
... Removed 32 stack frames</pre></div><a href='#' onClick='toggleBox("stack-trace916958177", this, "Click to show all stack frames", "Click to hide stack frames")'>Click to show all stack frames</a>
<div class='stack-trace' id='stack-trace916958177'><pre>org.openqa.selenium.SessionNotCreatedException: session not created: This version of MSEdgeDriver only supports MSEdge version 100
Current browser version is 102.0.1245.33 with binary path C:\Program Files (x86)\Microsoft\Edge\Application\msedge.exe
Build info: version: &apos;3.141.59&apos;, revision: &apos;e82be7d358&apos;, time: &apos;2018-11-14T08:17:03&apos;
System info: host: &apos;VARSHA&apos;, ip: &apos;192.168.1.30&apos;, os.name: &apos;Windows 10&apos;, os.arch: &apos;amd64&apos;, os.version: &apos;10.0&apos;, java.version: &apos;1.8.0_261&apos;
Driver info: driver.version: EdgeDriver
remote stacktrace: Backtrace:
	Microsoft::Applications::Events::EventProperties::unpack [0x00007FF6D9E392F2+24834]
	Microsoft::Applications::Events::time_ticks_t::time_ticks_t [0x00007FF6D9D76752+523442]
	Ordinal0 [0x00007FF6D98713B5+660405]
	Ordinal0 [0x00007FF6D989C435+836661]
	Ordinal0 [0x00007FF6D989790C+817420]
	Ordinal0 [0x00007FF6D98934B0+799920]
	Ordinal0 [0x00007FF6D98CD49D+1037469]
	Ordinal0 [0x00007FF6D98C7BB3+1014707]
	Ordinal0 [0x00007FF6D989EAE0+846560]
	Ordinal0 [0x00007FF6D989FED8+851672]
	Microsoft::Applications::Events::EventProperty::to_string [0x00007FF6D9A3A6E8+846504]
	Microsoft::Applications::Events::EventProperty::EventProperty [0x00007FF6D9B2ACA1+36529]
	Microsoft::Applications::Events::EventProperty::EventProperty [0x00007FF6D9B2DFC2+49618]
	Microsoft::Applications::Events::EventProperty::to_string [0x00007FF6D9973566+31014]
	Microsoft::Applications::Events::time_ticks_t::time_ticks_t [0x00007FF6D9D7D6D1+551985]
	Microsoft::Applications::Events::time_ticks_t::time_ticks_t [0x00007FF6D9D821E4+571204]
	Microsoft::Applications::Events::time_ticks_t::time_ticks_t [0x00007FF6D9D8233D+571549]
	Microsoft::Applications::Events::time_ticks_t::time_ticks_t [0x00007FF6D9D8B46E+608718]
	BaseThreadInitThunk [0x00007FFC5E1354E0+16]
	RtlUserThreadStart [0x00007FFC5FA8485B+43]

	at sun.reflect.NativeConstructorAccessorImpl.newInstance0(Native Method)
	at sun.reflect.NativeConstructorAccessorImpl.newInstance(NativeConstructorAccessorImpl.java:62)
	at sun.reflect.DelegatingConstructorAccessorImpl.newInstance(DelegatingConstructorAccessorImpl.java:45)
	at java.lang.reflect.Constructor.newInstance(Constructor.java:423)
	at org.openqa.selenium.remote.W3CHandshakeResponse.lambda$errorHandler$0(W3CHandshakeResponse.java:62)
	at org.openqa.selenium.remote.HandshakeResponse.lambda$getResponseFunction$0(HandshakeResponse.java:30)
	at org.openqa.selenium.remote.ProtocolHandshake.lambda$createSession$0(ProtocolHandshake.java:126)
	at java.util.stream.ReferencePipeline$3$1.accept(ReferencePipeline.java:193)
	at java.util.Spliterators$ArraySpliterator.tryAdvance(Spliterators.java:958)
	at java.util.stream.ReferencePipeline.forEachWithCancel(ReferencePipeline.java:126)
	at java.util.stream.AbstractPipeline.copyIntoWithCancel(AbstractPipeline.java:499)
	at java.util.stream.AbstractPipeline.copyInto(AbstractPipeline.java:486)
	at java.util.stream.AbstractPipeline.wrapAndCopyInto(AbstractPipeline.java:472)
	at java.util.stream.FindOps$FindOp.evaluateSequential(FindOps.java:152)
	at java.util.stream.AbstractPipeline.evaluate(AbstractPipeline.java:234)
	at java.util.stream.ReferencePipeline.findFirst(ReferencePipeline.java:464)
	at org.openqa.selenium.remote.ProtocolHandshake.createSession(ProtocolHandshake.java:128)
	at org.openqa.selenium.remote.ProtocolHandshake.createSession(ProtocolHandshake.java:74)
	at org.openqa.selenium.remote.HttpCommandExecutor.execute(HttpCommandExecutor.java:136)
	at org.openqa.selenium.remote.service.DriverCommandExecutor.execute(DriverCommandExecutor.java:83)
	at org.openqa.selenium.remote.RemoteWebDriver.execute(RemoteWebDriver.java:552)
	at org.openqa.selenium.remote.RemoteWebDriver.startSession(RemoteWebDriver.java:213)
	at org.openqa.selenium.remote.RemoteWebDriver.&lt;init&gt;(RemoteWebDriver.java:131)
	at org.openqa.selenium.edge.EdgeDriver.&lt;init&gt;(EdgeDriver.java:141)
	at org.openqa.selenium.edge.EdgeDriver.&lt;init&gt;(EdgeDriver.java:96)
	at com.sfdc.testCases.BaseClass.setup(BaseClass.java:95)
	at sun.reflect.NativeMethodAccessorImpl.invoke0(Native Method)
	at sun.reflect.NativeMethodAccessorImpl.invoke(NativeMethodAccessorImpl.java:62)
	at sun.reflect.DelegatingMethodAccessorImpl.invoke(DelegatingMethodAccessorImpl.java:43)
	at java.lang.reflect.Method.invoke(Method.java:498)
	at org.testng.internal.MethodInvocationHelper.invokeMethod(MethodInvocationHelper.java:124)
	at org.testng.internal.MethodInvocationHelper.invokeMethodConsideringTimeout(MethodInvocationHelper.java:59)
	at org.testng.internal.Invoker.invokeConfigurationMethod(Invoker.java:458)
	at org.testng.internal.Invoker.invokeConfigurations(Invoker.java:222)
	at org.testng.internal.Invoker.invokeMethod(Invoker.java:523)
	at org.testng.internal.Invoker.invokeTestMethod(Invoker.java:719)
	at org.testng.internal.Invoker.invokeTestMethods(Invoker.java:989)
	at org.testng.internal.TestMethodWorker.invokeTestMethods(TestMethodWorker.java:125)
	at org.testng.internal.TestMethodWorker.run(TestMethodWorker.java:109)
	at org.testng.TestRunner.privateRun(TestRunner.java:648)
	at org.testng.TestRunner.run(TestRunner.java:505)
	at org.testng.SuiteRunner.runTest(SuiteRunner.java:455)
	at org.testng.SuiteRunner.runSequentially(SuiteRunner.java:450)
	at org.testng.SuiteRunner.privateRun(SuiteRunner.java:415)
	at org.testng.SuiteRunner.run(SuiteRunner.java:364)
	at org.testng.SuiteRunnerWorker.runSuite(SuiteRunnerWorker.java:52)
	at org.testng.SuiteRunnerWorker.run(SuiteRunnerWorker.java:84)
	at org.testng.TestNG.runSuitesSequentially(TestNG.java:1208)
	at org.testng.TestNG.runSuitesLocally(TestNG.java:1137)
	at org.testng.TestNG.runSuites(TestNG.java:1049)
	at org.testng.TestNG.run(TestNG.java:1017)
	at org.testng.remote.AbstractRemoteTestNG.run(AbstractRemoteTestNG.java:115)
	at org.testng.remote.RemoteTestNG.initAndRun(RemoteTestNG.java:251)
	at org.testng.remote.RemoteTestNG.main(RemoteTestNG.java:77)
</pre></div></td>
<td>0</td>
<td>com.sfdc.testCases.TC_UserMenuTest_002@1e127982</td></tr>
<tr>
<td title='com.sfdc.testCases.TC_UserMenuTest_002.userTest02()'><b>userTest02</b><br>Test class: com.sfdc.testCases.TC_UserMenuTest_002</td>
<td><div><pre>org.openqa.selenium.SessionNotCreatedException: session not created: This version of MSEdgeDriver only supports MSEdge version 100
Current browser version is 102.0.1245.33 with binary path C:\Program Files (x86)\Microsoft\Edge\Application\msedge.exe
Build info: version: &apos;3.141.59&apos;, revision: &apos;e82be7d358&apos;, time: &apos;2018-11-14T08:17:03&apos;
System info: host: &apos;VARSHA&apos;, ip: &apos;192.168.1.30&apos;, os.name: &apos;Windows 10&apos;, os.arch: &apos;amd64&apos;, os.version: &apos;10.0&apos;, java.version: &apos;1.8.0_261&apos;
Driver info: driver.version: EdgeDriver
remote stacktrace: Backtrace:
	Microsoft::Applications::Events::EventProperties::unpack [0x00007FF6D9E392F2+24834]
	Microsoft::Applications::Events::time_ticks_t::time_ticks_t [0x00007FF6D9D76752+523442]
	Ordinal0 [0x00007FF6D98713B5+660405]
	Ordinal0 [0x00007FF6D989C435+836661]
	Ordinal0 [0x00007FF6D989790C+817420]
	Ordinal0 [0x00007FF6D98934B0+799920]
	Ordinal0 [0x00007FF6D98CD49D+1037469]
	Ordinal0 [0x00007FF6D98C7BB3+1014707]
	Ordinal0 [0x00007FF6D989EAE0+846560]
	Ordinal0 [0x00007FF6D989FED8+851672]
	Microsoft::Applications::Events::EventProperty::to_string [0x00007FF6D9A3A6E8+846504]
	Microsoft::Applications::Events::EventProperty::EventProperty [0x00007FF6D9B2ACA1+36529]
	Microsoft::Applications::Events::EventProperty::EventProperty [0x00007FF6D9B2DFC2+49618]
	Microsoft::Applications::Events::EventProperty::to_string [0x00007FF6D9973566+31014]
	Microsoft::Applications::Events::time_ticks_t::time_ticks_t [0x00007FF6D9D7D6D1+551985]
	Microsoft::Applications::Events::time_ticks_t::time_ticks_t [0x00007FF6D9D821E4+571204]
	Microsoft::Applications::Events::time_ticks_t::time_ticks_t [0x00007FF6D9D8233D+571549]
	Microsoft::Applications::Events::time_ticks_t::time_ticks_t [0x00007FF6D9D8B46E+608718]
	BaseThreadInitThunk [0x00007FFC5E1354E0+16]
	RtlUserThreadStart [0x00007FFC5FA8485B+43]

	at org.openqa.selenium.remote.W3CHandshakeResponse.lambda$errorHandler$0(W3CHandshakeResponse.java:62)
	at org.openqa.selenium.remote.HandshakeResponse.lambda$getResponseFunction$0(HandshakeResponse.java:30)
	at org.openqa.selenium.remote.ProtocolHandshake.lambda$createSession$0(ProtocolHandshake.java:126)
	at java.util.stream.ReferencePipeline$3$1.accept(ReferencePipeline.java:193)
	at java.util.Spliterators$ArraySpliterator.tryAdvance(Spliterators.java:958)
	at java.util.stream.ReferencePipeline.forEachWithCancel(ReferencePipeline.java:126)
	at java.util.stream.AbstractPipeline.copyIntoWithCancel(AbstractPipeline.java:499)
	at java.util.stream.AbstractPipeline.copyInto(AbstractPipeline.java:486)
	at java.util.stream.AbstractPipeline.wrapAndCopyInto(AbstractPipeline.java:472)
	at java.util.stream.FindOps$FindOp.evaluateSequential(FindOps.java:152)
	at java.util.stream.AbstractPipeline.evaluate(AbstractPipeline.java:234)
	at java.util.stream.ReferencePipeline.findFirst(ReferencePipeline.java:464)
	at org.openqa.selenium.remote.ProtocolHandshake.createSession(ProtocolHandshake.java:128)
	at org.openqa.selenium.remote.ProtocolHandshake.createSession(ProtocolHandshake.java:74)
	at org.openqa.selenium.remote.HttpCommandExecutor.execute(HttpCommandExecutor.java:136)
	at org.openqa.selenium.remote.service.DriverCommandExecutor.execute(DriverCommandExecutor.java:83)
	at org.openqa.selenium.remote.RemoteWebDriver.execute(RemoteWebDriver.java:552)
	at org.openqa.selenium.remote.RemoteWebDriver.startSession(RemoteWebDriver.java:213)
	at org.openqa.selenium.remote.RemoteWebDriver.&lt;init&gt;(RemoteWebDriver.java:131)
	at org.openqa.selenium.edge.EdgeDriver.&lt;init&gt;(EdgeDriver.java:141)
	at org.openqa.selenium.edge.EdgeDriver.&lt;init&gt;(EdgeDriver.java:96)
	at com.sfdc.testCases.BaseClass.setup(BaseClass.java:95)
... Removed 32 stack frames</pre></div><a href='#' onClick='toggleBox("stack-trace235162442", this, "Click to show all stack frames", "Click to hide stack frames")'>Click to show all stack frames</a>
<div class='stack-trace' id='stack-trace235162442'><pre>org.openqa.selenium.SessionNotCreatedException: session not created: This version of MSEdgeDriver only supports MSEdge version 100
Current browser version is 102.0.1245.33 with binary path C:\Program Files (x86)\Microsoft\Edge\Application\msedge.exe
Build info: version: &apos;3.141.59&apos;, revision: &apos;e82be7d358&apos;, time: &apos;2018-11-14T08:17:03&apos;
System info: host: &apos;VARSHA&apos;, ip: &apos;192.168.1.30&apos;, os.name: &apos;Windows 10&apos;, os.arch: &apos;amd64&apos;, os.version: &apos;10.0&apos;, java.version: &apos;1.8.0_261&apos;
Driver info: driver.version: EdgeDriver
remote stacktrace: Backtrace:
	Microsoft::Applications::Events::EventProperties::unpack [0x00007FF6D9E392F2+24834]
	Microsoft::Applications::Events::time_ticks_t::time_ticks_t [0x00007FF6D9D76752+523442]
	Ordinal0 [0x00007FF6D98713B5+660405]
	Ordinal0 [0x00007FF6D989C435+836661]
	Ordinal0 [0x00007FF6D989790C+817420]
	Ordinal0 [0x00007FF6D98934B0+799920]
	Ordinal0 [0x00007FF6D98CD49D+1037469]
	Ordinal0 [0x00007FF6D98C7BB3+1014707]
	Ordinal0 [0x00007FF6D989EAE0+846560]
	Ordinal0 [0x00007FF6D989FED8+851672]
	Microsoft::Applications::Events::EventProperty::to_string [0x00007FF6D9A3A6E8+846504]
	Microsoft::Applications::Events::EventProperty::EventProperty [0x00007FF6D9B2ACA1+36529]
	Microsoft::Applications::Events::EventProperty::EventProperty [0x00007FF6D9B2DFC2+49618]
	Microsoft::Applications::Events::EventProperty::to_string [0x00007FF6D9973566+31014]
	Microsoft::Applications::Events::time_ticks_t::time_ticks_t [0x00007FF6D9D7D6D1+551985]
	Microsoft::Applications::Events::time_ticks_t::time_ticks_t [0x00007FF6D9D821E4+571204]
	Microsoft::Applications::Events::time_ticks_t::time_ticks_t [0x00007FF6D9D8233D+571549]
	Microsoft::Applications::Events::time_ticks_t::time_ticks_t [0x00007FF6D9D8B46E+608718]
	BaseThreadInitThunk [0x00007FFC5E1354E0+16]
	RtlUserThreadStart [0x00007FFC5FA8485B+43]

	at sun.reflect.NativeConstructorAccessorImpl.newInstance0(Native Method)
	at sun.reflect.NativeConstructorAccessorImpl.newInstance(NativeConstructorAccessorImpl.java:62)
	at sun.reflect.DelegatingConstructorAccessorImpl.newInstance(DelegatingConstructorAccessorImpl.java:45)
	at java.lang.reflect.Constructor.newInstance(Constructor.java:423)
	at org.openqa.selenium.remote.W3CHandshakeResponse.lambda$errorHandler$0(W3CHandshakeResponse.java:62)
	at org.openqa.selenium.remote.HandshakeResponse.lambda$getResponseFunction$0(HandshakeResponse.java:30)
	at org.openqa.selenium.remote.ProtocolHandshake.lambda$createSession$0(ProtocolHandshake.java:126)
	at java.util.stream.ReferencePipeline$3$1.accept(ReferencePipeline.java:193)
	at java.util.Spliterators$ArraySpliterator.tryAdvance(Spliterators.java:958)
	at java.util.stream.ReferencePipeline.forEachWithCancel(ReferencePipeline.java:126)
	at java.util.stream.AbstractPipeline.copyIntoWithCancel(AbstractPipeline.java:499)
	at java.util.stream.AbstractPipeline.copyInto(AbstractPipeline.java:486)
	at java.util.stream.AbstractPipeline.wrapAndCopyInto(AbstractPipeline.java:472)
	at java.util.stream.FindOps$FindOp.evaluateSequential(FindOps.java:152)
	at java.util.stream.AbstractPipeline.evaluate(AbstractPipeline.java:234)
	at java.util.stream.ReferencePipeline.findFirst(ReferencePipeline.java:464)
	at org.openqa.selenium.remote.ProtocolHandshake.createSession(ProtocolHandshake.java:128)
	at org.openqa.selenium.remote.ProtocolHandshake.createSession(ProtocolHandshake.java:74)
	at org.openqa.selenium.remote.HttpCommandExecutor.execute(HttpCommandExecutor.java:136)
	at org.openqa.selenium.remote.service.DriverCommandExecutor.execute(DriverCommandExecutor.java:83)
	at org.openqa.selenium.remote.RemoteWebDriver.execute(RemoteWebDriver.java:552)
	at org.openqa.selenium.remote.RemoteWebDriver.startSession(RemoteWebDriver.java:213)
	at org.openqa.selenium.remote.RemoteWebDriver.&lt;init&gt;(RemoteWebDriver.java:131)
	at org.openqa.selenium.edge.EdgeDriver.&lt;init&gt;(EdgeDriver.java:141)
	at org.openqa.selenium.edge.EdgeDriver.&lt;init&gt;(EdgeDriver.java:96)
	at com.sfdc.testCases.BaseClass.setup(BaseClass.java:95)
	at sun.reflect.NativeMethodAccessorImpl.invoke0(Native Method)
	at sun.reflect.NativeMethodAccessorImpl.invoke(NativeMethodAccessorImpl.java:62)
	at sun.reflect.DelegatingMethodAccessorImpl.invoke(DelegatingMethodAccessorImpl.java:43)
	at java.lang.reflect.Method.invoke(Method.java:498)
	at org.testng.internal.MethodInvocationHelper.invokeMethod(MethodInvocationHelper.java:124)
	at org.testng.internal.MethodInvocationHelper.invokeMethodConsideringTimeout(MethodInvocationHelper.java:59)
	at org.testng.internal.Invoker.invokeConfigurationMethod(Invoker.java:458)
	at org.testng.internal.Invoker.invokeConfigurations(Invoker.java:222)
	at org.testng.internal.Invoker.invokeMethod(Invoker.java:523)
	at org.testng.internal.Invoker.invokeTestMethod(Invoker.java:719)
	at org.testng.internal.Invoker.invokeTestMethods(Invoker.java:989)
	at org.testng.internal.TestMethodWorker.invokeTestMethods(TestMethodWorker.java:125)
	at org.testng.internal.TestMethodWorker.run(TestMethodWorker.java:109)
	at org.testng.TestRunner.privateRun(TestRunner.java:648)
	at org.testng.TestRunner.run(TestRunner.java:505)
	at org.testng.SuiteRunner.runTest(SuiteRunner.java:455)
	at org.testng.SuiteRunner.runSequentially(SuiteRunner.java:450)
	at org.testng.SuiteRunner.privateRun(SuiteRunner.java:415)
	at org.testng.SuiteRunner.run(SuiteRunner.java:364)
	at org.testng.SuiteRunnerWorker.runSuite(SuiteRunnerWorker.java:52)
	at org.testng.SuiteRunnerWorker.run(SuiteRunnerWorker.java:84)
	at org.testng.TestNG.runSuitesSequentially(TestNG.java:1208)
	at org.testng.TestNG.runSuitesLocally(TestNG.java:1137)
	at org.testng.TestNG.runSuites(TestNG.java:1049)
	at org.testng.TestNG.run(TestNG.java:1017)
	at org.testng.remote.AbstractRemoteTestNG.run(AbstractRemoteTestNG.java:115)
	at org.testng.remote.RemoteTestNG.initAndRun(RemoteTestNG.java:251)
	at org.testng.remote.RemoteTestNG.main(RemoteTestNG.java:77)
</pre></div></td>
<td>0</td>
<td>com.sfdc.testCases.TC_UserMenuTest_002@1e127982</td></tr>
<tr>
<td title='com.sfdc.testCases.TC_UserMenuTest_002.userTest03()'><b>userTest03</b><br>Test class: com.sfdc.testCases.TC_UserMenuTest_002</td>
<td><div><pre>org.openqa.selenium.SessionNotCreatedException: session not created: This version of MSEdgeDriver only supports MSEdge version 100
Current browser version is 102.0.1245.33 with binary path C:\Program Files (x86)\Microsoft\Edge\Application\msedge.exe
Build info: version: &apos;3.141.59&apos;, revision: &apos;e82be7d358&apos;, time: &apos;2018-11-14T08:17:03&apos;
System info: host: &apos;VARSHA&apos;, ip: &apos;192.168.1.30&apos;, os.name: &apos;Windows 10&apos;, os.arch: &apos;amd64&apos;, os.version: &apos;10.0&apos;, java.version: &apos;1.8.0_261&apos;
Driver info: driver.version: EdgeDriver
remote stacktrace: Backtrace:
	Microsoft::Applications::Events::EventProperties::unpack [0x00007FF6D9E392F2+24834]
	Microsoft::Applications::Events::time_ticks_t::time_ticks_t [0x00007FF6D9D76752+523442]
	Ordinal0 [0x00007FF6D98713B5+660405]
	Ordinal0 [0x00007FF6D989C435+836661]
	Ordinal0 [0x00007FF6D989790C+817420]
	Ordinal0 [0x00007FF6D98934B0+799920]
	Ordinal0 [0x00007FF6D98CD49D+1037469]
	Ordinal0 [0x00007FF6D98C7BB3+1014707]
	Ordinal0 [0x00007FF6D989EAE0+846560]
	Ordinal0 [0x00007FF6D989FED8+851672]
	Microsoft::Applications::Events::EventProperty::to_string [0x00007FF6D9A3A6E8+846504]
	Microsoft::Applications::Events::EventProperty::EventProperty [0x00007FF6D9B2ACA1+36529]
	Microsoft::Applications::Events::EventProperty::EventProperty [0x00007FF6D9B2DFC2+49618]
	Microsoft::Applications::Events::EventProperty::to_string [0x00007FF6D9973566+31014]
	Microsoft::Applications::Events::time_ticks_t::time_ticks_t [0x00007FF6D9D7D6D1+551985]
	Microsoft::Applications::Events::time_ticks_t::time_ticks_t [0x00007FF6D9D821E4+571204]
	Microsoft::Applications::Events::time_ticks_t::time_ticks_t [0x00007FF6D9D8233D+571549]
	Microsoft::Applications::Events::time_ticks_t::time_ticks_t [0x00007FF6D9D8B46E+608718]
	BaseThreadInitThunk [0x00007FFC5E1354E0+16]
	RtlUserThreadStart [0x00007FFC5FA8485B+43]

	at org.openqa.selenium.remote.W3CHandshakeResponse.lambda$errorHandler$0(W3CHandshakeResponse.java:62)
	at org.openqa.selenium.remote.HandshakeResponse.lambda$getResponseFunction$0(HandshakeResponse.java:30)
	at org.openqa.selenium.remote.ProtocolHandshake.lambda$createSession$0(ProtocolHandshake.java:126)
	at java.util.stream.ReferencePipeline$3$1.accept(ReferencePipeline.java:193)
	at java.util.Spliterators$ArraySpliterator.tryAdvance(Spliterators.java:958)
	at java.util.stream.ReferencePipeline.forEachWithCancel(ReferencePipeline.java:126)
	at java.util.stream.AbstractPipeline.copyIntoWithCancel(AbstractPipeline.java:499)
	at java.util.stream.AbstractPipeline.copyInto(AbstractPipeline.java:486)
	at java.util.stream.AbstractPipeline.wrapAndCopyInto(AbstractPipeline.java:472)
	at java.util.stream.FindOps$FindOp.evaluateSequential(FindOps.java:152)
	at java.util.stream.AbstractPipeline.evaluate(AbstractPipeline.java:234)
	at java.util.stream.ReferencePipeline.findFirst(ReferencePipeline.java:464)
	at org.openqa.selenium.remote.ProtocolHandshake.createSession(ProtocolHandshake.java:128)
	at org.openqa.selenium.remote.ProtocolHandshake.createSession(ProtocolHandshake.java:74)
	at org.openqa.selenium.remote.HttpCommandExecutor.execute(HttpCommandExecutor.java:136)
	at org.openqa.selenium.remote.service.DriverCommandExecutor.execute(DriverCommandExecutor.java:83)
	at org.openqa.selenium.remote.RemoteWebDriver.execute(RemoteWebDriver.java:552)
	at org.openqa.selenium.remote.RemoteWebDriver.startSession(RemoteWebDriver.java:213)
	at org.openqa.selenium.remote.RemoteWebDriver.&lt;init&gt;(RemoteWebDriver.java:131)
	at org.openqa.selenium.edge.EdgeDriver.&lt;init&gt;(EdgeDriver.java:141)
	at org.openqa.selenium.edge.EdgeDriver.&lt;init&gt;(EdgeDriver.java:96)
	at com.sfdc.testCases.BaseClass.setup(BaseClass.java:95)
... Removed 32 stack frames</pre></div><a href='#' onClick='toggleBox("stack-trace450589816", this, "Click to show all stack frames", "Click to hide stack frames")'>Click to show all stack frames</a>
<div class='stack-trace' id='stack-trace450589816'><pre>org.openqa.selenium.SessionNotCreatedException: session not created: This version of MSEdgeDriver only supports MSEdge version 100
Current browser version is 102.0.1245.33 with binary path C:\Program Files (x86)\Microsoft\Edge\Application\msedge.exe
Build info: version: &apos;3.141.59&apos;, revision: &apos;e82be7d358&apos;, time: &apos;2018-11-14T08:17:03&apos;
System info: host: &apos;VARSHA&apos;, ip: &apos;192.168.1.30&apos;, os.name: &apos;Windows 10&apos;, os.arch: &apos;amd64&apos;, os.version: &apos;10.0&apos;, java.version: &apos;1.8.0_261&apos;
Driver info: driver.version: EdgeDriver
remote stacktrace: Backtrace:
	Microsoft::Applications::Events::EventProperties::unpack [0x00007FF6D9E392F2+24834]
	Microsoft::Applications::Events::time_ticks_t::time_ticks_t [0x00007FF6D9D76752+523442]
	Ordinal0 [0x00007FF6D98713B5+660405]
	Ordinal0 [0x00007FF6D989C435+836661]
	Ordinal0 [0x00007FF6D989790C+817420]
	Ordinal0 [0x00007FF6D98934B0+799920]
	Ordinal0 [0x00007FF6D98CD49D+1037469]
	Ordinal0 [0x00007FF6D98C7BB3+1014707]
	Ordinal0 [0x00007FF6D989EAE0+846560]
	Ordinal0 [0x00007FF6D989FED8+851672]
	Microsoft::Applications::Events::EventProperty::to_string [0x00007FF6D9A3A6E8+846504]
	Microsoft::Applications::Events::EventProperty::EventProperty [0x00007FF6D9B2ACA1+36529]
	Microsoft::Applications::Events::EventProperty::EventProperty [0x00007FF6D9B2DFC2+49618]
	Microsoft::Applications::Events::EventProperty::to_string [0x00007FF6D9973566+31014]
	Microsoft::Applications::Events::time_ticks_t::time_ticks_t [0x00007FF6D9D7D6D1+551985]
	Microsoft::Applications::Events::time_ticks_t::time_ticks_t [0x00007FF6D9D821E4+571204]
	Microsoft::Applications::Events::time_ticks_t::time_ticks_t [0x00007FF6D9D8233D+571549]
	Microsoft::Applications::Events::time_ticks_t::time_ticks_t [0x00007FF6D9D8B46E+608718]
	BaseThreadInitThunk [0x00007FFC5E1354E0+16]
	RtlUserThreadStart [0x00007FFC5FA8485B+43]

	at sun.reflect.NativeConstructorAccessorImpl.newInstance0(Native Method)
	at sun.reflect.NativeConstructorAccessorImpl.newInstance(NativeConstructorAccessorImpl.java:62)
	at sun.reflect.DelegatingConstructorAccessorImpl.newInstance(DelegatingConstructorAccessorImpl.java:45)
	at java.lang.reflect.Constructor.newInstance(Constructor.java:423)
	at org.openqa.selenium.remote.W3CHandshakeResponse.lambda$errorHandler$0(W3CHandshakeResponse.java:62)
	at org.openqa.selenium.remote.HandshakeResponse.lambda$getResponseFunction$0(HandshakeResponse.java:30)
	at org.openqa.selenium.remote.ProtocolHandshake.lambda$createSession$0(ProtocolHandshake.java:126)
	at java.util.stream.ReferencePipeline$3$1.accept(ReferencePipeline.java:193)
	at java.util.Spliterators$ArraySpliterator.tryAdvance(Spliterators.java:958)
	at java.util.stream.ReferencePipeline.forEachWithCancel(ReferencePipeline.java:126)
	at java.util.stream.AbstractPipeline.copyIntoWithCancel(AbstractPipeline.java:499)
	at java.util.stream.AbstractPipeline.copyInto(AbstractPipeline.java:486)
	at java.util.stream.AbstractPipeline.wrapAndCopyInto(AbstractPipeline.java:472)
	at java.util.stream.FindOps$FindOp.evaluateSequential(FindOps.java:152)
	at java.util.stream.AbstractPipeline.evaluate(AbstractPipeline.java:234)
	at java.util.stream.ReferencePipeline.findFirst(ReferencePipeline.java:464)
	at org.openqa.selenium.remote.ProtocolHandshake.createSession(ProtocolHandshake.java:128)
	at org.openqa.selenium.remote.ProtocolHandshake.createSession(ProtocolHandshake.java:74)
	at org.openqa.selenium.remote.HttpCommandExecutor.execute(HttpCommandExecutor.java:136)
	at org.openqa.selenium.remote.service.DriverCommandExecutor.execute(DriverCommandExecutor.java:83)
	at org.openqa.selenium.remote.RemoteWebDriver.execute(RemoteWebDriver.java:552)
	at org.openqa.selenium.remote.RemoteWebDriver.startSession(RemoteWebDriver.java:213)
	at org.openqa.selenium.remote.RemoteWebDriver.&lt;init&gt;(RemoteWebDriver.java:131)
	at org.openqa.selenium.edge.EdgeDriver.&lt;init&gt;(EdgeDriver.java:141)
	at org.openqa.selenium.edge.EdgeDriver.&lt;init&gt;(EdgeDriver.java:96)
	at com.sfdc.testCases.BaseClass.setup(BaseClass.java:95)
	at sun.reflect.NativeMethodAccessorImpl.invoke0(Native Method)
	at sun.reflect.NativeMethodAccessorImpl.invoke(NativeMethodAccessorImpl.java:62)
	at sun.reflect.DelegatingMethodAccessorImpl.invoke(DelegatingMethodAccessorImpl.java:43)
	at java.lang.reflect.Method.invoke(Method.java:498)
	at org.testng.internal.MethodInvocationHelper.invokeMethod(MethodInvocationHelper.java:124)
	at org.testng.internal.MethodInvocationHelper.invokeMethodConsideringTimeout(MethodInvocationHelper.java:59)
	at org.testng.internal.Invoker.invokeConfigurationMethod(Invoker.java:458)
	at org.testng.internal.Invoker.invokeConfigurations(Invoker.java:222)
	at org.testng.internal.Invoker.invokeMethod(Invoker.java:523)
	at org.testng.internal.Invoker.invokeTestMethod(Invoker.java:719)
	at org.testng.internal.Invoker.invokeTestMethods(Invoker.java:989)
	at org.testng.internal.TestMethodWorker.invokeTestMethods(TestMethodWorker.java:125)
	at org.testng.internal.TestMethodWorker.run(TestMethodWorker.java:109)
	at org.testng.TestRunner.privateRun(TestRunner.java:648)
	at org.testng.TestRunner.run(TestRunner.java:505)
	at org.testng.SuiteRunner.runTest(SuiteRunner.java:455)
	at org.testng.SuiteRunner.runSequentially(SuiteRunner.java:450)
	at org.testng.SuiteRunner.privateRun(SuiteRunner.java:415)
	at org.testng.SuiteRunner.run(SuiteRunner.java:364)
	at org.testng.SuiteRunnerWorker.runSuite(SuiteRunnerWorker.java:52)
	at org.testng.SuiteRunnerWorker.run(SuiteRunnerWorker.java:84)
	at org.testng.TestNG.runSuitesSequentially(TestNG.java:1208)
	at org.testng.TestNG.runSuitesLocally(TestNG.java:1137)
	at org.testng.TestNG.runSuites(TestNG.java:1049)
	at org.testng.TestNG.run(TestNG.java:1017)
	at org.testng.remote.AbstractRemoteTestNG.run(AbstractRemoteTestNG.java:115)
	at org.testng.remote.RemoteTestNG.initAndRun(RemoteTestNG.java:251)
	at org.testng.remote.RemoteTestNG.main(RemoteTestNG.java:77)
</pre></div></td>
<td>0</td>
<td>com.sfdc.testCases.TC_UserMenuTest_002@1e127982</td></tr>
<tr>
<td title='com.sfdc.testCases.TC_UserMenuTest_002.userTest04()'><b>userTest04</b><br>Test class: com.sfdc.testCases.TC_UserMenuTest_002</td>
<td><div><pre>org.openqa.selenium.SessionNotCreatedException: session not created: This version of MSEdgeDriver only supports MSEdge version 100
Current browser version is 102.0.1245.33 with binary path C:\Program Files (x86)\Microsoft\Edge\Application\msedge.exe
Build info: version: &apos;3.141.59&apos;, revision: &apos;e82be7d358&apos;, time: &apos;2018-11-14T08:17:03&apos;
System info: host: &apos;VARSHA&apos;, ip: &apos;192.168.1.30&apos;, os.name: &apos;Windows 10&apos;, os.arch: &apos;amd64&apos;, os.version: &apos;10.0&apos;, java.version: &apos;1.8.0_261&apos;
Driver info: driver.version: EdgeDriver
remote stacktrace: Backtrace:
	Microsoft::Applications::Events::EventProperties::unpack [0x00007FF6D9E392F2+24834]
	Microsoft::Applications::Events::time_ticks_t::time_ticks_t [0x00007FF6D9D76752+523442]
	Ordinal0 [0x00007FF6D98713B5+660405]
	Ordinal0 [0x00007FF6D989C435+836661]
	Ordinal0 [0x00007FF6D989790C+817420]
	Ordinal0 [0x00007FF6D98934B0+799920]
	Ordinal0 [0x00007FF6D98CD49D+1037469]
	Ordinal0 [0x00007FF6D98C7BB3+1014707]
	Ordinal0 [0x00007FF6D989EAE0+846560]
	Ordinal0 [0x00007FF6D989FED8+851672]
	Microsoft::Applications::Events::EventProperty::to_string [0x00007FF6D9A3A6E8+846504]
	Microsoft::Applications::Events::EventProperty::EventProperty [0x00007FF6D9B2ACA1+36529]
	Microsoft::Applications::Events::EventProperty::EventProperty [0x00007FF6D9B2DFC2+49618]
	Microsoft::Applications::Events::EventProperty::to_string [0x00007FF6D9973566+31014]
	Microsoft::Applications::Events::time_ticks_t::time_ticks_t [0x00007FF6D9D7D6D1+551985]
	Microsoft::Applications::Events::time_ticks_t::time_ticks_t [0x00007FF6D9D821E4+571204]
	Microsoft::Applications::Events::time_ticks_t::time_ticks_t [0x00007FF6D9D8233D+571549]
	Microsoft::Applications::Events::time_ticks_t::time_ticks_t [0x00007FF6D9D8B46E+608718]
	BaseThreadInitThunk [0x00007FFC5E1354E0+16]
	RtlUserThreadStart [0x00007FFC5FA8485B+43]

	at org.openqa.selenium.remote.W3CHandshakeResponse.lambda$errorHandler$0(W3CHandshakeResponse.java:62)
	at org.openqa.selenium.remote.HandshakeResponse.lambda$getResponseFunction$0(HandshakeResponse.java:30)
	at org.openqa.selenium.remote.ProtocolHandshake.lambda$createSession$0(ProtocolHandshake.java:126)
	at java.util.stream.ReferencePipeline$3$1.accept(ReferencePipeline.java:193)
	at java.util.Spliterators$ArraySpliterator.tryAdvance(Spliterators.java:958)
	at java.util.stream.ReferencePipeline.forEachWithCancel(ReferencePipeline.java:126)
	at java.util.stream.AbstractPipeline.copyIntoWithCancel(AbstractPipeline.java:499)
	at java.util.stream.AbstractPipeline.copyInto(AbstractPipeline.java:486)
	at java.util.stream.AbstractPipeline.wrapAndCopyInto(AbstractPipeline.java:472)
	at java.util.stream.FindOps$FindOp.evaluateSequential(FindOps.java:152)
	at java.util.stream.AbstractPipeline.evaluate(AbstractPipeline.java:234)
	at java.util.stream.ReferencePipeline.findFirst(ReferencePipeline.java:464)
	at org.openqa.selenium.remote.ProtocolHandshake.createSession(ProtocolHandshake.java:128)
	at org.openqa.selenium.remote.ProtocolHandshake.createSession(ProtocolHandshake.java:74)
	at org.openqa.selenium.remote.HttpCommandExecutor.execute(HttpCommandExecutor.java:136)
	at org.openqa.selenium.remote.service.DriverCommandExecutor.execute(DriverCommandExecutor.java:83)
	at org.openqa.selenium.remote.RemoteWebDriver.execute(RemoteWebDriver.java:552)
	at org.openqa.selenium.remote.RemoteWebDriver.startSession(RemoteWebDriver.java:213)
	at org.openqa.selenium.remote.RemoteWebDriver.&lt;init&gt;(RemoteWebDriver.java:131)
	at org.openqa.selenium.edge.EdgeDriver.&lt;init&gt;(EdgeDriver.java:141)
	at org.openqa.selenium.edge.EdgeDriver.&lt;init&gt;(EdgeDriver.java:96)
	at com.sfdc.testCases.BaseClass.setup(BaseClass.java:95)
... Removed 32 stack frames</pre></div><a href='#' onClick='toggleBox("stack-trace378814088", this, "Click to show all stack frames", "Click to hide stack frames")'>Click to show all stack frames</a>
<div class='stack-trace' id='stack-trace378814088'><pre>org.openqa.selenium.SessionNotCreatedException: session not created: This version of MSEdgeDriver only supports MSEdge version 100
Current browser version is 102.0.1245.33 with binary path C:\Program Files (x86)\Microsoft\Edge\Application\msedge.exe
Build info: version: &apos;3.141.59&apos;, revision: &apos;e82be7d358&apos;, time: &apos;2018-11-14T08:17:03&apos;
System info: host: &apos;VARSHA&apos;, ip: &apos;192.168.1.30&apos;, os.name: &apos;Windows 10&apos;, os.arch: &apos;amd64&apos;, os.version: &apos;10.0&apos;, java.version: &apos;1.8.0_261&apos;
Driver info: driver.version: EdgeDriver
remote stacktrace: Backtrace:
	Microsoft::Applications::Events::EventProperties::unpack [0x00007FF6D9E392F2+24834]
	Microsoft::Applications::Events::time_ticks_t::time_ticks_t [0x00007FF6D9D76752+523442]
	Ordinal0 [0x00007FF6D98713B5+660405]
	Ordinal0 [0x00007FF6D989C435+836661]
	Ordinal0 [0x00007FF6D989790C+817420]
	Ordinal0 [0x00007FF6D98934B0+799920]
	Ordinal0 [0x00007FF6D98CD49D+1037469]
	Ordinal0 [0x00007FF6D98C7BB3+1014707]
	Ordinal0 [0x00007FF6D989EAE0+846560]
	Ordinal0 [0x00007FF6D989FED8+851672]
	Microsoft::Applications::Events::EventProperty::to_string [0x00007FF6D9A3A6E8+846504]
	Microsoft::Applications::Events::EventProperty::EventProperty [0x00007FF6D9B2ACA1+36529]
	Microsoft::Applications::Events::EventProperty::EventProperty [0x00007FF6D9B2DFC2+49618]
	Microsoft::Applications::Events::EventProperty::to_string [0x00007FF6D9973566+31014]
	Microsoft::Applications::Events::time_ticks_t::time_ticks_t [0x00007FF6D9D7D6D1+551985]
	Microsoft::Applications::Events::time_ticks_t::time_ticks_t [0x00007FF6D9D821E4+571204]
	Microsoft::Applications::Events::time_ticks_t::time_ticks_t [0x00007FF6D9D8233D+571549]
	Microsoft::Applications::Events::time_ticks_t::time_ticks_t [0x00007FF6D9D8B46E+608718]
	BaseThreadInitThunk [0x00007FFC5E1354E0+16]
	RtlUserThreadStart [0x00007FFC5FA8485B+43]

	at sun.reflect.NativeConstructorAccessorImpl.newInstance0(Native Method)
	at sun.reflect.NativeConstructorAccessorImpl.newInstance(NativeConstructorAccessorImpl.java:62)
	at sun.reflect.DelegatingConstructorAccessorImpl.newInstance(DelegatingConstructorAccessorImpl.java:45)
	at java.lang.reflect.Constructor.newInstance(Constructor.java:423)
	at org.openqa.selenium.remote.W3CHandshakeResponse.lambda$errorHandler$0(W3CHandshakeResponse.java:62)
	at org.openqa.selenium.remote.HandshakeResponse.lambda$getResponseFunction$0(HandshakeResponse.java:30)
	at org.openqa.selenium.remote.ProtocolHandshake.lambda$createSession$0(ProtocolHandshake.java:126)
	at java.util.stream.ReferencePipeline$3$1.accept(ReferencePipeline.java:193)
	at java.util.Spliterators$ArraySpliterator.tryAdvance(Spliterators.java:958)
	at java.util.stream.ReferencePipeline.forEachWithCancel(ReferencePipeline.java:126)
	at java.util.stream.AbstractPipeline.copyIntoWithCancel(AbstractPipeline.java:499)
	at java.util.stream.AbstractPipeline.copyInto(AbstractPipeline.java:486)
	at java.util.stream.AbstractPipeline.wrapAndCopyInto(AbstractPipeline.java:472)
	at java.util.stream.FindOps$FindOp.evaluateSequential(FindOps.java:152)
	at java.util.stream.AbstractPipeline.evaluate(AbstractPipeline.java:234)
	at java.util.stream.ReferencePipeline.findFirst(ReferencePipeline.java:464)
	at org.openqa.selenium.remote.ProtocolHandshake.createSession(ProtocolHandshake.java:128)
	at org.openqa.selenium.remote.ProtocolHandshake.createSession(ProtocolHandshake.java:74)
	at org.openqa.selenium.remote.HttpCommandExecutor.execute(HttpCommandExecutor.java:136)
	at org.openqa.selenium.remote.service.DriverCommandExecutor.execute(DriverCommandExecutor.java:83)
	at org.openqa.selenium.remote.RemoteWebDriver.execute(RemoteWebDriver.java:552)
	at org.openqa.selenium.remote.RemoteWebDriver.startSession(RemoteWebDriver.java:213)
	at org.openqa.selenium.remote.RemoteWebDriver.&lt;init&gt;(RemoteWebDriver.java:131)
	at org.openqa.selenium.edge.EdgeDriver.&lt;init&gt;(EdgeDriver.java:141)
	at org.openqa.selenium.edge.EdgeDriver.&lt;init&gt;(EdgeDriver.java:96)
	at com.sfdc.testCases.BaseClass.setup(BaseClass.java:95)
	at sun.reflect.NativeMethodAccessorImpl.invoke0(Native Method)
	at sun.reflect.NativeMethodAccessorImpl.invoke(NativeMethodAccessorImpl.java:62)
	at sun.reflect.DelegatingMethodAccessorImpl.invoke(DelegatingMethodAccessorImpl.java:43)
	at java.lang.reflect.Method.invoke(Method.java:498)
	at org.testng.internal.MethodInvocationHelper.invokeMethod(MethodInvocationHelper.java:124)
	at org.testng.internal.MethodInvocationHelper.invokeMethodConsideringTimeout(MethodInvocationHelper.java:59)
	at org.testng.internal.Invoker.invokeConfigurationMethod(Invoker.java:458)
	at org.testng.internal.Invoker.invokeConfigurations(Invoker.java:222)
	at org.testng.internal.Invoker.invokeMethod(Invoker.java:523)
	at org.testng.internal.Invoker.invokeTestMethod(Invoker.java:719)
	at org.testng.internal.Invoker.invokeTestMethods(Invoker.java:989)
	at org.testng.internal.TestMethodWorker.invokeTestMethods(TestMethodWorker.java:125)
	at org.testng.internal.TestMethodWorker.run(TestMethodWorker.java:109)
	at org.testng.TestRunner.privateRun(TestRunner.java:648)
	at org.testng.TestRunner.run(TestRunner.java:505)
	at org.testng.SuiteRunner.runTest(SuiteRunner.java:455)
	at org.testng.SuiteRunner.runSequentially(SuiteRunner.java:450)
	at org.testng.SuiteRunner.privateRun(SuiteRunner.java:415)
	at org.testng.SuiteRunner.run(SuiteRunner.java:364)
	at org.testng.SuiteRunnerWorker.runSuite(SuiteRunnerWorker.java:52)
	at org.testng.SuiteRunnerWorker.run(SuiteRunnerWorker.java:84)
	at org.testng.TestNG.runSuitesSequentially(TestNG.java:1208)
	at org.testng.TestNG.runSuitesLocally(TestNG.java:1137)
	at org.testng.TestNG.runSuites(TestNG.java:1049)
	at org.testng.TestNG.run(TestNG.java:1017)
	at org.testng.remote.AbstractRemoteTestNG.run(AbstractRemoteTestNG.java:115)
	at org.testng.remote.RemoteTestNG.initAndRun(RemoteTestNG.java:251)
	at org.testng.remote.RemoteTestNG.main(RemoteTestNG.java:77)
</pre></div></td>
<td>0</td>
<td>com.sfdc.testCases.TC_UserMenuTest_002@1e127982</td></tr>
<tr>
<td title='com.sfdc.testCases.TC_UserMenuTest_002.userTest05()'><b>userTest05</b><br>Test class: com.sfdc.testCases.TC_UserMenuTest_002</td>
<td><div><pre>org.openqa.selenium.SessionNotCreatedException: session not created: This version of MSEdgeDriver only supports MSEdge version 100
Current browser version is 102.0.1245.33 with binary path C:\Program Files (x86)\Microsoft\Edge\Application\msedge.exe
Build info: version: &apos;3.141.59&apos;, revision: &apos;e82be7d358&apos;, time: &apos;2018-11-14T08:17:03&apos;
System info: host: &apos;VARSHA&apos;, ip: &apos;192.168.1.30&apos;, os.name: &apos;Windows 10&apos;, os.arch: &apos;amd64&apos;, os.version: &apos;10.0&apos;, java.version: &apos;1.8.0_261&apos;
Driver info: driver.version: EdgeDriver
remote stacktrace: Backtrace:
	Microsoft::Applications::Events::EventProperties::unpack [0x00007FF6D9E392F2+24834]
	Microsoft::Applications::Events::time_ticks_t::time_ticks_t [0x00007FF6D9D76752+523442]
	Ordinal0 [0x00007FF6D98713B5+660405]
	Ordinal0 [0x00007FF6D989C435+836661]
	Ordinal0 [0x00007FF6D989790C+817420]
	Ordinal0 [0x00007FF6D98934B0+799920]
	Ordinal0 [0x00007FF6D98CD49D+1037469]
	Ordinal0 [0x00007FF6D98C7BB3+1014707]
	Ordinal0 [0x00007FF6D989EAE0+846560]
	Ordinal0 [0x00007FF6D989FED8+851672]
	Microsoft::Applications::Events::EventProperty::to_string [0x00007FF6D9A3A6E8+846504]
	Microsoft::Applications::Events::EventProperty::EventProperty [0x00007FF6D9B2ACA1+36529]
	Microsoft::Applications::Events::EventProperty::EventProperty [0x00007FF6D9B2DFC2+49618]
	Microsoft::Applications::Events::EventProperty::to_string [0x00007FF6D9973566+31014]
	Microsoft::Applications::Events::time_ticks_t::time_ticks_t [0x00007FF6D9D7D6D1+551985]
	Microsoft::Applications::Events::time_ticks_t::time_ticks_t [0x00007FF6D9D821E4+571204]
	Microsoft::Applications::Events::time_ticks_t::time_ticks_t [0x00007FF6D9D8233D+571549]
	Microsoft::Applications::Events::time_ticks_t::time_ticks_t [0x00007FF6D9D8B46E+608718]
	BaseThreadInitThunk [0x00007FFC5E1354E0+16]
	RtlUserThreadStart [0x00007FFC5FA8485B+43]

	at org.openqa.selenium.remote.W3CHandshakeResponse.lambda$errorHandler$0(W3CHandshakeResponse.java:62)
	at org.openqa.selenium.remote.HandshakeResponse.lambda$getResponseFunction$0(HandshakeResponse.java:30)
	at org.openqa.selenium.remote.ProtocolHandshake.lambda$createSession$0(ProtocolHandshake.java:126)
	at java.util.stream.ReferencePipeline$3$1.accept(ReferencePipeline.java:193)
	at java.util.Spliterators$ArraySpliterator.tryAdvance(Spliterators.java:958)
	at java.util.stream.ReferencePipeline.forEachWithCancel(ReferencePipeline.java:126)
	at java.util.stream.AbstractPipeline.copyIntoWithCancel(AbstractPipeline.java:499)
	at java.util.stream.AbstractPipeline.copyInto(AbstractPipeline.java:486)
	at java.util.stream.AbstractPipeline.wrapAndCopyInto(AbstractPipeline.java:472)
	at java.util.stream.FindOps$FindOp.evaluateSequential(FindOps.java:152)
	at java.util.stream.AbstractPipeline.evaluate(AbstractPipeline.java:234)
	at java.util.stream.ReferencePipeline.findFirst(ReferencePipeline.java:464)
	at org.openqa.selenium.remote.ProtocolHandshake.createSession(ProtocolHandshake.java:128)
	at org.openqa.selenium.remote.ProtocolHandshake.createSession(ProtocolHandshake.java:74)
	at org.openqa.selenium.remote.HttpCommandExecutor.execute(HttpCommandExecutor.java:136)
	at org.openqa.selenium.remote.service.DriverCommandExecutor.execute(DriverCommandExecutor.java:83)
	at org.openqa.selenium.remote.RemoteWebDriver.execute(RemoteWebDriver.java:552)
	at org.openqa.selenium.remote.RemoteWebDriver.startSession(RemoteWebDriver.java:213)
	at org.openqa.selenium.remote.RemoteWebDriver.&lt;init&gt;(RemoteWebDriver.java:131)
	at org.openqa.selenium.edge.EdgeDriver.&lt;init&gt;(EdgeDriver.java:141)
	at org.openqa.selenium.edge.EdgeDriver.&lt;init&gt;(EdgeDriver.java:96)
	at com.sfdc.testCases.BaseClass.setup(BaseClass.java:95)
... Removed 32 stack frames</pre></div><a href='#' onClick='toggleBox("stack-trace121466124", this, "Click to show all stack frames", "Click to hide stack frames")'>Click to show all stack frames</a>
<div class='stack-trace' id='stack-trace121466124'><pre>org.openqa.selenium.SessionNotCreatedException: session not created: This version of MSEdgeDriver only supports MSEdge version 100
Current browser version is 102.0.1245.33 with binary path C:\Program Files (x86)\Microsoft\Edge\Application\msedge.exe
Build info: version: &apos;3.141.59&apos;, revision: &apos;e82be7d358&apos;, time: &apos;2018-11-14T08:17:03&apos;
System info: host: &apos;VARSHA&apos;, ip: &apos;192.168.1.30&apos;, os.name: &apos;Windows 10&apos;, os.arch: &apos;amd64&apos;, os.version: &apos;10.0&apos;, java.version: &apos;1.8.0_261&apos;
Driver info: driver.version: EdgeDriver
remote stacktrace: Backtrace:
	Microsoft::Applications::Events::EventProperties::unpack [0x00007FF6D9E392F2+24834]
	Microsoft::Applications::Events::time_ticks_t::time_ticks_t [0x00007FF6D9D76752+523442]
	Ordinal0 [0x00007FF6D98713B5+660405]
	Ordinal0 [0x00007FF6D989C435+836661]
	Ordinal0 [0x00007FF6D989790C+817420]
	Ordinal0 [0x00007FF6D98934B0+799920]
	Ordinal0 [0x00007FF6D98CD49D+1037469]
	Ordinal0 [0x00007FF6D98C7BB3+1014707]
	Ordinal0 [0x00007FF6D989EAE0+846560]
	Ordinal0 [0x00007FF6D989FED8+851672]
	Microsoft::Applications::Events::EventProperty::to_string [0x00007FF6D9A3A6E8+846504]
	Microsoft::Applications::Events::EventProperty::EventProperty [0x00007FF6D9B2ACA1+36529]
	Microsoft::Applications::Events::EventProperty::EventProperty [0x00007FF6D9B2DFC2+49618]
	Microsoft::Applications::Events::EventProperty::to_string [0x00007FF6D9973566+31014]
	Microsoft::Applications::Events::time_ticks_t::time_ticks_t [0x00007FF6D9D7D6D1+551985]
	Microsoft::Applications::Events::time_ticks_t::time_ticks_t [0x00007FF6D9D821E4+571204]
	Microsoft::Applications::Events::time_ticks_t::time_ticks_t [0x00007FF6D9D8233D+571549]
	Microsoft::Applications::Events::time_ticks_t::time_ticks_t [0x00007FF6D9D8B46E+608718]
	BaseThreadInitThunk [0x00007FFC5E1354E0+16]
	RtlUserThreadStart [0x00007FFC5FA8485B+43]

	at sun.reflect.NativeConstructorAccessorImpl.newInstance0(Native Method)
	at sun.reflect.NativeConstructorAccessorImpl.newInstance(NativeConstructorAccessorImpl.java:62)
	at sun.reflect.DelegatingConstructorAccessorImpl.newInstance(DelegatingConstructorAccessorImpl.java:45)
	at java.lang.reflect.Constructor.newInstance(Constructor.java:423)
	at org.openqa.selenium.remote.W3CHandshakeResponse.lambda$errorHandler$0(W3CHandshakeResponse.java:62)
	at org.openqa.selenium.remote.HandshakeResponse.lambda$getResponseFunction$0(HandshakeResponse.java:30)
	at org.openqa.selenium.remote.ProtocolHandshake.lambda$createSession$0(ProtocolHandshake.java:126)
	at java.util.stream.ReferencePipeline$3$1.accept(ReferencePipeline.java:193)
	at java.util.Spliterators$ArraySpliterator.tryAdvance(Spliterators.java:958)
	at java.util.stream.ReferencePipeline.forEachWithCancel(ReferencePipeline.java:126)
	at java.util.stream.AbstractPipeline.copyIntoWithCancel(AbstractPipeline.java:499)
	at java.util.stream.AbstractPipeline.copyInto(AbstractPipeline.java:486)
	at java.util.stream.AbstractPipeline.wrapAndCopyInto(AbstractPipeline.java:472)
	at java.util.stream.FindOps$FindOp.evaluateSequential(FindOps.java:152)
	at java.util.stream.AbstractPipeline.evaluate(AbstractPipeline.java:234)
	at java.util.stream.ReferencePipeline.findFirst(ReferencePipeline.java:464)
	at org.openqa.selenium.remote.ProtocolHandshake.createSession(ProtocolHandshake.java:128)
	at org.openqa.selenium.remote.ProtocolHandshake.createSession(ProtocolHandshake.java:74)
	at org.openqa.selenium.remote.HttpCommandExecutor.execute(HttpCommandExecutor.java:136)
	at org.openqa.selenium.remote.service.DriverCommandExecutor.execute(DriverCommandExecutor.java:83)
	at org.openqa.selenium.remote.RemoteWebDriver.execute(RemoteWebDriver.java:552)
	at org.openqa.selenium.remote.RemoteWebDriver.startSession(RemoteWebDriver.java:213)
	at org.openqa.selenium.remote.RemoteWebDriver.&lt;init&gt;(RemoteWebDriver.java:131)
	at org.openqa.selenium.edge.EdgeDriver.&lt;init&gt;(EdgeDriver.java:141)
	at org.openqa.selenium.edge.EdgeDriver.&lt;init&gt;(EdgeDriver.java:96)
	at com.sfdc.testCases.BaseClass.setup(BaseClass.java:95)
	at sun.reflect.NativeMethodAccessorImpl.invoke0(Native Method)
	at sun.reflect.NativeMethodAccessorImpl.invoke(NativeMethodAccessorImpl.java:62)
	at sun.reflect.DelegatingMethodAccessorImpl.invoke(DelegatingMethodAccessorImpl.java:43)
	at java.lang.reflect.Method.invoke(Method.java:498)
	at org.testng.internal.MethodInvocationHelper.invokeMethod(MethodInvocationHelper.java:124)
	at org.testng.internal.MethodInvocationHelper.invokeMethodConsideringTimeout(MethodInvocationHelper.java:59)
	at org.testng.internal.Invoker.invokeConfigurationMethod(Invoker.java:458)
	at org.testng.internal.Invoker.invokeConfigurations(Invoker.java:222)
	at org.testng.internal.Invoker.invokeMethod(Invoker.java:523)
	at org.testng.internal.Invoker.invokeTestMethod(Invoker.java:719)
	at org.testng.internal.Invoker.invokeTestMethods(Invoker.java:989)
	at org.testng.internal.TestMethodWorker.invokeTestMethods(TestMethodWorker.java:125)
	at org.testng.internal.TestMethodWorker.run(TestMethodWorker.java:109)
	at org.testng.TestRunner.privateRun(TestRunner.java:648)
	at org.testng.TestRunner.run(TestRunner.java:505)
	at org.testng.SuiteRunner.runTest(SuiteRunner.java:455)
	at org.testng.SuiteRunner.runSequentially(SuiteRunner.java:450)
	at org.testng.SuiteRunner.privateRun(SuiteRunner.java:415)
	at org.testng.SuiteRunner.run(SuiteRunner.java:364)
	at org.testng.SuiteRunnerWorker.runSuite(SuiteRunnerWorker.java:52)
	at org.testng.SuiteRunnerWorker.run(SuiteRunnerWorker.java:84)
	at org.testng.TestNG.runSuitesSequentially(TestNG.java:1208)
	at org.testng.TestNG.runSuitesLocally(TestNG.java:1137)
	at org.testng.TestNG.runSuites(TestNG.java:1049)
	at org.testng.TestNG.run(TestNG.java:1017)
	at org.testng.remote.AbstractRemoteTestNG.run(AbstractRemoteTestNG.java:115)
	at org.testng.remote.RemoteTestNG.initAndRun(RemoteTestNG.java:251)
	at org.testng.remote.RemoteTestNG.main(RemoteTestNG.java:77)
</pre></div></td>
<td>0</td>
<td>com.sfdc.testCases.TC_UserMenuTest_002@1e127982</td></tr>
</table><p>
</body>
</html>