<?xml version="1.0" encoding="UTF-8"?>
<testsuite xmlns:xsi="http://www.w3.org/2001/XMLSchema-instance" xsi:noNamespaceSchemaLocation="https://maven.apache.org/surefire/maven-surefire-plugin/xsd/surefire-test-report-3.0.xsd" version="3.0" name="TestSuite" time="275.885" tests="11" errors="0" skipped="6" failures="2">
  <properties>
    <property name="sun.desktop" value="windows"/>
    <property name="awt.toolkit" value="sun.awt.windows.WToolkit"/>
    <property name="file.encoding.pkg" value="sun.io"/>
    <property name="java.specification.version" value="1.8"/>
    <property name="webdriver.chrome.driver" value="C:\Users\varsh\Documents\Driver_Dependancies\chromedriver.exe"/>
    <property name="sun.cpu.isalist" value="amd64"/>
    <property name="sun.jnu.encoding" value="Cp1252"/>
    <property name="java.class.path" value="C:\Users\varsh\Documents\JavaTraining\Com.PageObjectModel.SFDC\target\test-classes;C:\Users\varsh\Documents\JavaTraining\Com.PageObjectModel.SFDC\target\classes;C:\Users\varsh\.m2\repository\org\seleniumhq\selenium\selenium-server\3.141.59\selenium-server-3.141.59.jar;C:\Users\varsh\.m2\repository\org\seleniumhq\selenium\selenium-java\3.141.59\selenium-java-3.141.59.jar;C:\Users\varsh\.m2\repository\org\seleniumhq\selenium\selenium-api\3.141.59\selenium-api-3.141.59.jar;C:\Users\varsh\.m2\repository\org\seleniumhq\selenium\selenium-chrome-driver\3.141.59\selenium-chrome-driver-3.141.59.jar;C:\Users\varsh\.m2\repository\org\seleniumhq\selenium\selenium-edge-driver\3.141.59\selenium-edge-driver-3.141.59.jar;C:\Users\varsh\.m2\repository\org\seleniumhq\selenium\selenium-firefox-driver\3.141.59\selenium-firefox-driver-3.141.59.jar;C:\Users\varsh\.m2\repository\org\seleniumhq\selenium\selenium-ie-driver\3.141.59\selenium-ie-driver-3.141.59.jar;C:\Users\varsh\.m2\repository\org\seleniumhq\selenium\selenium-opera-driver\3.141.59\selenium-opera-driver-3.141.59.jar;C:\Users\varsh\.m2\repository\org\seleniumhq\selenium\selenium-remote-driver\3.141.59\selenium-remote-driver-3.141.59.jar;C:\Users\varsh\.m2\repository\org\seleniumhq\selenium\selenium-safari-driver\3.141.59\selenium-safari-driver-3.141.59.jar;C:\Users\varsh\.m2\repository\org\seleniumhq\selenium\selenium-support\3.141.59\selenium-support-3.141.59.jar;C:\Users\varsh\.m2\repository\com\beust\jcommander\1.72\jcommander-1.72.jar;C:\Users\varsh\.m2\repository\net\bytebuddy\byte-buddy\1.8.15\byte-buddy-1.8.15.jar;C:\Users\varsh\.m2\repository\org\apache\commons\commons-exec\1.3\commons-exec-1.3.jar;C:\Users\varsh\.m2\repository\com\google\guava\guava\25.0-jre\guava-25.0-jre.jar;C:\Users\varsh\.m2\repository\com\google\code\findbugs\jsr305\1.3.9\jsr305-1.3.9.jar;C:\Users\varsh\.m2\repository\org\checkerframework\checker-compat-qual\2.0.0\checker-compat-qual-2.0.0.jar;C:\Users\varsh\.m2\repository\com\google\errorprone\error_prone_annotations\2.1.3\error_prone_annotations-2.1.3.jar;C:\Users\varsh\.m2\repository\com\google\j2objc\j2objc-annotations\1.1\j2objc-annotations-1.1.jar;C:\Users\varsh\.m2\repository\org\codehaus\mojo\animal-sniffer-annotations\1.14\animal-sniffer-annotations-1.14.jar;C:\Users\varsh\.m2\repository\net\jcip\jcip-annotations\1.0\jcip-annotations-1.0.jar;C:\Users\varsh\.m2\repository\org\seleniumhq\selenium\jetty-repacked\9.4.12.v20180830\jetty-repacked-9.4.12.v20180830.jar;C:\Users\varsh\.m2\repository\com\squareup\okhttp3\okhttp\3.11.0\okhttp-3.11.0.jar;C:\Users\varsh\.m2\repository\com\squareup\okio\okio\1.14.0\okio-1.14.0.jar;C:\Users\varsh\.m2\repository\javax\servlet\javax.servlet-api\3.1.0\javax.servlet-api-3.1.0.jar;C:\Users\varsh\.m2\repository\org\yaml\snakeyaml\1.19\snakeyaml-1.19.jar;C:\Users\varsh\.m2\repository\io\github\bonigarcia\webdrivermanager\3.8.1\webdrivermanager-3.8.1.jar;C:\Users\varsh\.m2\repository\org\slf4j\slf4j-api\1.7.25\slf4j-api-1.7.25.jar;C:\Users\varsh\.m2\repository\com\google\code\gson\gson\2.8.5\gson-2.8.5.jar;C:\Users\varsh\.m2\repository\org\apache\httpcomponents\httpclient\4.5.6\httpclient-4.5.6.jar;C:\Users\varsh\.m2\repository\org\apache\httpcomponents\httpcore\4.4.10\httpcore-4.4.10.jar;C:\Users\varsh\.m2\repository\commons-logging\commons-logging\1.2\commons-logging-1.2.jar;C:\Users\varsh\.m2\repository\commons-codec\commons-codec\1.10\commons-codec-1.10.jar;C:\Users\varsh\.m2\repository\org\rauschig\jarchivelib\1.0.0\jarchivelib-1.0.0.jar;C:\Users\varsh\.m2\repository\org\apache\commons\commons-compress\1.18\commons-compress-1.18.jar;C:\Users\varsh\.m2\repository\org\jsoup\jsoup\1.11.3\jsoup-1.11.3.jar;C:\Users\varsh\.m2\repository\com\aventstack\extentreports\3.1.5\extentreports-3.1.5.jar;C:\Users\varsh\.m2\repository\org\freemarker\freemarker\2.3.23\freemarker-2.3.23.jar;C:\Users\varsh\.m2\repository\org\mongodb\mongodb-driver\3.3.0\mongodb-driver-3.3.0.jar;C:\Users\varsh\.m2\repository\org\mongodb\bson\3.3.0\bson-3.3.0.jar;C:\Users\varsh\.m2\repository\org\mongodb\mongodb-driver-core\3.3.0\mongodb-driver-core-3.3.0.jar;C:\Users\varsh\.m2\repository\org\apache\httpcomponents\httpmime\4.5.2\httpmime-4.5.2.jar;C:\Users\varsh\.m2\repository\org\testng\testng\6.14.3\testng-6.14.3.jar;C:\Users\varsh\.m2\repository\org\apache-extras\beanshell\bsh\2.0b6\bsh-2.0b6.jar;C:\Users\varsh\.m2\repository\org\apache\commons\commons-lang3\3.8.1\commons-lang3-3.8.1.jar;C:\Users\varsh\.m2\repository\commons-io\commons-io\1.3.2\commons-io-1.3.2.jar;C:\Users\varsh\.m2\repository\log4j\log4j\1.2.17\log4j-1.2.17.jar;C:\Users\varsh\.m2\repository\io\cucumber\cucumber-java\6.11.0\cucumber-java-6.11.0.jar;C:\Users\varsh\.m2\repository\io\cucumber\cucumber-core\6.11.0\cucumber-core-6.11.0.jar;C:\Users\varsh\.m2\repository\io\cucumber\cucumber-gherkin\6.11.0\cucumber-gherkin-6.11.0.jar;C:\Users\varsh\.m2\repository\io\cucumber\cucumber-gherkin-messages\6.11.0\cucumber-gherkin-messages-6.11.0.jar;C:\Users\varsh\.m2\repository\io\cucumber\messages\15.0.0\messages-15.0.0.jar;C:\Users\varsh\.m2\repository\io\cucumber\tag-expressions\3.0.1\tag-expressions-3.0.1.jar;C:\Users\varsh\.m2\repository\io\cucumber\cucumber-expressions\10.3.0\cucumber-expressions-10.3.0.jar;C:\Users\varsh\.m2\repository\io\cucumber\datatable\3.5.0\datatable-3.5.0.jar;C:\Users\varsh\.m2\repository\io\cucumber\cucumber-plugin\6.11.0\cucumber-plugin-6.11.0.jar;C:\Users\varsh\.m2\repository\io\cucumber\docstring\6.11.0\docstring-6.11.0.jar;C:\Users\varsh\.m2\repository\io\cucumber\html-formatter\13.0.0\html-formatter-13.0.0.jar;C:\Users\varsh\.m2\repository\io\cucumber\create-meta\4.0.0\create-meta-4.0.0.jar;C:\Users\varsh\.m2\repository\org\apiguardian\apiguardian-api\1.1.2\apiguardian-api-1.1.2.jar;C:\Users\varsh\.m2\repository\io\cucumber\cucumber-junit\6.11.0\cucumber-junit-6.11.0.jar;C:\Users\varsh\.m2\repository\junit\junit\4.13.1\junit-4.13.1.jar;C:\Users\varsh\.m2\repository\org\hamcrest\hamcrest-core\1.3\hamcrest-core-1.3.jar;C:\Users\varsh\.m2\repository\io\cucumber\cucumber-testng\6.11.0\cucumber-testng-6.11.0.jar;"/>
    <property name="java.vm.vendor" value="Oracle Corporation"/>
    <property name="sun.arch.data.model" value="64"/>
    <property name="user.variant" value=""/>
    <property name="java.vendor.url" value="http://java.oracle.com/"/>
    <property name="user.timezone" value="America/Los_Angeles"/>
    <property name="java.vm.specification.version" value="1.8"/>
    <property name="os.name" value="Windows 10"/>
    <property name="user.country" value="US"/>
    <property name="sun.java.launcher" value="SUN_STANDARD"/>
    <property name="sun.boot.library.path" value="C:\Program Files\Java\jdk1.8.0_261\jre\bin"/>
    <property name="sun.java.command" value="C:\Users\varsh\AppData\Local\Temp\surefire9139403688343967217\surefirebooter7867546451046145045.jar C:\Users\varsh\AppData\Local\Temp\surefire9139403688343967217 2022-07-10T17-36-50_914-jvmRun1 surefire1685548460690436877tmp surefire_02005609120281230035tmp"/>
    <property name="surefire.test.class.path" value="C:\Users\varsh\Documents\JavaTraining\Com.PageObjectModel.SFDC\target\test-classes;C:\Users\varsh\Documents\JavaTraining\Com.PageObjectModel.SFDC\target\classes;C:\Users\varsh\.m2\repository\org\seleniumhq\selenium\selenium-server\3.141.59\selenium-server-3.141.59.jar;C:\Users\varsh\.m2\repository\org\seleniumhq\selenium\selenium-java\3.141.59\selenium-java-3.141.59.jar;C:\Users\varsh\.m2\repository\org\seleniumhq\selenium\selenium-api\3.141.59\selenium-api-3.141.59.jar;C:\Users\varsh\.m2\repository\org\seleniumhq\selenium\selenium-chrome-driver\3.141.59\selenium-chrome-driver-3.141.59.jar;C:\Users\varsh\.m2\repository\org\seleniumhq\selenium\selenium-edge-driver\3.141.59\selenium-edge-driver-3.141.59.jar;C:\Users\varsh\.m2\repository\org\seleniumhq\selenium\selenium-firefox-driver\3.141.59\selenium-firefox-driver-3.141.59.jar;C:\Users\varsh\.m2\repository\org\seleniumhq\selenium\selenium-ie-driver\3.141.59\selenium-ie-driver-3.141.59.jar;C:\Users\varsh\.m2\repository\org\seleniumhq\selenium\selenium-opera-driver\3.141.59\selenium-opera-driver-3.141.59.jar;C:\Users\varsh\.m2\repository\org\seleniumhq\selenium\selenium-remote-driver\3.141.59\selenium-remote-driver-3.141.59.jar;C:\Users\varsh\.m2\repository\org\seleniumhq\selenium\selenium-safari-driver\3.141.59\selenium-safari-driver-3.141.59.jar;C:\Users\varsh\.m2\repository\org\seleniumhq\selenium\selenium-support\3.141.59\selenium-support-3.141.59.jar;C:\Users\varsh\.m2\repository\com\beust\jcommander\1.72\jcommander-1.72.jar;C:\Users\varsh\.m2\repository\net\bytebuddy\byte-buddy\1.8.15\byte-buddy-1.8.15.jar;C:\Users\varsh\.m2\repository\org\apache\commons\commons-exec\1.3\commons-exec-1.3.jar;C:\Users\varsh\.m2\repository\com\google\guava\guava\25.0-jre\guava-25.0-jre.jar;C:\Users\varsh\.m2\repository\com\google\code\findbugs\jsr305\1.3.9\jsr305-1.3.9.jar;C:\Users\varsh\.m2\repository\org\checkerframework\checker-compat-qual\2.0.0\checker-compat-qual-2.0.0.jar;C:\Users\varsh\.m2\repository\com\google\errorprone\error_prone_annotations\2.1.3\error_prone_annotations-2.1.3.jar;C:\Users\varsh\.m2\repository\com\google\j2objc\j2objc-annotations\1.1\j2objc-annotations-1.1.jar;C:\Users\varsh\.m2\repository\org\codehaus\mojo\animal-sniffer-annotations\1.14\animal-sniffer-annotations-1.14.jar;C:\Users\varsh\.m2\repository\net\jcip\jcip-annotations\1.0\jcip-annotations-1.0.jar;C:\Users\varsh\.m2\repository\org\seleniumhq\selenium\jetty-repacked\9.4.12.v20180830\jetty-repacked-9.4.12.v20180830.jar;C:\Users\varsh\.m2\repository\com\squareup\okhttp3\okhttp\3.11.0\okhttp-3.11.0.jar;C:\Users\varsh\.m2\repository\com\squareup\okio\okio\1.14.0\okio-1.14.0.jar;C:\Users\varsh\.m2\repository\javax\servlet\javax.servlet-api\3.1.0\javax.servlet-api-3.1.0.jar;C:\Users\varsh\.m2\repository\org\yaml\snakeyaml\1.19\snakeyaml-1.19.jar;C:\Users\varsh\.m2\repository\io\github\bonigarcia\webdrivermanager\3.8.1\webdrivermanager-3.8.1.jar;C:\Users\varsh\.m2\repository\org\slf4j\slf4j-api\1.7.25\slf4j-api-1.7.25.jar;C:\Users\varsh\.m2\repository\com\google\code\gson\gson\2.8.5\gson-2.8.5.jar;C:\Users\varsh\.m2\repository\org\apache\httpcomponents\httpclient\4.5.6\httpclient-4.5.6.jar;C:\Users\varsh\.m2\repository\org\apache\httpcomponents\httpcore\4.4.10\httpcore-4.4.10.jar;C:\Users\varsh\.m2\repository\commons-logging\commons-logging\1.2\commons-logging-1.2.jar;C:\Users\varsh\.m2\repository\commons-codec\commons-codec\1.10\commons-codec-1.10.jar;C:\Users\varsh\.m2\repository\org\rauschig\jarchivelib\1.0.0\jarchivelib-1.0.0.jar;C:\Users\varsh\.m2\repository\org\apache\commons\commons-compress\1.18\commons-compress-1.18.jar;C:\Users\varsh\.m2\repository\org\jsoup\jsoup\1.11.3\jsoup-1.11.3.jar;C:\Users\varsh\.m2\repository\com\aventstack\extentreports\3.1.5\extentreports-3.1.5.jar;C:\Users\varsh\.m2\repository\org\freemarker\freemarker\2.3.23\freemarker-2.3.23.jar;C:\Users\varsh\.m2\repository\org\mongodb\mongodb-driver\3.3.0\mongodb-driver-3.3.0.jar;C:\Users\varsh\.m2\repository\org\mongodb\bson\3.3.0\bson-3.3.0.jar;C:\Users\varsh\.m2\repository\org\mongodb\mongodb-driver-core\3.3.0\mongodb-driver-core-3.3.0.jar;C:\Users\varsh\.m2\repository\org\apache\httpcomponents\httpmime\4.5.2\httpmime-4.5.2.jar;C:\Users\varsh\.m2\repository\org\testng\testng\6.14.3\testng-6.14.3.jar;C:\Users\varsh\.m2\repository\org\apache-extras\beanshell\bsh\2.0b6\bsh-2.0b6.jar;C:\Users\varsh\.m2\repository\org\apache\commons\commons-lang3\3.8.1\commons-lang3-3.8.1.jar;C:\Users\varsh\.m2\repository\commons-io\commons-io\1.3.2\commons-io-1.3.2.jar;C:\Users\varsh\.m2\repository\log4j\log4j\1.2.17\log4j-1.2.17.jar;C:\Users\varsh\.m2\repository\io\cucumber\cucumber-java\6.11.0\cucumber-java-6.11.0.jar;C:\Users\varsh\.m2\repository\io\cucumber\cucumber-core\6.11.0\cucumber-core-6.11.0.jar;C:\Users\varsh\.m2\repository\io\cucumber\cucumber-gherkin\6.11.0\cucumber-gherkin-6.11.0.jar;C:\Users\varsh\.m2\repository\io\cucumber\cucumber-gherkin-messages\6.11.0\cucumber-gherkin-messages-6.11.0.jar;C:\Users\varsh\.m2\repository\io\cucumber\messages\15.0.0\messages-15.0.0.jar;C:\Users\varsh\.m2\repository\io\cucumber\tag-expressions\3.0.1\tag-expressions-3.0.1.jar;C:\Users\varsh\.m2\repository\io\cucumber\cucumber-expressions\10.3.0\cucumber-expressions-10.3.0.jar;C:\Users\varsh\.m2\repository\io\cucumber\datatable\3.5.0\datatable-3.5.0.jar;C:\Users\varsh\.m2\repository\io\cucumber\cucumber-plugin\6.11.0\cucumber-plugin-6.11.0.jar;C:\Users\varsh\.m2\repository\io\cucumber\docstring\6.11.0\docstring-6.11.0.jar;C:\Users\varsh\.m2\repository\io\cucumber\html-formatter\13.0.0\html-formatter-13.0.0.jar;C:\Users\varsh\.m2\repository\io\cucumber\create-meta\4.0.0\create-meta-4.0.0.jar;C:\Users\varsh\.m2\repository\org\apiguardian\apiguardian-api\1.1.2\apiguardian-api-1.1.2.jar;C:\Users\varsh\.m2\repository\io\cucumber\cucumber-junit\6.11.0\cucumber-junit-6.11.0.jar;C:\Users\varsh\.m2\repository\junit\junit\4.13.1\junit-4.13.1.jar;C:\Users\varsh\.m2\repository\org\hamcrest\hamcrest-core\1.3\hamcrest-core-1.3.jar;C:\Users\varsh\.m2\repository\io\cucumber\cucumber-testng\6.11.0\cucumber-testng-6.11.0.jar;"/>
    <property name="sun.cpu.endian" value="little"/>
    <property name="user.home" value="C:\Users\varsh"/>
    <property name="user.language" value="en"/>
    <property name="java.specification.vendor" value="Oracle Corporation"/>
    <property name="java.home" value="C:\Program Files\Java\jdk1.8.0_261\jre"/>
    <property name="basedir" value="C:\Users\varsh\Documents\JavaTraining\Com.PageObjectModel.SFDC"/>
    <property name="file.separator" value="\"/>
    <property name="line.separator" value="&#10;"/>
    <property name="java.vm.specification.vendor" value="Oracle Corporation"/>
    <property name="java.specification.name" value="Java Platform API Specification"/>
    <property name="java.awt.graphicsenv" value="sun.awt.Win32GraphicsEnvironment"/>
    <property name="surefire.real.class.path" value="C:\Users\varsh\AppData\Local\Temp\surefire9139403688343967217\surefirebooter7867546451046145045.jar"/>
    <property name="sun.boot.class.path" value="C:\Program Files\Java\jdk1.8.0_261\jre\lib\resources.jar;C:\Program Files\Java\jdk1.8.0_261\jre\lib\rt.jar;C:\Program Files\Java\jdk1.8.0_261\jre\lib\sunrsasign.jar;C:\Program Files\Java\jdk1.8.0_261\jre\lib\jsse.jar;C:\Program Files\Java\jdk1.8.0_261\jre\lib\jce.jar;C:\Program Files\Java\jdk1.8.0_261\jre\lib\charsets.jar;C:\Program Files\Java\jdk1.8.0_261\jre\lib\jfr.jar;C:\Program Files\Java\jdk1.8.0_261\jre\classes"/>
    <property name="user.script" value=""/>
    <property name="sun.management.compiler" value="HotSpot 64-Bit Tiered Compilers"/>
    <property name="java.runtime.version" value="1.8.0_261-b12"/>
    <property name="user.name" value="varsh"/>
    <property name="path.separator" value=";"/>
    <property name="os.version" value="10.0"/>
    <property name="java.endorsed.dirs" value="C:\Program Files\Java\jdk1.8.0_261\jre\lib\endorsed"/>
    <property name="java.runtime.name" value="Java(TM) SE Runtime Environment"/>
    <property name="file.encoding" value="Cp1252"/>
    <property name="java.vm.name" value="Java HotSpot(TM) 64-Bit Server VM"/>
    <property name="localRepository" value="C:\Users\varsh\.m2\repository"/>
    <property name="java.vendor.url.bug" value="http://bugreport.sun.com/bugreport/"/>
    <property name="java.io.tmpdir" value="C:\Users\varsh\AppData\Local\Temp\"/>
    <property name="java.version" value="1.8.0_261"/>
    <property name="user.dir" value="C:\Users\varsh\Documents\JavaTraining\Com.PageObjectModel.SFDC"/>
    <property name="os.arch" value="amd64"/>
    <property name="java.vm.specification.name" value="Java Virtual Machine Specification"/>
    <property name="java.awt.printerjob" value="sun.awt.windows.WPrinterJob"/>
    <property name="sun.os.patch.level" value=""/>
    <property name="java.library.path" value="C:\Program Files\Java\jdk1.8.0_261\jre\bin;C:\WINDOWS\Sun\Java\bin;C:\WINDOWS\system32;C:\WINDOWS;C:/Program Files/Java/jre1.8.0_301/bin/server;C:/Program Files/Java/jre1.8.0_301/bin;C:/Program Files/Java/jre1.8.0_301/lib/amd64;C:\oraclexe\app\oracle\product\11.2.0\server\bin;C:\Python27\;C:\Python27\Scripts;C:\Program Files (x86)\Common Files\Oracle\Java\javapath;C:\Program Files (x86)\Intel\Intel(R) Management Engine Components\iCLS\;C:\Program Files\Intel\Intel(R) Management Engine Components\iCLS\;C:\Windows\system32;C:\Windows;C:\Windows\System32\Wbem;C:\Windows\System32\WindowsPowerShell\v1.0\;C:\Windows\System32\OpenSSH\;C:\Program Files (x86)\Intel\Intel(R) Management Engine Components\DAL;C:\Program Files\Intel\Intel(R) Management Engine Components\DAL;C:\Program Files (x86)\Intel\Intel(R) Management Engine Components\IPT;C:\Program Files\Intel\Intel(R) Management Engine Components\IPT;C:\Program Files (x86)\NVIDIA Corporation\PhysX\Common;C:\Users\varsh\AppData\Local\Microsoft\WindowsApps;C:\adb;C:\Program Files\apache-maven-3.8.5-bin\apache-maven-3.8.5\bin;C:\ProgramData\chocolatey\bin;C:\Program Files (x86)\Yarn\bin\;C:\WINDOWS\system32;C:\WINDOWS;C:\WINDOWS\System32\Wbem;C:\WINDOWS\System32\WindowsPowerShell\v1.0\;C:\WINDOWS\System32\OpenSSH\;C:\Program Files\Java\jdk1.8.0_261\bin;C:\Program Files\nodejs\node_modules\npm\bin;C:\Program Files\Git\cmd;C:\Program Files (x86)\Windows Kits\10\Windows Performance Toolkit\;C:\Program Files\dotnet\;C:\Android;C:\Program Files\Java\jdk1.8.0_261\bin;C:\Program Files (x86)\nodejs\;C:\Users\varsh\AppData\Local\Android\Sdk\tools;% ANDROID_HOME%\tools\bin;C:\Users\varsh\AppData\Local\Android\Sdk\platform-tools;C:\Program Files\MySQL\MySQL Shell 8.0\bin\;C:\Users\varsh\AppData\Local\Microsoft\WindowsApps;C:\Users\varsh\AppData\Local\Yarn\bin;C:\Users\varsh\AppData\Local\Programs\Microsoft VS Code\bin;C:\Users\varsh\AppData\Local\GitHubDesktop\bin;C:\Users\varsh\AppData\Local\Microsoft\WindowsApps;C:\Users\varsh\.dotnet\tools;C:\Users\varsh\AppData\Roaming\npm;C:\Users\varsh\Documents\Work\eclipse-java-2019-06-R-win32-x86_64\eclipse;;."/>
    <property name="java.vm.info" value="mixed mode"/>
    <property name="java.vendor" value="Oracle Corporation"/>
    <property name="java.vm.version" value="25.261-b12"/>
    <property name="java.ext.dirs" value="C:\Program Files\Java\jdk1.8.0_261\jre\lib\ext;C:\WINDOWS\Sun\Java\lib\ext"/>
    <property name="sun.io.unicode.encoding" value="UnicodeLittle"/>
    <property name="java.class.version" value="52.0"/>
  </properties>
  <testcase name="userTest01" classname="com.sfdc.testCases.TC_UserMenuTest_002" time="6.599">
    <system-out><![CDATA[[TestNGContentHandler] [WARN] It is strongly recommended to add "<!DOCTYPE suite SYSTEM "http://testng.org/testng-1.0.dtd" >" at the top of your file, otherwise TestNG may fail or not work as expected.
 INFO [main] (TC_LoginTest_001.java :150)- url opened
 INFO [main] (TC_LoginTest_001.java :153)- Username entered
 INFO [main] (TC_LoginTest_001.java :155)- entered Password
 INFO [main] (TC_LoginTest_001.java :157)- Remember me checked
 INFO [main] (TC_LoginTest_001.java :159)- clicked on login
 INFO [main] (TC_UserMenuTest_002.java :35)- clicked on user menu button
My Profile
My Settings
Developer Console
Switch to Lightning Experience
Logout
 INFO [main] (TC_UserMenuTest_002.java :37)- got menu items
]]></system-out>
    <system-err><![CDATA[Starting ChromeDriver 102.0.5005.61 (0e59bcc00cc4985ce39ad31c150065f159d95ad3-refs/branch-heads/5005@{#819}) on port 9871
Only local connections are allowed.
Please see https://chromedriver.chromium.org/security-considerations for suggestions on keeping ChromeDriver safe.
ChromeDriver was started successfully.
Jul 10, 2022 5:36:54 PM org.openqa.selenium.remote.ProtocolHandshake createSession
INFO: Detected dialect: W3C
]]></system-err>
  </testcase>
  <testcase name="userTest02" classname="com.sfdc.testCases.TC_UserMenuTest_002" time="0">
    <skipped message="invalid argument&#10;  (Session info: chrome=102.0.5005.115)&#10;Build info: version: &apos;3.141.59&apos;, revision: &apos;e82be7d358&apos;, time: &apos;2018-11-14T08:17:03&apos;&#10;System info: host: &apos;VARSHA&apos;, ip: &apos;192.168.1.30&apos;, os.name: &apos;Windows 10&apos;, os.arch: &apos;amd64&apos;, os.version: &apos;10.0&apos;, java.version: &apos;1.8.0_261&apos;&#10;Driver info: org.openqa.selenium.chrome.ChromeDriver&#10;Capabilities {acceptInsecureCerts: false, browserName: chrome, browserVersion: 102.0.5005.115, chrome: {chromedriverVersion: 102.0.5005.61 (0e59bcc00cc4..., userDataDir: C:\Users\varsh\AppData\Loca...}, goog:chromeOptions: {debuggerAddress: localhost:64325}, javascriptEnabled: true, networkConnectionEnabled: false, pageLoadStrategy: normal, platform: WINDOWS, platformName: WINDOWS, proxy: Proxy(), setWindowRect: true, strictFileInteractability: false, timeouts: {implicit: 0, pageLoad: 300000, script: 30000}, unhandledPromptBehavior: dismiss and notify, webauthn:extension:credBlob: true, webauthn:extension:largeBlob: true, webauthn:virtualAuthenticators: true}&#10;Session ID: 2de0af1ddb3b252a34dfaf02de4f363f"/>
    <system-out><![CDATA[ INFO [main] (BaseClass.java :111)- time taken for test 10764
 INFO [main] (TC_LoginTest_001.java :150)- url opened
 INFO [main] (TC_LoginTest_001.java :153)- Username entered
 INFO [main] (TC_LoginTest_001.java :155)- entered Password
 INFO [main] (TC_LoginTest_001.java :157)- Remember me checked
 INFO [main] (TC_LoginTest_001.java :159)- clicked on login
 INFO [main] (TC_UserMenuTest_002.java :47)- clicked on user menu button
 INFO [main] (TC_UserMenuTest_002.java :49)- waits for my profile
 INFO [main] (TC_UserMenuTest_002.java :51)- pass my profile to a webelement variable
 INFO [main] (TC_UserMenuTest_002.java :52)- cicked on myprofile
 INFO [main] (TC_UserMenuTest_002.java :54)- waiting for edit icon
 INFO [main] (TC_UserMenuTest_002.java :57)- clicked on edit icon
 INFO [main] (TC_UserMenuTest_002.java :60)- clicked on about tab
 INFO [main] (TC_UserMenuTest_002.java :62)- last name changed
 INFO [main] (TC_UserMenuTest_002.java :64)- saved last name
Varsha lastn 
 INFO [main] (TC_UserMenuTest_002.java :70)- pass
 INFO [main] (TC_UserMenuTest_002.java :76)- clicked on post
 INFO [main] (TC_UserMenuTest_002.java :78)- text entered to post
 INFO [main] (TC_UserMenuTest_002.java :80)- pass post shared.
 INFO [main] (TC_UserMenuTest_002.java :83)- clicked on file
 INFO [main] (TC_UserMenuTest_002.java :86)- clicked on upload from computer
 INFO [main] (TC_UserMenuTest_002.java :89)- File uploaded and saved 
 INFO [main] (TC_UserMenuTest_002.java :91)- clicked on photo upload 
]]></system-out>
    <system-err><![CDATA[Starting ChromeDriver 102.0.5005.61 (0e59bcc00cc4985ce39ad31c150065f159d95ad3-refs/branch-heads/5005@{#819}) on port 31660
Only local connections are allowed.
Please see https://chromedriver.chromium.org/security-considerations for suggestions on keeping ChromeDriver safe.
ChromeDriver was started successfully.
Jul 10, 2022 5:37:06 PM org.openqa.selenium.remote.ProtocolHandshake createSession
INFO: Detected dialect: W3C
]]></system-err>
  </testcase>
  <testcase name="userTest02" classname="com.sfdc.testCases.TC_UserMenuTest_002" time="0">
    <skipped message="invalid argument&#10;  (Session info: chrome=102.0.5005.115)&#10;Build info: version: &apos;3.141.59&apos;, revision: &apos;e82be7d358&apos;, time: &apos;2018-11-14T08:17:03&apos;&#10;System info: host: &apos;VARSHA&apos;, ip: &apos;192.168.1.30&apos;, os.name: &apos;Windows 10&apos;, os.arch: &apos;amd64&apos;, os.version: &apos;10.0&apos;, java.version: &apos;1.8.0_261&apos;&#10;Driver info: org.openqa.selenium.chrome.ChromeDriver&#10;Capabilities {acceptInsecureCerts: false, browserName: chrome, browserVersion: 102.0.5005.115, chrome: {chromedriverVersion: 102.0.5005.61 (0e59bcc00cc4..., userDataDir: C:\Users\varsh\AppData\Loca...}, goog:chromeOptions: {debuggerAddress: localhost:64408}, javascriptEnabled: true, networkConnectionEnabled: false, pageLoadStrategy: normal, platform: WINDOWS, platformName: WINDOWS, proxy: Proxy(), setWindowRect: true, strictFileInteractability: false, timeouts: {implicit: 0, pageLoad: 300000, script: 30000}, unhandledPromptBehavior: dismiss and notify, webauthn:extension:credBlob: true, webauthn:extension:largeBlob: true, webauthn:virtualAuthenticators: true}&#10;Session ID: 7579bdaafeb0865b39aa0ab665550d42"/>
    <system-out><![CDATA[ INFO [main] (BaseClass.java :111)- time taken for test 42157
 INFO [main] (TC_LoginTest_001.java :150)- url opened
 INFO [main] (TC_LoginTest_001.java :153)- Username entered
 INFO [main] (TC_LoginTest_001.java :155)- entered Password
 INFO [main] (TC_LoginTest_001.java :157)- Remember me checked
 INFO [main] (TC_LoginTest_001.java :159)- clicked on login
 INFO [main] (TC_UserMenuTest_002.java :47)- clicked on user menu button
 INFO [main] (TC_UserMenuTest_002.java :49)- waits for my profile
 INFO [main] (TC_UserMenuTest_002.java :51)- pass my profile to a webelement variable
 INFO [main] (TC_UserMenuTest_002.java :52)- cicked on myprofile
 INFO [main] (TC_UserMenuTest_002.java :54)- waiting for edit icon
 INFO [main] (TC_UserMenuTest_002.java :57)- clicked on edit icon
 INFO [main] (TC_UserMenuTest_002.java :60)- clicked on about tab
 INFO [main] (TC_UserMenuTest_002.java :62)- last name changed
 INFO [main] (TC_UserMenuTest_002.java :64)- saved last name
Varsha lastn 
 INFO [main] (TC_UserMenuTest_002.java :70)- pass
 INFO [main] (TC_UserMenuTest_002.java :76)- clicked on post
 INFO [main] (TC_UserMenuTest_002.java :78)- text entered to post
 INFO [main] (TC_UserMenuTest_002.java :80)- pass post shared.
 INFO [main] (TC_UserMenuTest_002.java :83)- clicked on file
 INFO [main] (TC_UserMenuTest_002.java :86)- clicked on upload from computer
 INFO [main] (TC_UserMenuTest_002.java :89)- File uploaded and saved 
 INFO [main] (TC_UserMenuTest_002.java :91)- clicked on photo upload 
]]></system-out>
    <system-err><![CDATA[Starting ChromeDriver 102.0.5005.61 (0e59bcc00cc4985ce39ad31c150065f159d95ad3-refs/branch-heads/5005@{#819}) on port 45467
Only local connections are allowed.
Please see https://chromedriver.chromium.org/security-considerations for suggestions on keeping ChromeDriver safe.
ChromeDriver was started successfully.
Jul 10, 2022 5:37:50 PM org.openqa.selenium.remote.ProtocolHandshake createSession
INFO: Detected dialect: W3C
]]></system-err>
  </testcase>
  <testcase name="userTest02" classname="com.sfdc.testCases.TC_UserMenuTest_002" time="0">
    <skipped message="element click intercepted: Element &lt;a href=&quot;javascript:void(0);&quot; onblur=&quot;SfdcApp.ChatterProfilePhotoSection.showHideBadgeAndPhotoLinks(false)&quot; id=&quot;uploadLink&quot; onfocus=&quot;SfdcApp.ChatterProfilePhotoSection.showHideBadgeAndPhotoLinks(true)&quot; data-uidsfdc=&quot;134&quot;&gt;...&lt;/a&gt; is not clickable at point (120, 355). Other element would receive the click: &lt;div class=&quot;overlayBackground&quot; style=&quot;width: 1920px; height: 2881px; display: block;&quot;&gt;&lt;/div&gt;&#10;  (Session info: chrome=102.0.5005.115)&#10;Build info: version: &apos;3.141.59&apos;, revision: &apos;e82be7d358&apos;, time: &apos;2018-11-14T08:17:03&apos;&#10;System info: host: &apos;VARSHA&apos;, ip: &apos;192.168.1.30&apos;, os.name: &apos;Windows 10&apos;, os.arch: &apos;amd64&apos;, os.version: &apos;10.0&apos;, java.version: &apos;1.8.0_261&apos;&#10;Driver info: org.openqa.selenium.chrome.ChromeDriver&#10;Capabilities {acceptInsecureCerts: false, browserName: chrome, browserVersion: 102.0.5005.115, chrome: {chromedriverVersion: 102.0.5005.61 (0e59bcc00cc4..., userDataDir: C:\Users\varsh\AppData\Loca...}, goog:chromeOptions: {debuggerAddress: localhost:64498}, javascriptEnabled: true, networkConnectionEnabled: false, pageLoadStrategy: normal, platform: WINDOWS, platformName: WINDOWS, proxy: Proxy(), setWindowRect: true, strictFileInteractability: false, timeouts: {implicit: 0, pageLoad: 300000, script: 30000}, unhandledPromptBehavior: dismiss and notify, webauthn:extension:credBlob: true, webauthn:extension:largeBlob: true, webauthn:virtualAuthenticators: true}&#10;Session ID: e686c5d4aa8a9b7a256c255bc13374ae"/>
    <system-out><![CDATA[ INFO [main] (BaseClass.java :111)- time taken for test 40605
 INFO [main] (TC_LoginTest_001.java :150)- url opened
 INFO [main] (TC_LoginTest_001.java :153)- Username entered
 INFO [main] (TC_LoginTest_001.java :155)- entered Password
 INFO [main] (TC_LoginTest_001.java :157)- Remember me checked
 INFO [main] (TC_LoginTest_001.java :159)- clicked on login
 INFO [main] (TC_UserMenuTest_002.java :47)- clicked on user menu button
 INFO [main] (TC_UserMenuTest_002.java :49)- waits for my profile
 INFO [main] (TC_UserMenuTest_002.java :51)- pass my profile to a webelement variable
 INFO [main] (TC_UserMenuTest_002.java :52)- cicked on myprofile
 INFO [main] (TC_UserMenuTest_002.java :54)- waiting for edit icon
 INFO [main] (TC_UserMenuTest_002.java :57)- clicked on edit icon
 INFO [main] (TC_UserMenuTest_002.java :60)- clicked on about tab
 INFO [main] (TC_UserMenuTest_002.java :62)- last name changed
 INFO [main] (TC_UserMenuTest_002.java :64)- saved last name
Varsha lastn 
 INFO [main] (TC_UserMenuTest_002.java :70)- pass
 INFO [main] (TC_UserMenuTest_002.java :76)- clicked on post
 INFO [main] (TC_UserMenuTest_002.java :78)- text entered to post
 INFO [main] (TC_UserMenuTest_002.java :80)- pass post shared.
 INFO [main] (TC_UserMenuTest_002.java :83)- clicked on file
 INFO [main] (TC_UserMenuTest_002.java :86)- clicked on upload from computer
 INFO [main] (TC_UserMenuTest_002.java :89)- File uploaded and saved 
]]></system-out>
    <system-err><![CDATA[Starting ChromeDriver 102.0.5005.61 (0e59bcc00cc4985ce39ad31c150065f159d95ad3-refs/branch-heads/5005@{#819}) on port 15576
Only local connections are allowed.
Please see https://chromedriver.chromium.org/security-considerations for suggestions on keeping ChromeDriver safe.
ChromeDriver was started successfully.
Jul 10, 2022 5:38:32 PM org.openqa.selenium.remote.ProtocolHandshake createSession
INFO: Detected dialect: W3C
]]></system-err>
  </testcase>
  <testcase name="userTest02" classname="com.sfdc.testCases.TC_UserMenuTest_002" time="33.724">
    <failure message="element click intercepted: Element &lt;a href=&quot;javascript:void(0);&quot; onblur=&quot;SfdcApp.ChatterProfilePhotoSection.showHideBadgeAndPhotoLinks(false)&quot; id=&quot;uploadLink&quot; onfocus=&quot;SfdcApp.ChatterProfilePhotoSection.showHideBadgeAndPhotoLinks(true)&quot; data-uidsfdc=&quot;134&quot;&gt;...&lt;/a&gt; is not clickable at point (120, 355). Other element would receive the click: &lt;div class=&quot;overlayBackground&quot; style=&quot;width: 1920px; height: 2881px; display: block;&quot;&gt;&lt;/div&gt;&#10;  (Session info: chrome=102.0.5005.115)&#10;Build info: version: &apos;3.141.59&apos;, revision: &apos;e82be7d358&apos;, time: &apos;2018-11-14T08:17:03&apos;&#10;System info: host: &apos;VARSHA&apos;, ip: &apos;192.168.1.30&apos;, os.name: &apos;Windows 10&apos;, os.arch: &apos;amd64&apos;, os.version: &apos;10.0&apos;, java.version: &apos;1.8.0_261&apos;&#10;Driver info: org.openqa.selenium.chrome.ChromeDriver&#10;Capabilities {acceptInsecureCerts: false, browserName: chrome, browserVersion: 102.0.5005.115, chrome: {chromedriverVersion: 102.0.5005.61 (0e59bcc00cc4..., userDataDir: C:\Users\varsh\AppData\Loca...}, goog:chromeOptions: {debuggerAddress: localhost:64575}, javascriptEnabled: true, networkConnectionEnabled: false, pageLoadStrategy: normal, platform: WINDOWS, platformName: WINDOWS, proxy: Proxy(), setWindowRect: true, strictFileInteractability: false, timeouts: {implicit: 0, pageLoad: 300000, script: 30000}, unhandledPromptBehavior: dismiss and notify, webauthn:extension:credBlob: true, webauthn:extension:largeBlob: true, webauthn:virtualAuthenticators: true}&#10;Session ID: 52a01eb66a3656234c203d7eb9ccd141" type="org.openqa.selenium.ElementClickInterceptedException"><![CDATA[org.openqa.selenium.ElementClickInterceptedException: 
element click intercepted: Element <a href="javascript:void(0);" onblur="SfdcApp.ChatterProfilePhotoSection.showHideBadgeAndPhotoLinks(false)" id="uploadLink" onfocus="SfdcApp.ChatterProfilePhotoSection.showHideBadgeAndPhotoLinks(true)" data-uidsfdc="134">...</a> is not clickable at point (120, 355). Other element would receive the click: <div class="overlayBackground" style="width: 1920px; height: 2881px; display: block;"></div>
  (Session info: chrome=102.0.5005.115)
Build info: version: '3.141.59', revision: 'e82be7d358', time: '2018-11-14T08:17:03'
System info: host: 'VARSHA', ip: '192.168.1.30', os.name: 'Windows 10', os.arch: 'amd64', os.version: '10.0', java.version: '1.8.0_261'
Driver info: org.openqa.selenium.chrome.ChromeDriver
Capabilities {acceptInsecureCerts: false, browserName: chrome, browserVersion: 102.0.5005.115, chrome: {chromedriverVersion: 102.0.5005.61 (0e59bcc00cc4..., userDataDir: C:\Users\varsh\AppData\Loca...}, goog:chromeOptions: {debuggerAddress: localhost:64575}, javascriptEnabled: true, networkConnectionEnabled: false, pageLoadStrategy: normal, platform: WINDOWS, platformName: WINDOWS, proxy: Proxy(), setWindowRect: true, strictFileInteractability: false, timeouts: {implicit: 0, pageLoad: 300000, script: 30000}, unhandledPromptBehavior: dismiss and notify, webauthn:extension:credBlob: true, webauthn:extension:largeBlob: true, webauthn:virtualAuthenticators: true}
Session ID: 52a01eb66a3656234c203d7eb9ccd141
	at com.sfdc.testCases.TC_UserMenuTest_002.userTest02(TC_UserMenuTest_002.java:90)
]]></failure>
    <system-out><![CDATA[ INFO [main] (BaseClass.java :111)- time taken for test 32037
 INFO [main] (TC_LoginTest_001.java :150)- url opened
 INFO [main] (TC_LoginTest_001.java :153)- Username entered
 INFO [main] (TC_LoginTest_001.java :155)- entered Password
 INFO [main] (TC_LoginTest_001.java :157)- Remember me checked
 INFO [main] (TC_LoginTest_001.java :159)- clicked on login
 INFO [main] (TC_UserMenuTest_002.java :47)- clicked on user menu button
 INFO [main] (TC_UserMenuTest_002.java :49)- waits for my profile
 INFO [main] (TC_UserMenuTest_002.java :51)- pass my profile to a webelement variable
 INFO [main] (TC_UserMenuTest_002.java :52)- cicked on myprofile
 INFO [main] (TC_UserMenuTest_002.java :54)- waiting for edit icon
 INFO [main] (TC_UserMenuTest_002.java :57)- clicked on edit icon
 INFO [main] (TC_UserMenuTest_002.java :60)- clicked on about tab
 INFO [main] (TC_UserMenuTest_002.java :62)- last name changed
 INFO [main] (TC_UserMenuTest_002.java :64)- saved last name
Varsha lastn 
 INFO [main] (TC_UserMenuTest_002.java :70)- pass
 INFO [main] (TC_UserMenuTest_002.java :76)- clicked on post
 INFO [main] (TC_UserMenuTest_002.java :78)- text entered to post
 INFO [main] (TC_UserMenuTest_002.java :80)- pass post shared.
 INFO [main] (TC_UserMenuTest_002.java :83)- clicked on file
 INFO [main] (TC_UserMenuTest_002.java :86)- clicked on upload from computer
 INFO [main] (TC_UserMenuTest_002.java :89)- File uploaded and saved 
]]></system-out>
    <system-err><![CDATA[Starting ChromeDriver 102.0.5005.61 (0e59bcc00cc4985ce39ad31c150065f159d95ad3-refs/branch-heads/5005@{#819}) on port 14810
Only local connections are allowed.
Please see https://chromedriver.chromium.org/security-considerations for suggestions on keeping ChromeDriver safe.
ChromeDriver was started successfully.
Jul 10, 2022 5:39:05 PM org.openqa.selenium.remote.ProtocolHandshake createSession
INFO: Detected dialect: W3C
]]></system-err>
  </testcase>
  <testcase name="userTest03" classname="com.sfdc.testCases.TC_UserMenuTest_002" time="0">
    <skipped message="no such element: Unable to locate element: {&quot;method&quot;:&quot;xpath&quot;,&quot;selector&quot;:&quot;//input[@name=&apos;dismiss_all&apos;]&quot;}&#10;  (Session info: chrome=102.0.5005.115)&#10;For documentation on this error, please visit: https://www.seleniumhq.org/exceptions/no_such_element.html&#10;Build info: version: &apos;3.141.59&apos;, revision: &apos;e82be7d358&apos;, time: &apos;2018-11-14T08:17:03&apos;&#10;System info: host: &apos;VARSHA&apos;, ip: &apos;192.168.1.30&apos;, os.name: &apos;Windows 10&apos;, os.arch: &apos;amd64&apos;, os.version: &apos;10.0&apos;, java.version: &apos;1.8.0_261&apos;&#10;Driver info: org.openqa.selenium.chrome.ChromeDriver&#10;Capabilities {acceptInsecureCerts: false, browserName: chrome, browserVersion: 102.0.5005.115, chrome: {chromedriverVersion: 102.0.5005.61 (0e59bcc00cc4..., userDataDir: C:\Users\varsh\AppData\Loca...}, goog:chromeOptions: {debuggerAddress: localhost:64649}, javascriptEnabled: true, networkConnectionEnabled: false, pageLoadStrategy: normal, platform: WINDOWS, platformName: WINDOWS, proxy: Proxy(), setWindowRect: true, strictFileInteractability: false, timeouts: {implicit: 0, pageLoad: 300000, script: 30000}, unhandledPromptBehavior: dismiss and notify, webauthn:extension:credBlob: true, webauthn:extension:largeBlob: true, webauthn:virtualAuthenticators: true}&#10;Session ID: 61c8eee576e45aa9eb6e507e82c57a46&#10;*** Element info: {Using=xpath, value=//input[@name=&apos;dismiss_all&apos;]}"/>
    <system-out><![CDATA[ INFO [main] (BaseClass.java :111)- time taken for test 37872
 INFO [main] (TC_LoginTest_001.java :150)- url opened
 INFO [main] (TC_LoginTest_001.java :153)- Username entered
 INFO [main] (TC_LoginTest_001.java :155)- entered Password
 INFO [main] (TC_LoginTest_001.java :157)- Remember me checked
 INFO [main] (TC_LoginTest_001.java :159)- clicked on login
 INFO [main] (TC_UserMenuTest_002.java :103)- clicked on user menu button
 INFO [main] (TC_UserMenuTest_002.java :105)- waits for my Settings
 INFO [main] (TC_UserMenuTest_002.java :107)- clicked on my settings
 INFO [main] (TC_UserMenuTest_002.java :110)- selected personal
 INFO [main] (TC_UserMenuTest_002.java :112)- clicked on login history
 INFO [main] (TC_UserMenuTest_002.java :115)- clicked on Display n layout
 INFO [main] (TC_UserMenuTest_002.java :117)- clicked on Customise My tabs
 INFO [main] (TC_UserMenuTest_002.java :120)- clicked on SalesForce Chatter
 INFO [main] (TC_UserMenuTest_002.java :142)- email setting has been clicked
 INFO [main] (TC_UserMenuTest_002.java :144)- my email settings
 INFO [main] (TC_UserMenuTest_002.java :149)- entered email name and email address
https://tekarchcom8-dev-ed.my.salesforce.com/ui/core/activity/ReminderSettingsPage?setupid=Reminders&retURL=%2Fui%2Fsetup%2FSetup%3Fsetupid%3DCalendarAndReminders
CDwindow-663BFE0FF1825134A619D94F2770FF86
https://tekarchcom8-dev-ed.my.salesforce.com/ui/core/activity/ReminderSettingsPage?setupid=Reminders&retURL=%2Fui%2Fsetup%2FSetup%3Fsetupid%3DCalendarAndReminders
https://tekarchcom8-dev-ed.my.salesforce.com/ui/core/activity/ReminderSettingsPage?setupid=Reminders&retURL=%2Fui%2Fsetup%2FSetup%3Fsetupid%3DCalendarAndReminders
]]></system-out>
    <system-err><![CDATA[Starting ChromeDriver 102.0.5005.61 (0e59bcc00cc4985ce39ad31c150065f159d95ad3-refs/branch-heads/5005@{#819}) on port 21054
Only local connections are allowed.
Please see https://chromedriver.chromium.org/security-considerations for suggestions on keeping ChromeDriver safe.
ChromeDriver was started successfully.
Jul 10, 2022 5:39:44 PM org.openqa.selenium.remote.ProtocolHandshake createSession
INFO: Detected dialect: W3C
]]></system-err>
  </testcase>
  <testcase name="userTest03" classname="com.sfdc.testCases.TC_UserMenuTest_002" time="0">
    <skipped message="no such element: Unable to locate element: {&quot;method&quot;:&quot;xpath&quot;,&quot;selector&quot;:&quot;//input[@name=&apos;dismiss_all&apos;]&quot;}&#10;  (Session info: chrome=102.0.5005.115)&#10;For documentation on this error, please visit: https://www.seleniumhq.org/exceptions/no_such_element.html&#10;Build info: version: &apos;3.141.59&apos;, revision: &apos;e82be7d358&apos;, time: &apos;2018-11-14T08:17:03&apos;&#10;System info: host: &apos;VARSHA&apos;, ip: &apos;192.168.1.30&apos;, os.name: &apos;Windows 10&apos;, os.arch: &apos;amd64&apos;, os.version: &apos;10.0&apos;, java.version: &apos;1.8.0_261&apos;&#10;Driver info: org.openqa.selenium.chrome.ChromeDriver&#10;Capabilities {acceptInsecureCerts: false, browserName: chrome, browserVersion: 102.0.5005.115, chrome: {chromedriverVersion: 102.0.5005.61 (0e59bcc00cc4..., userDataDir: C:\Users\varsh\AppData\Loca...}, goog:chromeOptions: {debuggerAddress: localhost:64710}, javascriptEnabled: true, networkConnectionEnabled: false, pageLoadStrategy: normal, platform: WINDOWS, platformName: WINDOWS, proxy: Proxy(), setWindowRect: true, strictFileInteractability: false, timeouts: {implicit: 0, pageLoad: 300000, script: 30000}, unhandledPromptBehavior: dismiss and notify, webauthn:extension:credBlob: true, webauthn:extension:largeBlob: true, webauthn:virtualAuthenticators: true}&#10;Session ID: cbc0b0b0a848d1568782611a5dcc394c&#10;*** Element info: {Using=xpath, value=//input[@name=&apos;dismiss_all&apos;]}"/>
    <system-out><![CDATA[ INFO [main] (BaseClass.java :111)- time taken for test 19672
 INFO [main] (TC_LoginTest_001.java :150)- url opened
 INFO [main] (TC_LoginTest_001.java :153)- Username entered
 INFO [main] (TC_LoginTest_001.java :155)- entered Password
 INFO [main] (TC_LoginTest_001.java :157)- Remember me checked
 INFO [main] (TC_LoginTest_001.java :159)- clicked on login
 INFO [main] (TC_UserMenuTest_002.java :103)- clicked on user menu button
 INFO [main] (TC_UserMenuTest_002.java :105)- waits for my Settings
 INFO [main] (TC_UserMenuTest_002.java :107)- clicked on my settings
 INFO [main] (TC_UserMenuTest_002.java :110)- selected personal
 INFO [main] (TC_UserMenuTest_002.java :112)- clicked on login history
 INFO [main] (TC_UserMenuTest_002.java :115)- clicked on Display n layout
 INFO [main] (TC_UserMenuTest_002.java :117)- clicked on Customise My tabs
 INFO [main] (TC_UserMenuTest_002.java :120)- clicked on SalesForce Chatter
 INFO [main] (TC_UserMenuTest_002.java :142)- email setting has been clicked
 INFO [main] (TC_UserMenuTest_002.java :144)- my email settings
 INFO [main] (TC_UserMenuTest_002.java :149)- entered email name and email address
https://tekarchcom8-dev-ed.my.salesforce.com/ui/core/activity/ReminderSettingsPage?setupid=Reminders&retURL=%2Fui%2Fsetup%2FSetup%3Fsetupid%3DCalendarAndReminders
CDwindow-ACAD3959CFF72154F38CBE050D8BA9AD
https://tekarchcom8-dev-ed.my.salesforce.com/ui/core/activity/ReminderSettingsPage?setupid=Reminders&retURL=%2Fui%2Fsetup%2FSetup%3Fsetupid%3DCalendarAndReminders
https://tekarchcom8-dev-ed.my.salesforce.com/ui/core/activity/ReminderSettingsPage?setupid=Reminders&retURL=%2Fui%2Fsetup%2FSetup%3Fsetupid%3DCalendarAndReminders
]]></system-out>
    <system-err><![CDATA[Starting ChromeDriver 102.0.5005.61 (0e59bcc00cc4985ce39ad31c150065f159d95ad3-refs/branch-heads/5005@{#819}) on port 32192
Only local connections are allowed.
Please see https://chromedriver.chromium.org/security-considerations for suggestions on keeping ChromeDriver safe.
ChromeDriver was started successfully.
Jul 10, 2022 5:40:06 PM org.openqa.selenium.remote.ProtocolHandshake createSession
INFO: Detected dialect: W3C
]]></system-err>
  </testcase>
  <testcase name="userTest03" classname="com.sfdc.testCases.TC_UserMenuTest_002" time="0">
    <skipped message="no such element: Unable to locate element: {&quot;method&quot;:&quot;xpath&quot;,&quot;selector&quot;:&quot;//input[@name=&apos;dismiss_all&apos;]&quot;}&#10;  (Session info: chrome=102.0.5005.115)&#10;For documentation on this error, please visit: https://www.seleniumhq.org/exceptions/no_such_element.html&#10;Build info: version: &apos;3.141.59&apos;, revision: &apos;e82be7d358&apos;, time: &apos;2018-11-14T08:17:03&apos;&#10;System info: host: &apos;VARSHA&apos;, ip: &apos;192.168.1.30&apos;, os.name: &apos;Windows 10&apos;, os.arch: &apos;amd64&apos;, os.version: &apos;10.0&apos;, java.version: &apos;1.8.0_261&apos;&#10;Driver info: org.openqa.selenium.chrome.ChromeDriver&#10;Capabilities {acceptInsecureCerts: false, browserName: chrome, browserVersion: 102.0.5005.115, chrome: {chromedriverVersion: 102.0.5005.61 (0e59bcc00cc4..., userDataDir: C:\Users\varsh\AppData\Loca...}, goog:chromeOptions: {debuggerAddress: localhost:64772}, javascriptEnabled: true, networkConnectionEnabled: false, pageLoadStrategy: normal, platform: WINDOWS, platformName: WINDOWS, proxy: Proxy(), setWindowRect: true, strictFileInteractability: false, timeouts: {implicit: 0, pageLoad: 300000, script: 30000}, unhandledPromptBehavior: dismiss and notify, webauthn:extension:credBlob: true, webauthn:extension:largeBlob: true, webauthn:virtualAuthenticators: true}&#10;Session ID: 66d6c7c6ad7f7c04f6f608b466d6e867&#10;*** Element info: {Using=xpath, value=//input[@name=&apos;dismiss_all&apos;]}"/>
    <system-out><![CDATA[ INFO [main] (BaseClass.java :111)- time taken for test 19319
 INFO [main] (TC_LoginTest_001.java :150)- url opened
 INFO [main] (TC_LoginTest_001.java :153)- Username entered
 INFO [main] (TC_LoginTest_001.java :155)- entered Password
 INFO [main] (TC_LoginTest_001.java :157)- Remember me checked
 INFO [main] (TC_LoginTest_001.java :159)- clicked on login
 INFO [main] (TC_UserMenuTest_002.java :103)- clicked on user menu button
 INFO [main] (TC_UserMenuTest_002.java :105)- waits for my Settings
 INFO [main] (TC_UserMenuTest_002.java :107)- clicked on my settings
 INFO [main] (TC_UserMenuTest_002.java :110)- selected personal
 INFO [main] (TC_UserMenuTest_002.java :112)- clicked on login history
 INFO [main] (TC_UserMenuTest_002.java :115)- clicked on Display n layout
 INFO [main] (TC_UserMenuTest_002.java :117)- clicked on Customise My tabs
 INFO [main] (TC_UserMenuTest_002.java :120)- clicked on SalesForce Chatter
 INFO [main] (TC_UserMenuTest_002.java :142)- email setting has been clicked
 INFO [main] (TC_UserMenuTest_002.java :144)- my email settings
 INFO [main] (TC_UserMenuTest_002.java :149)- entered email name and email address
https://tekarchcom8-dev-ed.my.salesforce.com/ui/core/activity/ReminderSettingsPage?setupid=Reminders&retURL=%2Fui%2Fsetup%2FSetup%3Fsetupid%3DCalendarAndReminders
CDwindow-97D3D50B6935AEB27C508D7A96F2EFE4
https://tekarchcom8-dev-ed.my.salesforce.com/ui/core/activity/ReminderSettingsPage?setupid=Reminders&retURL=%2Fui%2Fsetup%2FSetup%3Fsetupid%3DCalendarAndReminders
https://tekarchcom8-dev-ed.my.salesforce.com/ui/core/activity/ReminderSettingsPage?setupid=Reminders&retURL=%2Fui%2Fsetup%2FSetup%3Fsetupid%3DCalendarAndReminders
]]></system-out>
    <system-err><![CDATA[Starting ChromeDriver 102.0.5005.61 (0e59bcc00cc4985ce39ad31c150065f159d95ad3-refs/branch-heads/5005@{#819}) on port 44456
Only local connections are allowed.
Please see https://chromedriver.chromium.org/security-considerations for suggestions on keeping ChromeDriver safe.
ChromeDriver was started successfully.
Jul 10, 2022 5:40:26 PM org.openqa.selenium.remote.ProtocolHandshake createSession
INFO: Detected dialect: W3C
]]></system-err>
  </testcase>
  <testcase name="userTest03" classname="com.sfdc.testCases.TC_UserMenuTest_002" time="19.349">
    <failure message="no such element: Unable to locate element: {&quot;method&quot;:&quot;xpath&quot;,&quot;selector&quot;:&quot;//input[@name=&apos;dismiss_all&apos;]&quot;}&#10;  (Session info: chrome=102.0.5005.115)&#10;For documentation on this error, please visit: https://www.seleniumhq.org/exceptions/no_such_element.html&#10;Build info: version: &apos;3.141.59&apos;, revision: &apos;e82be7d358&apos;, time: &apos;2018-11-14T08:17:03&apos;&#10;System info: host: &apos;VARSHA&apos;, ip: &apos;192.168.1.30&apos;, os.name: &apos;Windows 10&apos;, os.arch: &apos;amd64&apos;, os.version: &apos;10.0&apos;, java.version: &apos;1.8.0_261&apos;&#10;Driver info: org.openqa.selenium.chrome.ChromeDriver&#10;Capabilities {acceptInsecureCerts: false, browserName: chrome, browserVersion: 102.0.5005.115, chrome: {chromedriverVersion: 102.0.5005.61 (0e59bcc00cc4..., userDataDir: C:\Users\varsh\AppData\Loca...}, goog:chromeOptions: {debuggerAddress: localhost:64860}, javascriptEnabled: true, networkConnectionEnabled: false, pageLoadStrategy: normal, platform: WINDOWS, platformName: WINDOWS, proxy: Proxy(), setWindowRect: true, strictFileInteractability: false, timeouts: {implicit: 0, pageLoad: 300000, script: 30000}, unhandledPromptBehavior: dismiss and notify, webauthn:extension:credBlob: true, webauthn:extension:largeBlob: true, webauthn:virtualAuthenticators: true}&#10;Session ID: e1295d2325bf29fd440622c2ec39c211&#10;*** Element info: {Using=xpath, value=//input[@name=&apos;dismiss_all&apos;]}" type="org.openqa.selenium.NoSuchElementException"><![CDATA[org.openqa.selenium.NoSuchElementException: 
no such element: Unable to locate element: {"method":"xpath","selector":"//input[@name='dismiss_all']"}
  (Session info: chrome=102.0.5005.115)
For documentation on this error, please visit: https://www.seleniumhq.org/exceptions/no_such_element.html
Build info: version: '3.141.59', revision: 'e82be7d358', time: '2018-11-14T08:17:03'
System info: host: 'VARSHA', ip: '192.168.1.30', os.name: 'Windows 10', os.arch: 'amd64', os.version: '10.0', java.version: '1.8.0_261'
Driver info: org.openqa.selenium.chrome.ChromeDriver
Capabilities {acceptInsecureCerts: false, browserName: chrome, browserVersion: 102.0.5005.115, chrome: {chromedriverVersion: 102.0.5005.61 (0e59bcc00cc4..., userDataDir: C:\Users\varsh\AppData\Loca...}, goog:chromeOptions: {debuggerAddress: localhost:64860}, javascriptEnabled: true, networkConnectionEnabled: false, pageLoadStrategy: normal, platform: WINDOWS, platformName: WINDOWS, proxy: Proxy(), setWindowRect: true, strictFileInteractability: false, timeouts: {implicit: 0, pageLoad: 300000, script: 30000}, unhandledPromptBehavior: dismiss and notify, webauthn:extension:credBlob: true, webauthn:extension:largeBlob: true, webauthn:virtualAuthenticators: true}
Session ID: e1295d2325bf29fd440622c2ec39c211
*** Element info: {Using=xpath, value=//input[@name='dismiss_all']}
	at com.sfdc.testCases.TC_UserMenuTest_002.userTest03(TC_UserMenuTest_002.java:169)
]]></failure>
    <system-out><![CDATA[ INFO [main] (BaseClass.java :111)- time taken for test 19099
 INFO [main] (TC_LoginTest_001.java :150)- url opened
 INFO [main] (TC_LoginTest_001.java :153)- Username entered
 INFO [main] (TC_LoginTest_001.java :155)- entered Password
 INFO [main] (TC_LoginTest_001.java :157)- Remember me checked
 INFO [main] (TC_LoginTest_001.java :159)- clicked on login
 INFO [main] (TC_UserMenuTest_002.java :103)- clicked on user menu button
 INFO [main] (TC_UserMenuTest_002.java :105)- waits for my Settings
 INFO [main] (TC_UserMenuTest_002.java :107)- clicked on my settings
 INFO [main] (TC_UserMenuTest_002.java :110)- selected personal
 INFO [main] (TC_UserMenuTest_002.java :112)- clicked on login history
 INFO [main] (TC_UserMenuTest_002.java :115)- clicked on Display n layout
 INFO [main] (TC_UserMenuTest_002.java :117)- clicked on Customise My tabs
 INFO [main] (TC_UserMenuTest_002.java :120)- clicked on SalesForce Chatter
 INFO [main] (TC_UserMenuTest_002.java :142)- email setting has been clicked
 INFO [main] (TC_UserMenuTest_002.java :144)- my email settings
 INFO [main] (TC_UserMenuTest_002.java :149)- entered email name and email address
https://tekarchcom8-dev-ed.my.salesforce.com/ui/core/activity/ReminderSettingsPage?setupid=Reminders&retURL=%2Fui%2Fsetup%2FSetup%3Fsetupid%3DCalendarAndReminders
CDwindow-A9BFAC78F4568D88CCC918260E65E05F
https://tekarchcom8-dev-ed.my.salesforce.com/ui/core/activity/ReminderSettingsPage?setupid=Reminders&retURL=%2Fui%2Fsetup%2FSetup%3Fsetupid%3DCalendarAndReminders
https://tekarchcom8-dev-ed.my.salesforce.com/ui/core/activity/ReminderSettingsPage?setupid=Reminders&retURL=%2Fui%2Fsetup%2FSetup%3Fsetupid%3DCalendarAndReminders
]]></system-out>
    <system-err><![CDATA[Starting ChromeDriver 102.0.5005.61 (0e59bcc00cc4985ce39ad31c150065f159d95ad3-refs/branch-heads/5005@{#819}) on port 48625
Only local connections are allowed.
Please see https://chromedriver.chromium.org/security-considerations for suggestions on keeping ChromeDriver safe.
ChromeDriver was started successfully.
Jul 10, 2022 5:40:47 PM org.openqa.selenium.remote.ProtocolHandshake createSession
INFO: Detected dialect: W3C
]]></system-err>
  </testcase>
  <testcase name="userTest04" classname="com.sfdc.testCases.TC_UserMenuTest_002" time="6.932">
    <system-out><![CDATA[ INFO [main] (BaseClass.java :111)- time taken for test 19419
 INFO [main] (TC_LoginTest_001.java :150)- url opened
 INFO [main] (TC_LoginTest_001.java :153)- Username entered
 INFO [main] (TC_LoginTest_001.java :155)- entered Password
 INFO [main] (TC_LoginTest_001.java :157)- Remember me checked
 INFO [main] (TC_LoginTest_001.java :159)- clicked on login
 INFO [main] (TC_UserMenuTest_002.java :208)- clicked on user menu button
]]></system-out>
    <system-err><![CDATA[Starting ChromeDriver 102.0.5005.61 (0e59bcc00cc4985ce39ad31c150065f159d95ad3-refs/branch-heads/5005@{#819}) on port 16140
Only local connections are allowed.
Please see https://chromedriver.chromium.org/security-considerations for suggestions on keeping ChromeDriver safe.
ChromeDriver was started successfully.
Jul 10, 2022 5:41:08 PM org.openqa.selenium.remote.ProtocolHandshake createSession
INFO: Detected dialect: W3C
]]></system-err>
  </testcase>
  <testcase name="userTest05" classname="com.sfdc.testCases.TC_UserMenuTest_002" time="9.15">
    <system-out><![CDATA[ INFO [main] (BaseClass.java :111)- time taken for test 7192
 INFO [main] (TC_LoginTest_001.java :81)- url opened
 INFO [main] (TC_LoginTest_001.java :84)- Username entered
 INFO [main] (TC_LoginTest_001.java :86)- entered Password
 INFO [main] (TC_LoginTest_001.java :88)- Remember me checked
 INFO [main] (TC_LoginTest_001.java :90)- clicked on login
 INFO [main] (TC_LoginTest_001.java :93)- clicked on user menu button
 INFO [main] (TC_LoginTest_001.java :96)- clicked logout
 INFO [main] (TC_LoginTest_001.java :99)- username is available after logout
]]></system-out>
    <system-err><![CDATA[Starting ChromeDriver 102.0.5005.61 (0e59bcc00cc4985ce39ad31c150065f159d95ad3-refs/branch-heads/5005@{#819}) on port 21186
Only local connections are allowed.
Please see https://chromedriver.chromium.org/security-considerations for suggestions on keeping ChromeDriver safe.
ChromeDriver was started successfully.
Jul 10, 2022 5:41:17 PM org.openqa.selenium.remote.ProtocolHandshake createSession
INFO: Detected dialect: W3C
]]></system-err>
  </testcase>
</testsuite>