<?xml version="1.0" encoding="UTF-8"?>
<!-- Generated by org.testng.reporters.JUnitReportReporter -->
<testsuite skipped="0" hostname="VARSHA" name="Runners.runner" tests="1" failures="0" timestamp="17 Jun 2022 22:47:16 GMT" time="1.906" errors="1">
  <testcase name="runScenario" time="1.906" classname="Runners.runner">
    <error type="org.openqa.selenium.SessionNotCreatedException" message="session not created: This version of ChromeDriver only supports Chrome version 99
Current browser version is 102.0.5005.115 with binary path C:\Program Files\Google\Chrome\Application\chrome.exe
Build info: version: &#039;3.141.59&#039;, revision: &#039;e82be7d358&#039;, time: &#039;2018-11-14T08:17:03&#039;
System info: host: &#039;VARSHA&#039;, ip: &#039;192.168.1.30&#039;, os.name: &#039;Windows 10&#039;, os.arch: &#039;amd64&#039;, os.version: &#039;10.0&#039;, java.version: &#039;1.8.0_261&#039;
Driver info: driver.version: ChromeDriver
remote stacktrace: Backtrace:
	Ordinal0 [0x01239943+2595139]
	Ordinal0 [0x011CC9F1+2148849]
	Ordinal0 [0x010C4528+1066280]
	Ordinal0 [0x010E42C3+1196739]
	Ordinal0 [0x010DFE37+1179191]
	Ordinal0 [0x010DD6F1+1169137]
	Ordinal0 [0x01110530+1377584]
	Ordinal0 [0x0111018A+1376650]
	Ordinal0 [0x0110B806+1357830]
	Ordinal0 [0x010E6086+1204358]
	Ordinal0 [0x010E6F96+1208214]
	GetHandleVerifier [0x013DB232+1658114]
	GetHandleVerifier [0x0149312C+2411516]
	GetHandleVerifier [0x012CF261+560433]
	GetHandleVerifier [0x012CE366+556598]
	Ordinal0 [0x011D286B+2173035]
	Ordinal0 [0x011D75F8+2192888]
	Ordinal0 [0x011D76E5+2193125]
	Ordinal0 [0x011E11FC+2232828]
	BaseThreadInitThunk [0x75A86739+25]
	RtlGetFullPathName_UEx [0x77858FEF+1215]
	RtlGetFullPathName_UEx [0x77858FBD+1165]
">
      <![CDATA[org.openqa.selenium.SessionNotCreatedException: session not created: This version of ChromeDriver only supports Chrome version 99
Current browser version is 102.0.5005.115 with binary path C:\Program Files\Google\Chrome\Application\chrome.exe
Build info: version: '3.141.59', revision: 'e82be7d358', time: '2018-11-14T08:17:03'
System info: host: 'VARSHA', ip: '192.168.1.30', os.name: 'Windows 10', os.arch: 'amd64', os.version: '10.0', java.version: '1.8.0_261'
Driver info: driver.version: ChromeDriver
remote stacktrace: Backtrace:
Ordinal0 [0x01239943+2595139]
Ordinal0 [0x011CC9F1+2148849]
Ordinal0 [0x010C4528+1066280]
Ordinal0 [0x010E42C3+1196739]
Ordinal0 [0x010DFE37+1179191]
Ordinal0 [0x010DD6F1+1169137]
Ordinal0 [0x01110530+1377584]
Ordinal0 [0x0111018A+1376650]
Ordinal0 [0x0110B806+1357830]
Ordinal0 [0x010E6086+1204358]
Ordinal0 [0x010E6F96+1208214]
GetHandleVerifier [0x013DB232+1658114]
GetHandleVerifier [0x0149312C+2411516]
GetHandleVerifier [0x012CF261+560433]
GetHandleVerifier [0x012CE366+556598]
Ordinal0 [0x011D286B+2173035]
Ordinal0 [0x011D75F8+2192888]
Ordinal0 [0x011D76E5+2193125]
Ordinal0 [0x011E11FC+2232828]
BaseThreadInitThunk [0x75A86739+25]
RtlGetFullPathName_UEx [0x77858FEF+1215]
RtlGetFullPathName_UEx [0x77858FBD+1165]

at sun.reflect.NativeConstructorAccessorImpl.newInstance0(Native Method)
at sun.reflect.NativeConstructorAccessorImpl.newInstance(NativeConstructorAccessorImpl.java:62)
at sun.reflect.DelegatingConstructorAccessorImpl.newInstance(DelegatingConstructorAccessorImpl.java:45)
at java.lang.reflect.Constructor.newInstance(Constructor.java:423)
at org.openqa.selenium.remote.W3CHandshakeResponse.lambda$errorHandler$0(W3CHandshakeResponse.java:62)
at org.openqa.selenium.remote.HandshakeResponse.lambda$getResponseFunction$0(HandshakeResponse.java:30)
at org.openqa.selenium.remote.ProtocolHandshake.lambda$createSession$0(ProtocolHandshake.java:126)
at java.util.stream.ReferencePipeline$3$1.accept(ReferencePipeline.java:193)
at java.util.Spliterators$ArraySpliterator.tryAdvance(Spliterators.java:958)
at java.util.stream.ReferencePipeline.forEachWithCancel(ReferencePipeline.java:126)
at java.util.stream.AbstractPipeline.copyIntoWithCancel(AbstractPipeline.java:499)
at java.util.stream.AbstractPipeline.copyInto(AbstractPipeline.java:486)
at java.util.stream.AbstractPipeline.wrapAndCopyInto(AbstractPipeline.java:472)
at java.util.stream.FindOps$FindOp.evaluateSequential(FindOps.java:152)
at java.util.stream.AbstractPipeline.evaluate(AbstractPipeline.java:234)
at java.util.stream.ReferencePipeline.findFirst(ReferencePipeline.java:464)
at org.openqa.selenium.remote.ProtocolHandshake.createSession(ProtocolHandshake.java:128)
at org.openqa.selenium.remote.ProtocolHandshake.createSession(ProtocolHandshake.java:74)
at org.openqa.selenium.remote.HttpCommandExecutor.execute(HttpCommandExecutor.java:136)
at org.openqa.selenium.remote.service.DriverCommandExecutor.execute(DriverCommandExecutor.java:83)
at org.openqa.selenium.remote.RemoteWebDriver.execute(RemoteWebDriver.java:552)
at org.openqa.selenium.remote.RemoteWebDriver.startSession(RemoteWebDriver.java:213)
at org.openqa.selenium.remote.RemoteWebDriver.<init>(RemoteWebDriver.java:131)
at org.openqa.selenium.chrome.ChromeDriver.<init>(ChromeDriver.java:181)
at org.openqa.selenium.chrome.ChromeDriver.<init>(ChromeDriver.java:168)
at org.openqa.selenium.chrome.ChromeDriver.<init>(ChromeDriver.java:123)
at com.stepDefnitionFiles.Loginsteps.user_launches_the_loginpage(Loginsteps.java:45)
at âœ½.User launches the loginpage(file:///C:/Users/varsh/Documents/JavaTraining/Com.PageObjectModel.SFDC/src/test/java/com/featureFiles/login1.feature:3)
]]>
    </error>
  </testcase> <!-- runScenario -->
</testsuite> <!-- Runners.runner -->
